[INFO] Scanning for projects...
[WARNING] 
[WARNING] Some problems were encountered while building the effective model for icpc:icpc:jar:0.0.1-SNAPSHOT
[WARNING] 'dependencies.dependency.scope' for junit:junit:jar must be one of [provided, compile, runtime, test, system] but is 'false'. @ line 54, column 20
[WARNING] 
[WARNING] It is highly recommended to fix these problems because they threaten the stability of your build.
[WARNING] 
[WARNING] For this reason, future Maven versions might no longer support building such malformed projects.
[WARNING] 
[INFO]                                                                         
[INFO] ------------------------------------------------------------------------
[INFO] Building Sample Thucydides project 0.0.1-SNAPSHOT
[INFO] ------------------------------------------------------------------------
[INFO] 
[INFO] --- maven-resources-plugin:2.6:resources (default-resources) @ icpc ---
[INFO] Using 'UTF-8' encoding to copy filtered resources.
[INFO] skip non existing resourceDirectory c:\Users\oshchegula\workspace2\icpc\src\main\resources
[INFO] 
[INFO] --- maven-compiler-plugin:2.3.2:compile (default-compile) @ icpc ---
[INFO] Nothing to compile - all classes are up to date
[INFO] 
[INFO] --- maven-resources-plugin:2.6:testResources (default-testResources) @ icpc ---
[INFO] Using 'UTF-8' encoding to copy filtered resources.
[INFO] Copying 3 resources
[INFO] 
[INFO] --- maven-compiler-plugin:2.3.2:testCompile (default-testCompile) @ icpc ---
[INFO] Nothing to compile - all classes are up to date
[INFO] 
[INFO] --- maven-surefire-plugin:2.11:test (default-test) @ icpc ---
[INFO] Tests are skipped.
[INFO] 
[INFO] --- maven-jar-plugin:2.4:jar (default-jar) @ icpc ---
[INFO] Building jar: c:\Users\oshchegula\workspace2\icpc\target\icpc-0.0.1-SNAPSHOT.jar
[INFO] 
[INFO] --- maven-failsafe-plugin:2.11:integration-test (default) @ icpc ---
[INFO] Failsafe report directory: c:\Users\oshchegula\workspace2\icpc\target\failsafe-reports

-------------------------------------------------------
 T E S T S
-------------------------------------------------------
Running com.dataart.jbehave.LoginTestSuite
450 [main] INFO net.thucydides.core.util.PropertiesFileLocalPreferences - LOADING LOCAL THUCYDIDES PROPERTIES FROM c:\Users\oshchegula\workspace2\icpc\thucydides.properties 
450 [main] INFO net.thucydides.core.util.PropertiesFileLocalPreferences - thucydides.take.screenshots=FOR_FAILURES
450 [main] INFO net.thucydides.core.util.PropertiesFileLocalPreferences - LOADING LOCAL THUCYDIDES PROPERTIES FROM c:\Users\oshchegula\workspace2\icpc\thucydides.properties 
Processing system properties {}
Using controls EmbedderControls[batch=false,skip=false,generateViewAfterStories=true,ignoreFailureInStories=true,ignoreFailureInView=true,verboseFailures=false,verboseFiltering=false,storyTimeoutInSecs=300,failOnStoryTimeout=false,threads=1]

(BeforeStories)
Before storyBeforeStories

Running story com/dataart/stories/consult_dictionary/LoginTestStory.story

(com/dataart/stories/consult_dictionary/LoginTestStory.story)
Before storyLoginTestStory.story
1176 [pool-1-thread-1] INFO net.thucydides.core.Thucydides - 

-------------------------------------------------------------------------------------------------------
.___________. __    __   __    __    ______ ____    ____  _______   __   _______   _______     _______.
|           ||  |  |  | |  |  |  |  /      |\   \  /   / |       \ |  | |       \ |   ____|   /       |
`---|  |----`|  |__|  | |  |  |  | |  ,----' \   \/   /  |  .--.  ||  | |  .--.  ||  |__     |   (----`
    |  |     |   __   | |  |  |  | |  |       \_    _/   |  |  |  ||  | |  |  |  ||   __|     \   \    
    |  |     |  |  |  | |  `--'  | |  `----.    |  |     |  '--'  ||  | |  '--'  ||  |____.----)   |   
    |__|     |__|  |__|  \______/   \______|    |__|     |_______/ |__| |_______/ |_______|_______/    
                                                                                                       
-------------------------------------------------------------------------------------------------------

1180 [pool-1-thread-1] INFO net.thucydides.core.Thucydides - Test Suite Started: Login test story
Scenario: Login as valid user
1252 [pool-1-thread-1] INFO net.thucydides.core.Thucydides - 
  _____ _____ ____ _____   ____ _____  _    ____ _____ _____ ____  
 |_   _| ____/ ___|_   _| / ___|_   _|/ \  |  _ \_   _| ____|  _ \ 
   | | |  _| \___ \ | |   \___ \ | | / _ \ | |_) || | |  _| | | | |
   | | | |___ ___) || |    ___) || |/ ___ \|  _ < | | | |___| |_| |
   |_| |_____|____/ |_|   |____/ |_/_/   \_\_| \_\|_| |_____|____/ 
                                                                   

TEST STARTED: Login as valid user
--------------------------------------------------------------------
1525 [pool-1-thread-1] INFO net.thucydides.core.steps.StepInterceptor - STARTING STEP: is_on_the_login_page
Starting ChromeDriver (v2.10.267521) on port 27026
Only local connections are allowed.
log4j:WARN No appenders could be found for logger (org.apache.http.client.protocol.RequestAddCookies).
log4j:WARN Please initialize the log4j system properly.
5491 [pool-1-thread-1] INFO net.thucydides.core.steps.StepInterceptor - STEP DONE: is_on_the_login_page
Given the user is on the Login page
5505 [pool-1-thread-1] INFO net.thucydides.core.steps.StepInterceptor - STARTING STEP: enter
5789 [pool-1-thread-1] INFO net.thucydides.core.steps.StepInterceptor - STEP DONE: enter
5790 [pool-1-thread-1] INFO net.thucydides.core.steps.StepInterceptor - STARTING STEP: click_login_button
6253 [pool-1-thread-1] INFO net.thucydides.core.steps.StepInterceptor - STEP DONE: click_login_button
When the user enters name: admin@icpc.org.ua and password: e3r4t5 and click the 'login' button
6257 [pool-1-thread-1] INFO net.thucydides.core.steps.StepInterceptor - STARTING STEP: should_see_a_page_title
Additional User - ICPC
6287 [pool-1-thread-1] INFO net.thucydides.core.steps.StepInterceptor - STEP DONE: should_see_a_page_title
Then user should see a page title Additional User - ICPC
6290 [pool-1-thread-1] INFO net.thucydides.core.steps.StepInterceptor - STARTING STEP: click_logout_link
6570 [pool-1-thread-1] INFO net.thucydides.core.steps.StepInterceptor - STEP DONE: click_logout_link
Then user loged out

6804 [pool-1-thread-1] INFO net.thucydides.core.Thucydides - 
        __    _____ _____ ____ _____   ____   _    ____  ____  _____ ____  
  _     \ \  |_   _| ____/ ___|_   _| |  _ \ / \  / ___|/ ___|| ____|  _ \ 
 (_)_____| |   | | |  _| \___ \ | |   | |_) / _ \ \___ \\___ \|  _| | | | |
  _|_____| |   | | | |___ ___) || |   |  __/ ___ \ ___) |___) | |___| |_| |
 (_)     | |   |_| |_____|____/ |_|   |_| /_/   \_\____/|____/|_____|____/ 
        /_/                                                                

TEST PASSED: Login as valid user
----------------------------------------------------------------------------
Scenario: As user i want to be able to see error message when i login without any credentials
6805 [pool-1-thread-1] INFO net.thucydides.core.Thucydides - 
  _____ _____ ____ _____   ____ _____  _    ____ _____ _____ ____  
 |_   _| ____/ ___|_   _| / ___|_   _|/ \  |  _ \_   _| ____|  _ \ 
   | | |  _| \___ \ | |   \___ \ | | / _ \ | |_) || | |  _| | | | |
   | | | |___ ___) || |    ___) || |/ ___ \|  _ < | | | |___| |_| |
   |_| |_____|____/ |_|   |____/ |_/_/   \_\_| \_\|_| |_____|____/ 
                                                                   

TEST STARTED: As user i want to be able to see error message when i login without any credentials
--------------------------------------------------------------------
6851 [pool-1-thread-1] INFO net.thucydides.core.steps.StepInterceptor - STARTING STEP: is_on_the_login_page
7019 [pool-1-thread-1] INFO net.thucydides.core.steps.StepInterceptor - STEP DONE: is_on_the_login_page
Given the user is on the Login page
7022 [pool-1-thread-1] INFO net.thucydides.core.steps.StepInterceptor - STARTING STEP: click_login_button
7281 [pool-1-thread-1] INFO net.thucydides.core.steps.StepInterceptor - STEP DONE: click_login_button
When the user click the login button
7286 [pool-1-thread-1] INFO net.thucydides.core.steps.StepInterceptor - STARTING STEP: should_see_invalid_flash_message
Email or password is invalid
7408 [pool-1-thread-1] INFO net.thucydides.core.steps.StepInterceptor - STEP DONE: should_see_invalid_flash_message
Then user should see invalid flash message Email or password is invalid

7418 [pool-1-thread-1] INFO net.thucydides.core.Thucydides - 
        __    _____ _____ ____ _____   ____   _    ____  ____  _____ ____  
  _     \ \  |_   _| ____/ ___|_   _| |  _ \ / \  / ___|/ ___|| ____|  _ \ 
 (_)_____| |   | | |  _| \___ \ | |   | |_) / _ \ \___ \\___ \|  _| | | | |
  _|_____| |   | | | |___ ___) || |   |  __/ ___ \ ___) |___) | |___| |_| |
 (_)     | |   |_| |_____|____/ |_|   |_| /_/   \_\____/|____/|_____|____/ 
        /_/                                                                

TEST PASSED: As user i want to be able to see error message when i login without any credentials
----------------------------------------------------------------------------
Scenario: As user i want to be able to see error message when i login with wrong credentials
7418 [pool-1-thread-1] INFO net.thucydides.core.Thucydides - 
  _____ _____ ____ _____   ____ _____  _    ____ _____ _____ ____  
 |_   _| ____/ ___|_   _| / ___|_   _|/ \  |  _ \_   _| ____|  _ \ 
   | | |  _| \___ \ | |   \___ \ | | / _ \ | |_) || | |  _| | | | |
   | | | |___ ___) || |    ___) || |/ ___ \|  _ < | | | |___| |_| |
   |_| |_____|____/ |_|   |____/ |_/_/   \_\_| \_\|_| |_____|____/ 
                                                                   

TEST STARTED: As user i want to be able to see error message when i login with wrong credentials
--------------------------------------------------------------------
7434 [pool-1-thread-1] INFO net.thucydides.core.steps.StepInterceptor - STARTING STEP: is_on_the_login_page
7572 [pool-1-thread-1] INFO net.thucydides.core.steps.StepInterceptor - STEP DONE: is_on_the_login_page
Given the user is on the Login page
7575 [pool-1-thread-1] INFO net.thucydides.core.steps.StepInterceptor - STARTING STEP: enter
7807 [pool-1-thread-1] INFO net.thucydides.core.steps.StepInterceptor - STEP DONE: enter
7808 [pool-1-thread-1] INFO net.thucydides.core.steps.StepInterceptor - STARTING STEP: click_login_button
8123 [pool-1-thread-1] INFO net.thucydides.core.steps.StepInterceptor - STEP DONE: click_login_button
When the user enters name: admin@icpc.org.ua and password: e3r4 and click the 'login' button
8126 [pool-1-thread-1] INFO net.thucydides.core.steps.StepInterceptor - STARTING STEP: should_see_invalid_flash_message
Email or password is invalid
8232 [pool-1-thread-1] INFO net.thucydides.core.steps.StepInterceptor - STEP DONE: should_see_invalid_flash_message
Then user should see invalid flash message Email or password is invalid

8249 [pool-1-thread-1] INFO net.thucydides.core.Thucydides - 
        __    _____ _____ ____ _____   ____   _    ____  ____  _____ ____  
  _     \ \  |_   _| ____/ ___|_   _| |  _ \ / \  / ___|/ ___|| ____|  _ \ 
 (_)_____| |   | | |  _| \___ \ | |   | |_) / _ \ \___ \\___ \|  _| | | | |
  _|_____| |   | | | |___ ___) || |   |  __/ ___ \ ___) |___) | |___| |_| |
 (_)     | |   |_| |_____|____/ |_|   |_| /_/   \_\____/|____/|_____|____/ 
        /_/                                                                

TEST PASSED: As user i want to be able to see error message when i login with wrong credentials
----------------------------------------------------------------------------
Scenario: As user i want to be able to see error message when i login with correct email and without password
8250 [pool-1-thread-1] INFO net.thucydides.core.Thucydides - 
  _____ _____ ____ _____   ____ _____  _    ____ _____ _____ ____  
 |_   _| ____/ ___|_   _| / ___|_   _|/ \  |  _ \_   _| ____|  _ \ 
   | | |  _| \___ \ | |   \___ \ | | / _ \ | |_) || | |  _| | | | |
   | | | |___ ___) || |    ___) || |/ ___ \|  _ < | | | |___| |_| |
   |_| |_____|____/ |_|   |____/ |_/_/   \_\_| \_\|_| |_____|____/ 
                                                                   

TEST STARTED: As user i want to be able to see error message when i login with correct email and without password
--------------------------------------------------------------------
8267 [pool-1-thread-1] INFO net.thucydides.core.steps.StepInterceptor - STARTING STEP: is_on_the_login_page
8433 [pool-1-thread-1] INFO net.thucydides.core.steps.StepInterceptor - STEP DONE: is_on_the_login_page
Given the user is on the Login page
8437 [pool-1-thread-1] INFO net.thucydides.core.steps.StepInterceptor - STARTING STEP: enter
8621 [pool-1-thread-1] INFO net.thucydides.core.steps.StepInterceptor - STEP DONE: enter
8621 [pool-1-thread-1] INFO net.thucydides.core.steps.StepInterceptor - STARTING STEP: click_login_button
9001 [pool-1-thread-1] INFO net.thucydides.core.steps.StepInterceptor - STEP DONE: click_login_button
When the user enters name: admin@icpc.org.ua and click the 'login' button
9005 [pool-1-thread-1] INFO net.thucydides.core.steps.StepInterceptor - STARTING STEP: should_see_invalid_flash_message
Email or password is invalid
9164 [pool-1-thread-1] INFO net.thucydides.core.steps.StepInterceptor - STEP DONE: should_see_invalid_flash_message
Then user should see invalid flash message Email or password is invalid

9182 [pool-1-thread-1] INFO net.thucydides.core.Thucydides - 
        __    _____ _____ ____ _____   ____   _    ____  ____  _____ ____  
  _     \ \  |_   _| ____/ ___|_   _| |  _ \ / \  / ___|/ ___|| ____|  _ \ 
 (_)_____| |   | | |  _| \___ \ | |   | |_) / _ \ \___ \\___ \|  _| | | | |
  _|_____| |   | | | |___ ___) || |   |  __/ ___ \ ___) |___) | |___| |_| |
 (_)     | |   |_| |_____|____/ |_|   |_| /_/   \_\____/|____/|_____|____/ 
        /_/                                                                

TEST PASSED: As user i want to be able to see error message when i login with correct email and without password
----------------------------------------------------------------------------
Scenario: As user i want to be able to see error message when i login with correct password and without email
9182 [pool-1-thread-1] INFO net.thucydides.core.Thucydides - 
  _____ _____ ____ _____   ____ _____  _    ____ _____ _____ ____  
 |_   _| ____/ ___|_   _| / ___|_   _|/ \  |  _ \_   _| ____|  _ \ 
   | | |  _| \___ \ | |   \___ \ | | / _ \ | |_) || | |  _| | | | |
   | | | |___ ___) || |    ___) || |/ ___ \|  _ < | | | |___| |_| |
   |_| |_____|____/ |_|   |____/ |_/_/   \_\_| \_\|_| |_____|____/ 
                                                                   

TEST STARTED: As user i want to be able to see error message when i login with correct password and without email
--------------------------------------------------------------------
9196 [pool-1-thread-1] INFO net.thucydides.core.steps.StepInterceptor - STARTING STEP: is_on_the_login_page
9356 [pool-1-thread-1] INFO net.thucydides.core.steps.StepInterceptor - STEP DONE: is_on_the_login_page
Given the user is on the Login page
9360 [pool-1-thread-1] INFO net.thucydides.core.steps.StepInterceptor - STARTING STEP: enter
9654 [pool-1-thread-1] INFO net.thucydides.core.steps.StepInterceptor - STEP DONE: enter
9655 [pool-1-thread-1] INFO net.thucydides.core.steps.StepInterceptor - STARTING STEP: click_login_button
9979 [pool-1-thread-1] INFO net.thucydides.core.steps.StepInterceptor - STEP DONE: click_login_button
When the user enters password: e3r4t5 and click the 'login' button
9982 [pool-1-thread-1] INFO net.thucydides.core.steps.StepInterceptor - STARTING STEP: should_see_invalid_flash_message
Email or password is invalid
10214 [pool-1-thread-1] INFO net.thucydides.core.steps.StepInterceptor - STEP DONE: should_see_invalid_flash_message
Then user should see invalid flash message Email or password is invalid
10218 [pool-1-thread-1] INFO net.thucydides.core.steps.StepInterceptor - STARTING STEP: enter
10415 [pool-1-thread-1] INFO net.thucydides.core.steps.StepInterceptor - STEP DONE: enter
10416 [pool-1-thread-1] INFO net.thucydides.core.steps.StepInterceptor - STARTING STEP: click_login_button
10708 [pool-1-thread-1] INFO net.thucydides.core.steps.StepInterceptor - STEP DONE: click_login_button
When the user enters name: admin@icpc.org.u and click the 'login' button
10711 [pool-1-thread-1] INFO net.thucydides.core.steps.StepInterceptor - STARTING STEP: should_see_invalid_flash_message
Email or password is invalid
10820 [pool-1-thread-1] INFO net.thucydides.core.steps.StepInterceptor - STEP DONE: should_see_invalid_flash_message
Then user should see invalid flash message Email or password is invalid

10828 [pool-1-thread-1] INFO net.thucydides.core.Thucydides - 
        __    _____ _____ ____ _____   ____   _    ____  ____  _____ ____  
  _     \ \  |_   _| ____/ ___|_   _| |  _ \ / \  / ___|/ ___|| ____|  _ \ 
 (_)_____| |   | | |  _| \___ \ | |   | |_) / _ \ \___ \\___ \|  _| | | | |
  _|_____| |   | | | |___ ___) || |   |  __/ ___ \ ___) |___) | |___| |_| |
 (_)     | |   |_| |_____|____/ |_|   |_| /_/   \_\____/|____/|_____|____/ 
        /_/                                                                

TEST PASSED: As user i want to be able to see error message when i login with correct password and without email
----------------------------------------------------------------------------
Scenario: As user i want to be able to see registration page if i click on "Register now" link
10828 [pool-1-thread-1] INFO net.thucydides.core.Thucydides - 
  _____ _____ ____ _____   ____ _____  _    ____ _____ _____ ____  
 |_   _| ____/ ___|_   _| / ___|_   _|/ \  |  _ \_   _| ____|  _ \ 
   | | |  _| \___ \ | |   \___ \ | | / _ \ | |_) || | |  _| | | | |
   | | | |___ ___) || |    ___) || |/ ___ \|  _ < | | | |___| |_| |
   |_| |_____|____/ |_|   |____/ |_/_/   \_\_| \_\|_| |_____|____/ 
                                                                   

TEST STARTED: As user i want to be able to see registration page if i click on "Register now" link
--------------------------------------------------------------------
10844 [pool-1-thread-1] INFO net.thucydides.core.steps.StepInterceptor - STARTING STEP: is_on_the_login_page
11001 [pool-1-thread-1] INFO net.thucydides.core.steps.StepInterceptor - STEP DONE: is_on_the_login_page
Given the user is on the Login page
11004 [pool-1-thread-1] INFO net.thucydides.core.steps.StepInterceptor - STARTING STEP: click_on_the_Register_now_link
11491 [pool-1-thread-1] INFO net.thucydides.core.steps.StepInterceptor - STEP DONE: click_on_the_Register_now_link
When the user click on the Register now link
11495 [pool-1-thread-1] INFO net.thucydides.core.steps.StepInterceptor - STARTING STEP: should_see_a_page_title
Signup Auth - ICPC
11603 [pool-1-thread-1] INFO net.thucydides.core.steps.StepInterceptor - STEP DONE: should_see_a_page_title
Then user should see a page title Signup Auth - ICPC

11609 [pool-1-thread-1] INFO net.thucydides.core.Thucydides - 
        __    _____ _____ ____ _____   ____   _    ____  ____  _____ ____  
  _     \ \  |_   _| ____/ ___|_   _| |  _ \ / \  / ___|/ ___|| ____|  _ \ 
 (_)_____| |   | | |  _| \___ \ | |   | |_) / _ \ \___ \\___ \|  _| | | | |
  _|_____| |   | | | |___ ___) || |   |  __/ ___ \ ___) |___) | |___| |_| |
 (_)     | |   |_| |_____|____/ |_|   |_| /_/   \_\____/|____/|_____|____/ 
        /_/                                                                

TEST PASSED: As user i want to be able to see registration page if i click on "Register now" link
----------------------------------------------------------------------------
Scenario: As user i want to be able to choose russian version of the site
11610 [pool-1-thread-1] INFO net.thucydides.core.Thucydides - 
  _____ _____ ____ _____   ____ _____  _    ____ _____ _____ ____  
 |_   _| ____/ ___|_   _| / ___|_   _|/ \  |  _ \_   _| ____|  _ \ 
   | | |  _| \___ \ | |   \___ \ | | / _ \ | |_) || | |  _| | | | |
   | | | |___ ___) || |    ___) || |/ ___ \|  _ < | | | |___| |_| |
   |_| |_____|____/ |_|   |____/ |_/_/   \_\_| \_\|_| |_____|____/ 
                                                                   

TEST STARTED: As user i want to be able to choose russian version of the site
--------------------------------------------------------------------
11617 [pool-1-thread-1] INFO net.thucydides.core.steps.StepInterceptor - STARTING STEP: is_on_the_login_page
11766 [pool-1-thread-1] INFO net.thucydides.core.steps.StepInterceptor - STEP DONE: is_on_the_login_page
Given the user is on the Login page
11769 [pool-1-thread-1] INFO net.thucydides.core.steps.StepInterceptor - STARTING STEP: click_on_the_swich_language_button_and_choose
11961 [pool-1-thread-1] INFO net.thucydides.core.steps.StepInterceptor - STEP DONE: click_on_the_swich_language_button_and_choose
When the user click on the swich language button and choose ru
11964 [pool-1-thread-1] INFO net.thucydides.core.steps.StepInterceptor - STARTING STEP: user_should_see_the_header
12039 [pool-1-thread-1] INFO net.thucydides.core.steps.StepInterceptor - STEP DONE: user_should_see_the_header
Then user should see the header ????????????? ???????????? ????????? ?? ????????????????

12047 [pool-1-thread-1] INFO net.thucydides.core.Thucydides - 
        __    _____ _____ ____ _____   ____   _    ____  ____  _____ ____  
  _     \ \  |_   _| ____/ ___|_   _| |  _ \ / \  / ___|/ ___|| ____|  _ \ 
 (_)_____| |   | | |  _| \___ \ | |   | |_) / _ \ \___ \\___ \|  _| | | | |
  _|_____| |   | | | |___ ___) || |   |  __/ ___ \ ___) |___) | |___| |_| |
 (_)     | |   |_| |_____|____/ |_|   |_| /_/   \_\____/|____/|_____|____/ 
        /_/                                                                

TEST PASSED: As user i want to be able to choose russian version of the site
----------------------------------------------------------------------------
Scenario: As user i want to be able to choose english version of the site
12047 [pool-1-thread-1] INFO net.thucydides.core.Thucydides - 
  _____ _____ ____ _____   ____ _____  _    ____ _____ _____ ____  
 |_   _| ____/ ___|_   _| / ___|_   _|/ \  |  _ \_   _| ____|  _ \ 
   | | |  _| \___ \ | |   \___ \ | | / _ \ | |_) || | |  _| | | | |
   | | | |___ ___) || |    ___) || |/ ___ \|  _ < | | | |___| |_| |
   |_| |_____|____/ |_|   |____/ |_/_/   \_\_| \_\|_| |_____|____/ 
                                                                   

TEST STARTED: As user i want to be able to choose english version of the site
--------------------------------------------------------------------
12055 [pool-1-thread-1] INFO net.thucydides.core.steps.StepInterceptor - STARTING STEP: is_on_the_login_page
12191 [pool-1-thread-1] INFO net.thucydides.core.steps.StepInterceptor - STEP DONE: is_on_the_login_page
Given the user is on the Login page
12194 [pool-1-thread-1] INFO net.thucydides.core.steps.StepInterceptor - STARTING STEP: click_on_the_swich_language_button_and_choose
12391 [pool-1-thread-1] INFO net.thucydides.core.steps.StepInterceptor - STEP DONE: click_on_the_swich_language_button_and_choose
When the user click on the swich language button and choose en
12394 [pool-1-thread-1] INFO net.thucydides.core.steps.StepInterceptor - STARTING STEP: user_should_see_the_header
12481 [pool-1-thread-1] INFO net.thucydides.core.steps.StepInterceptor - STEP DONE: user_should_see_the_header
Then user should see the header Ukranian Collegiate Programming Contest

12487 [pool-1-thread-1] INFO net.thucydides.core.Thucydides - 
        __    _____ _____ ____ _____   ____   _    ____  ____  _____ ____  
  _     \ \  |_   _| ____/ ___|_   _| |  _ \ / \  / ___|/ ___|| ____|  _ \ 
 (_)_____| |   | | |  _| \___ \ | |   | |_) / _ \ \___ \\___ \|  _| | | | |
  _|_____| |   | | | |___ ___) || |   |  __/ ___ \ ___) |___) | |___| |_| |
 (_)     | |   |_| |_____|____/ |_|   |_| /_/   \_\____/|____/|_____|____/ 
        /_/                                                                

TEST PASSED: As user i want to be able to choose english version of the site
----------------------------------------------------------------------------
Scenario: As user i want to be able to choose ukrainian version of the site
12488 [pool-1-thread-1] INFO net.thucydides.core.Thucydides - 
  _____ _____ ____ _____   ____ _____  _    ____ _____ _____ ____  
 |_   _| ____/ ___|_   _| / ___|_   _|/ \  |  _ \_   _| ____|  _ \ 
   | | |  _| \___ \ | |   \___ \ | | / _ \ | |_) || | |  _| | | | |
   | | | |___ ___) || |    ___) || |/ ___ \|  _ < | | | |___| |_| |
   |_| |_____|____/ |_|   |____/ |_/_/   \_\_| \_\|_| |_____|____/ 
                                                                   

TEST STARTED: As user i want to be able to choose ukrainian version of the site
--------------------------------------------------------------------
12497 [pool-1-thread-1] INFO net.thucydides.core.steps.StepInterceptor - STARTING STEP: is_on_the_login_page
12672 [pool-1-thread-1] INFO net.thucydides.core.steps.StepInterceptor - STEP DONE: is_on_the_login_page
Given the user is on the Login page
12674 [pool-1-thread-1] INFO net.thucydides.core.steps.StepInterceptor - STARTING STEP: click_on_the_swich_language_button_and_choose
12873 [pool-1-thread-1] INFO net.thucydides.core.steps.StepInterceptor - STEP DONE: click_on_the_swich_language_button_and_choose
When the user click on the swich language button and choose uk

12880 [pool-1-thread-1] INFO net.thucydides.core.Thucydides - 
        __    _____ _____ ____ _____   ____   _    ____  ____  _____ ____  
  _     \ \  |_   _| ____/ ___|_   _| |  _ \ / \  / ___|/ ___|| ____|  _ \ 
 (_)_____| |   | | |  _| \___ \ | |   | |_) / _ \ \___ \\___ \|  _| | | | |
  _|_____| |   | | | |___ ___) || |   |  __/ ___ \ ___) |___) | |___| |_| |
 (_)     | |   |_| |_____|____/ |_|   |_| /_/   \_\____/|____/|_____|____/ 
        /_/                                                                

TEST PASSED: As user i want to be able to choose ukrainian version of the site
----------------------------------------------------------------------------
Scenario: As user i want to be able to get to the DA site when i click on the link
12880 [pool-1-thread-1] INFO net.thucydides.core.Thucydides - 
  _____ _____ ____ _____   ____ _____  _    ____ _____ _____ ____  
 |_   _| ____/ ___|_   _| / ___|_   _|/ \  |  _ \_   _| ____|  _ \ 
   | | |  _| \___ \ | |   \___ \ | | / _ \ | |_) || | |  _| | | | |
   | | | |___ ___) || |    ___) || |/ ___ \|  _ < | | | |___| |_| |
   |_| |_____|____/ |_|   |____/ |_/_/   \_\_| \_\|_| |_____|____/ 
                                                                   

TEST STARTED: As user i want to be able to get to the DA site when i click on the link
--------------------------------------------------------------------
12888 [pool-1-thread-1] INFO net.thucydides.core.steps.StepInterceptor - STARTING STEP: is_on_the_login_page
13083 [pool-1-thread-1] INFO net.thucydides.core.steps.StepInterceptor - STEP DONE: is_on_the_login_page
Given the user is on the Login page
13086 [pool-1-thread-1] INFO net.thucydides.core.steps.StepInterceptor - STARTING STEP: user_clicks_on_DA_link
13266 [pool-1-thread-1] INFO net.thucydides.core.steps.StepInterceptor - STEP DONE: user_clicks_on_DA_link
When the user click on the DA link
13268 [pool-1-thread-1] INFO net.thucydides.core.steps.StepInterceptor - STARTING STEP: verify_DA_page

Then user should be sent to DataArt page (FAILED)
(org.junit.ComparisonFailure: expected:<[]> but was:<[DataArt - ?????????? ???????????? ??????????? ?? ?????. ???????? ????????????, ?????? ??? ???????????? ? ??????????, ????????.]>)

org.junit.ComparisonFailure: expected:<[]> but was:<[DataArt - ?????????? ???????????? ??????????? ?? ?????. ???????? ????????????, ?????? ??? ???????????? ? ??????????, ????????.]>
	at org.junit.Assert.assertEquals(Assert.java:123)
	at org.junit.Assert.assertEquals(Assert.java:145)
	at com.dataart.steps.UserLoginSteps.verify_DA_page(UserLoginSteps.java:91)
	at com.dataart.steps.UserLoginSteps$$EnhancerByCGLIB$$c025ddf.CGLIB$verify_DA_page$15(<generated>)
	at com.dataart.steps.UserLoginSteps$$EnhancerByCGLIB$$c025ddf$$FastClassByCGLIB$$ce3c0c82.invoke(<generated>)
	at net.sf.cglib.proxy.MethodProxy.invokeSuper(MethodProxy.java:228)
	at net.thucydides.core.steps.StepInterceptor.executeTestStepMethod(StepInterceptor.java:285)
	at net.thucydides.core.steps.StepInterceptor.runTestStep(StepInterceptor.java:261)
	at net.thucydides.core.steps.StepInterceptor.testStepResult(StepInterceptor.java:125)
	at net.thucydides.core.steps.StepInterceptor.intercept(StepInterceptor.java:51)
	at com.dataart.steps.UserLoginSteps$$EnhancerByCGLIB$$c025ddf.verify_DA_page(<generated>)
	at com.dataart.jbehave.LoginTestSuite.verifyDAPage(LoginTestSuite.java:94)
	(reflection-invoke)
	at org.jbehave.core.steps.StepCreator$ParametrisedStep.perform(StepCreator.java:595)
	at org.jbehave.core.embedder.StoryRunner$FineSoFar.run(StoryRunner.java:535)
...
13810 [pool-1-thread-1] INFO net.thucydides.core.Thucydides - 
           __  _____ _____ ____ _____   _____ _    ___ _     _____ ____  
  _       / / |_   _| ____/ ___|_   _| |  ___/ \  |_ _| |   | ____|  _ \ 
 (_)_____| |    | | |  _| \___ \ | |   | |_ / _ \  | || |   |  _| | | | |
  _|_____| |    | | | |___ ___) || |   |  _/ ___ \ | || |___| |___| |_| |
 (_)     | |    |_| |_____|____/ |_|   |_|/_/   \_\___|_____|_____|____/ 
          \_\                                                            

TEST FAILED: As user i want to be able to get to the DA site when i click on the link
--------------------------------------------------------------------------
13813 [pool-1-thread-1] INFO net.thucydides.core.Thucydides - RELATED ISSUES: 
13814 [pool-1-thread-1] INFO net.thucydides.core.Thucydides - 
  _____ _    ___ _     _   _ ____  _____ 
 |  ___/ \  |_ _| |   | | | |  _ \| ____|
 | |_ / _ \  | || |   | | | | |_) |  _|  
 |  _/ ___ \ | || |___| |_| |  _ <| |___ 
 |_|/_/   \_\___|_____|\___/|_| \_\_____|
                                         

expected:<[]> but was:<[DataArt - ?????????? ???????????? ??????????? ?? ?????. ???????? ????????????, ?????? ??? ???????????? ? ??????????, ????????.]>
Scenario: As user i want to be able to get to the GitHub's project page when i click on the link
13814 [pool-1-thread-1] INFO net.thucydides.core.Thucydides - 
  _____ _____ ____ _____   ____ _____  _    ____ _____ _____ ____  
 |_   _| ____/ ___|_   _| / ___|_   _|/ \  |  _ \_   _| ____|  _ \ 
   | | |  _| \___ \ | |   \___ \ | | / _ \ | |_) || | |  _| | | | |
   | | | |___ ___) || |    ___) || |/ ___ \|  _ < | | | |___| |_| |
   |_| |_____|____/ |_|   |____/ |_/_/   \_\_| \_\|_| |_____|____/ 
                                                                   

TEST STARTED: As user i want to be able to get to the GitHub's project page when i click on the link
--------------------------------------------------------------------
13822 [pool-1-thread-1] INFO net.thucydides.core.steps.StepInterceptor - STARTING STEP: is_on_the_login_page
14317 [pool-1-thread-1] INFO net.thucydides.core.steps.StepInterceptor - STEP DONE: is_on_the_login_page
Given the user is on the Login page
14319 [pool-1-thread-1] INFO net.thucydides.core.steps.StepInterceptor - STARTING STEP: user_clicks_on_GitHub_link
14423 [pool-1-thread-1] INFO net.thucydides.core.steps.StepInterceptor - STEP DONE: user_clicks_on_GitHub_link
When the user click on the GitHub link
14426 [pool-1-thread-1] INFO net.thucydides.core.steps.StepInterceptor - STARTING STEP: verify_GitHub_page

Then user should be sent to GitHub's project page (FAILED)
(org.junit.ComparisonFailure: expected:<[]> but was:<[uaoleg/icpc.org.ua · GitHub]>)

org.junit.ComparisonFailure: expected:<[]> but was:<[uaoleg/icpc.org.ua · GitHub]>
	at org.junit.Assert.assertEquals(Assert.java:123)
	at org.junit.Assert.assertEquals(Assert.java:145)
	at com.dataart.steps.UserLoginSteps.verify_GitHub_page(UserLoginSteps.java:97)
	at com.dataart.steps.UserLoginSteps$$EnhancerByCGLIB$$c025ddf.CGLIB$verify_GitHub_page$4(<generated>)
	at com.dataart.steps.UserLoginSteps$$EnhancerByCGLIB$$c025ddf$$FastClassByCGLIB$$ce3c0c82.invoke(<generated>)
	at net.sf.cglib.proxy.MethodProxy.invokeSuper(MethodProxy.java:228)
	at net.thucydides.core.steps.StepInterceptor.executeTestStepMethod(StepInterceptor.java:285)
	at net.thucydides.core.steps.StepInterceptor.runTestStep(StepInterceptor.java:261)
	at net.thucydides.core.steps.StepInterceptor.testStepResult(StepInterceptor.java:125)
	at net.thucydides.core.steps.StepInterceptor.intercept(StepInterceptor.java:51)
	at com.dataart.steps.UserLoginSteps$$EnhancerByCGLIB$$c025ddf.verify_GitHub_page(<generated>)
	at com.dataart.jbehave.LoginTestSuite.verifyGithubPage(LoginTestSuite.java:104)
	(reflection-invoke)
	at org.jbehave.core.steps.StepCreator$ParametrisedStep.perform(StepCreator.java:595)
	at org.jbehave.core.embedder.StoryRunner$FineSoFar.run(StoryRunner.java:535)
...
14767 [pool-1-thread-1] INFO net.thucydides.core.Thucydides - 
           __  _____ _____ ____ _____   _____ _    ___ _     _____ ____  
  _       / / |_   _| ____/ ___|_   _| |  ___/ \  |_ _| |   | ____|  _ \ 
 (_)_____| |    | | |  _| \___ \ | |   | |_ / _ \  | || |   |  _| | | | |
  _|_____| |    | | | |___ ___) || |   |  _/ ___ \ | || |___| |___| |_| |
 (_)     | |    |_| |_____|____/ |_|   |_|/_/   \_\___|_____|_____|____/ 
          \_\                                                            

TEST FAILED: As user i want to be able to get to the GitHub's project page when i click on the link
--------------------------------------------------------------------------
14767 [pool-1-thread-1] INFO net.thucydides.core.Thucydides - RELATED ISSUES: 
14767 [pool-1-thread-1] INFO net.thucydides.core.Thucydides - 
  _____ _    ___ _     _   _ ____  _____ 
 |  ___/ \  |_ _| |   | | | |  _ \| ____|
 | |_ / _ \  | || |   | | | | |_) |  _|  
 |  _/ ___ \ | || |___| |_| |  _ <| |___ 
 |_|/_/   \_\___|_____|\___/|_| \_\_____|
                                         

expected:<[]> but was:<[uaoleg/icpc.org.ua · GitHub]>
Scenario: As user i want to be able to get to the Twitter's project page when i click on the link
14768 [pool-1-thread-1] INFO net.thucydides.core.Thucydides - 
  _____ _____ ____ _____   ____ _____  _    ____ _____ _____ ____  
 |_   _| ____/ ___|_   _| / ___|_   _|/ \  |  _ \_   _| ____|  _ \ 
   | | |  _| \___ \ | |   \___ \ | | / _ \ | |_) || | |  _| | | | |
   | | | |___ ___) || |    ___) || |/ ___ \|  _ < | | | |___| |_| |
   |_| |_____|____/ |_|   |____/ |_/_/   \_\_| \_\|_| |_____|____/ 
                                                                   

TEST STARTED: As user i want to be able to get to the Twitter's project page when i click on the link
--------------------------------------------------------------------
14775 [pool-1-thread-1] INFO net.thucydides.core.steps.StepInterceptor - STARTING STEP: is_on_the_login_page
14956 [pool-1-thread-1] INFO net.thucydides.core.steps.StepInterceptor - STEP DONE: is_on_the_login_page
Given the user is on the Login page
14958 [pool-1-thread-1] INFO net.thucydides.core.steps.StepInterceptor - STARTING STEP: user_clicks_on_Twitter_link
15047 [pool-1-thread-1] INFO net.thucydides.core.steps.StepInterceptor - STEP DONE: user_clicks_on_Twitter_link
When the user click on the Twitter link
15051 [pool-1-thread-1] INFO net.thucydides.core.steps.StepInterceptor - STARTING STEP: verify_Twitter_page

Then user should be sent to Twitter's project page (FAILED)
(org.junit.ComparisonFailure: expected:<[]> but was:<[icpc.org.ua (IcpcOrgUa) on Twitter]>)

org.junit.ComparisonFailure: expected:<[]> but was:<[icpc.org.ua (IcpcOrgUa) on Twitter]>
	at org.junit.Assert.assertEquals(Assert.java:123)
	at org.junit.Assert.assertEquals(Assert.java:145)
	at com.dataart.steps.UserLoginSteps.verify_Twitter_page(UserLoginSteps.java:104)
	at com.dataart.steps.UserLoginSteps$$EnhancerByCGLIB$$c025ddf.CGLIB$verify_Twitter_page$7(<generated>)
	at com.dataart.steps.UserLoginSteps$$EnhancerByCGLIB$$c025ddf$$FastClassByCGLIB$$ce3c0c82.invoke(<generated>)
	at net.sf.cglib.proxy.MethodProxy.invokeSuper(MethodProxy.java:228)
	at net.thucydides.core.steps.StepInterceptor.executeTestStepMethod(StepInterceptor.java:285)
	at net.thucydides.core.steps.StepInterceptor.runTestStep(StepInterceptor.java:261)
	at net.thucydides.core.steps.StepInterceptor.testStepResult(StepInterceptor.java:125)
	at net.thucydides.core.steps.StepInterceptor.intercept(StepInterceptor.java:51)
	at com.dataart.steps.UserLoginSteps$$EnhancerByCGLIB$$c025ddf.verify_Twitter_page(<generated>)
	at com.dataart.jbehave.LoginTestSuite.verifyTwitterPage(LoginTestSuite.java:114)
	(reflection-invoke)
	at org.jbehave.core.steps.StepCreator$ParametrisedStep.perform(StepCreator.java:595)
	at org.jbehave.core.embedder.StoryRunner$FineSoFar.run(StoryRunner.java:535)
...
15393 [pool-1-thread-1] INFO net.thucydides.core.Thucydides - 
           __  _____ _____ ____ _____   _____ _    ___ _     _____ ____  
  _       / / |_   _| ____/ ___|_   _| |  ___/ \  |_ _| |   | ____|  _ \ 
 (_)_____| |    | | |  _| \___ \ | |   | |_ / _ \  | || |   |  _| | | | |
  _|_____| |    | | | |___ ___) || |   |  _/ ___ \ | || |___| |___| |_| |
 (_)     | |    |_| |_____|____/ |_|   |_|/_/   \_\___|_____|_____|____/ 
          \_\                                                            

TEST FAILED: As user i want to be able to get to the Twitter's project page when i click on the link
--------------------------------------------------------------------------
15393 [pool-1-thread-1] INFO net.thucydides.core.Thucydides - RELATED ISSUES: 
15393 [pool-1-thread-1] INFO net.thucydides.core.Thucydides - 
  _____ _    ___ _     _   _ ____  _____ 
 |  ___/ \  |_ _| |   | | | |  _ \| ____|
 | |_ / _ \  | || |   | | | | |_) |  _|  
 |  _/ ___ \ | || |___| |_| |  _ <| |___ 
 |_|/_/   \_\___|_____|\___/|_| \_\_____|
                                         

expected:<[]> but was:<[icpc.org.ua (IcpcOrgUa) on Twitter]>
Scenario: As user i want to see that email address of project is correct
15400 [pool-1-thread-1] INFO net.thucydides.core.Thucydides - 
  _____ _____ ____ _____   ____ _____  _    ____ _____ _____ ____  
 |_   _| ____/ ___|_   _| / ___|_   _|/ \  |  _ \_   _| ____|  _ \ 
   | | |  _| \___ \ | |   \___ \ | | / _ \ | |_) || | |  _| | | | |
   | | | |___ ___) || |    ___) || |/ ___ \|  _ < | | | |___| |_| |
   |_| |_____|____/ |_|   |____/ |_/_/   \_\_| \_\|_| |_____|____/ 
                                                                   

TEST STARTED: As user i want to see that email address of project is correct
--------------------------------------------------------------------
15407 [pool-1-thread-1] INFO net.thucydides.core.steps.StepInterceptor - STARTING STEP: is_on_the_login_page
15541 [pool-1-thread-1] INFO net.thucydides.core.steps.StepInterceptor - STEP DONE: is_on_the_login_page
Given the user is on the Login page
15543 [pool-1-thread-1] INFO net.thucydides.core.steps.StepInterceptor - STARTING STEP: verify_project_email
15589 [pool-1-thread-1] INFO net.thucydides.core.steps.StepInterceptor - STEP DONE: verify_project_email
Then user should see correct project's email

15593 [pool-1-thread-1] INFO net.thucydides.core.Thucydides - 
        __    _____ _____ ____ _____   ____   _    ____  ____  _____ ____  
  _     \ \  |_   _| ____/ ___|_   _| |  _ \ / \  / ___|/ ___|| ____|  _ \ 
 (_)_____| |   | | |  _| \___ \ | |   | |_) / _ \ \___ \\___ \|  _| | | | |
  _|_____| |   | | | |___ ___) || |   |  __/ ___ \ ___) |___) | |___| |_| |
 (_)     | |   |_| |_____|____/ |_|   |_| /_/   \_\____/|____/|_____|____/ 
        /_/                                                                

TEST PASSED: As user i want to see that email address of project is correct
----------------------------------------------------------------------------

Failed to run story com/dataart/stories/consult_dictionary/LoginTestStory.story
org.junit.ComparisonFailure: expected:<[]> but was:<[DataArt - ?????????? ???????????? ??????????? ?? ?????. ???????? ????????????, ?????? ??? ???????????? ? ??????????, ????????.]>
	at org.junit.Assert.assertEquals(Assert.java:123)
	at org.junit.Assert.assertEquals(Assert.java:145)
	at com.dataart.steps.UserLoginSteps.verify_DA_page(UserLoginSteps.java:91)
	at com.dataart.steps.UserLoginSteps$$EnhancerByCGLIB$$c025ddf.CGLIB$verify_DA_page$15(<generated>)
	at com.dataart.steps.UserLoginSteps$$EnhancerByCGLIB$$c025ddf$$FastClassByCGLIB$$ce3c0c82.invoke(<generated>)
	at net.sf.cglib.proxy.MethodProxy.invokeSuper(MethodProxy.java:228)
	at net.thucydides.core.steps.StepInterceptor.executeTestStepMethod(StepInterceptor.java:285)
	at net.thucydides.core.steps.StepInterceptor.runTestStep(StepInterceptor.java:261)
	at net.thucydides.core.steps.StepInterceptor.testStepResult(StepInterceptor.java:125)
	at net.thucydides.core.steps.StepInterceptor.intercept(StepInterceptor.java:51)
	at com.dataart.steps.UserLoginSteps$$EnhancerByCGLIB$$c025ddf.verify_DA_page(<generated>)
	at com.dataart.jbehave.LoginTestSuite.verifyDAPage(LoginTestSuite.java:94)
	at sun.reflect.NativeMethodAccessorImpl.invoke0(Native Method)
	at sun.reflect.NativeMethodAccessorImpl.invoke(NativeMethodAccessorImpl.java:62)
	at sun.reflect.DelegatingMethodAccessorImpl.invoke(DelegatingMethodAccessorImpl.java:43)
	at java.lang.reflect.Method.invoke(Method.java:483)
	at org.jbehave.core.steps.StepCreator$ParametrisedStep.perform(StepCreator.java:595)
	at org.jbehave.core.embedder.StoryRunner$FineSoFar.run(StoryRunner.java:535)
	at org.jbehave.core.embedder.StoryRunner.runStepsWhileKeepingState(StoryRunner.java:515)
	at org.jbehave.core.embedder.StoryRunner.runScenarioSteps(StoryRunner.java:479)
	at org.jbehave.core.embedder.StoryRunner.runStepsWithLifecycle(StoryRunner.java:445)
	at org.jbehave.core.embedder.StoryRunner.runCancellable(StoryRunner.java:305)
	at org.jbehave.core.embedder.StoryRunner.run(StoryRunner.java:220)
	at org.jbehave.core.embedder.StoryRunner.run(StoryRunner.java:181)
	at org.jbehave.core.embedder.StoryManager$EnqueuedStory.call(StoryManager.java:235)
	at org.jbehave.core.embedder.StoryManager$EnqueuedStory.call(StoryManager.java:207)
	at java.util.concurrent.FutureTask.run(FutureTask.java:266)
	at java.util.concurrent.ThreadPoolExecutor.runWorker(ThreadPoolExecutor.java:1142)
	at java.util.concurrent.ThreadPoolExecutor$Worker.run(ThreadPoolExecutor.java:617)
	at java.lang.Thread.run(Thread.java:745)
Running story RegistrationTestStory.story

(RegistrationTestStory.story)
Before storyRegistrationTestStory.story
16860 [pool-1-thread-1] INFO net.thucydides.core.Thucydides - Test Suite Started: Registration test story
Scenario: As user i want to be able to see E-mail confirmation message when i register with correct credentials
16861 [pool-1-thread-1] INFO net.thucydides.core.Thucydides - 
  _____ _____ ____ _____   ____ _____  _    ____ _____ _____ ____  
 |_   _| ____/ ___|_   _| / ___|_   _|/ \  |  _ \_   _| ____|  _ \ 
   | | |  _| \___ \ | |   \___ \ | | / _ \ | |_) || | |  _| | | | |
   | | | |___ ___) || |    ___) || |/ ___ \|  _ < | | | |___| |_| |
   |_| |_____|____/ |_|   |____/ |_/_/   \_\_| \_\|_| |_____|____/ 
                                                                   

TEST STARTED: As user i want to be able to see E-mail confirmation message when i register with correct credentials
--------------------------------------------------------------------
16882 [pool-1-thread-1] INFO net.thucydides.core.steps.StepInterceptor - STARTING STEP: is_on_the_registration_page
Starting ChromeDriver (v2.10.267521) on port 23901
Only local connections are allowed.
20646 [pool-1-thread-1] INFO net.thucydides.core.steps.StepInterceptor - STEP DONE: is_on_the_registration_page
Given the user is on the Registration page
20649 [pool-1-thread-1] INFO net.thucydides.core.steps.StepInterceptor - STARTING STEP: enter_all_correct_credentials
23455 [pool-1-thread-1] INFO net.thucydides.core.steps.StepInterceptor - STEP DONE: enter_all_correct_credentials
When enter all correct credentials
23457 [pool-1-thread-1] INFO net.thucydides.core.steps.StepInterceptor - STARTING STEP: click_Sign_up
23668 [pool-1-thread-1] INFO net.thucydides.core.steps.StepInterceptor - STEP DONE: click_Sign_up
And user click Sign up
23672 [pool-1-thread-1] INFO net.thucydides.core.steps.StepInterceptor - STARTING STEP: user_should_see_the_E_mail_confirmation_message
25114 [pool-1-thread-1] INFO net.thucydides.core.steps.StepInterceptor - STEP DONE: user_should_see_the_E_mail_confirmation_message
Then user should see the E-mail confirmation message You have signed up successfully. We have sent an email confirmation link to your email.

25119 [pool-1-thread-1] INFO net.thucydides.core.Thucydides - 
        __    _____ _____ ____ _____   ____   _    ____  ____  _____ ____  
  _     \ \  |_   _| ____/ ___|_   _| |  _ \ / \  / ___|/ ___|| ____|  _ \ 
 (_)_____| |   | | |  _| \___ \ | |   | |_) / _ \ \___ \\___ \|  _| | | | |
  _|_____| |   | | | |___ ___) || |   |  __/ ___ \ ___) |___) | |___| |_| |
 (_)     | |   |_| |_____|____/ |_|   |_| /_/   \_\____/|____/|_____|____/ 
        /_/                                                                

TEST PASSED: As user i want to be able to see E-mail confirmation message when i register with correct credentials
----------------------------------------------------------------------------
Scenario: As user i want to be able to see 7 warrning message about blank fields when i register without any credentials
25119 [pool-1-thread-1] INFO net.thucydides.core.Thucydides - 
  _____ _____ ____ _____   ____ _____  _    ____ _____ _____ ____  
 |_   _| ____/ ___|_   _| / ___|_   _|/ \  |  _ \_   _| ____|  _ \ 
   | | |  _| \___ \ | |   \___ \ | | / _ \ | |_) || | |  _| | | | |
   | | | |___ ___) || |    ___) || |/ ___ \|  _ < | | | |___| |_| |
   |_| |_____|____/ |_|   |____/ |_/_/   \_\_| \_\|_| |_____|____/ 
                                                                   

TEST STARTED: As user i want to be able to see 7 warrning message about blank fields when i register without any credentials
--------------------------------------------------------------------
25126 [pool-1-thread-1] INFO net.thucydides.core.steps.StepInterceptor - STARTING STEP: is_on_the_registration_page
25424 [pool-1-thread-1] INFO net.thucydides.core.steps.StepInterceptor - STEP DONE: is_on_the_registration_page
Given the user is on the Registration page
25427 [pool-1-thread-1] INFO net.thucydides.core.steps.StepInterceptor - STARTING STEP: click_Sign_up
25655 [pool-1-thread-1] INFO net.thucydides.core.steps.StepInterceptor - STEP DONE: click_Sign_up
When user click Sign up
25658 [pool-1-thread-1] INFO net.thucydides.core.steps.StepInterceptor - STARTING STEP: user_should_see_the_warrning_messages_about_blank_fields
0
25876 [pool-1-thread-1] INFO net.thucydides.core.steps.StepInterceptor - STEP DONE: user_should_see_the_warrning_messages_about_blank_fields
Then user should see 7 warrning messages about blank fields

25881 [pool-1-thread-1] INFO net.thucydides.core.Thucydides - 
        __    _____ _____ ____ _____   ____   _    ____  ____  _____ ____  
  _     \ \  |_   _| ____/ ___|_   _| |  _ \ / \  / ___|/ ___|| ____|  _ \ 
 (_)_____| |   | | |  _| \___ \ | |   | |_) / _ \ \___ \\___ \|  _| | | | |
  _|_____| |   | | | |___ ___) || |   |  __/ ___ \ ___) |___) | |___| |_| |
 (_)     | |   |_| |_____|____/ |_|   |_| /_/   \_\____/|____/|_____|____/ 
        /_/                                                                

TEST PASSED: As user i want to be able to see 7 warrning message about blank fields when i register without any credentials
----------------------------------------------------------------------------
Scenario: As user i want to be able to see Resend email button when i register with correct credentials
25881 [pool-1-thread-1] INFO net.thucydides.core.Thucydides - 
  _____ _____ ____ _____   ____ _____  _    ____ _____ _____ ____  
 |_   _| ____/ ___|_   _| / ___|_   _|/ \  |  _ \_   _| ____|  _ \ 
   | | |  _| \___ \ | |   \___ \ | | / _ \ | |_) || | |  _| | | | |
   | | | |___ ___) || |    ___) || |/ ___ \|  _ < | | | |___| |_| |
   |_| |_____|____/ |_|   |____/ |_/_/   \_\_| \_\|_| |_____|____/ 
                                                                   

TEST STARTED: As user i want to be able to see Resend email button when i register with correct credentials
--------------------------------------------------------------------
25889 [pool-1-thread-1] INFO net.thucydides.core.steps.StepInterceptor - STARTING STEP: is_on_the_registration_page
26151 [pool-1-thread-1] INFO net.thucydides.core.steps.StepInterceptor - STEP DONE: is_on_the_registration_page
Given the user is on the Registration page
26154 [pool-1-thread-1] INFO net.thucydides.core.steps.StepInterceptor - STARTING STEP: enter_all_correct_credentials
28908 [pool-1-thread-1] INFO net.thucydides.core.steps.StepInterceptor - STEP DONE: enter_all_correct_credentials
When enter all correct credentials
28910 [pool-1-thread-1] INFO net.thucydides.core.steps.StepInterceptor - STARTING STEP: click_Sign_up
29114 [pool-1-thread-1] INFO net.thucydides.core.steps.StepInterceptor - STEP DONE: click_Sign_up
And user click Sign up
29117 [pool-1-thread-1] INFO net.thucydides.core.steps.StepInterceptor - STARTING STEP: user_should_see_the_Resend_email_button
30197 [pool-1-thread-1] INFO net.thucydides.core.steps.StepInterceptor - STEP DONE: user_should_see_the_Resend_email_button
Then user should see the Resend email button

30202 [pool-1-thread-1] INFO net.thucydides.core.Thucydides - 
        __    _____ _____ ____ _____   ____   _    ____  ____  _____ ____  
  _     \ \  |_   _| ____/ ___|_   _| |  _ \ / \  / ___|/ ___|| ____|  _ \ 
 (_)_____| |   | | |  _| \___ \ | |   | |_) / _ \ \___ \\___ \|  _| | | | |
  _|_____| |   | | | |___ ___) || |   |  __/ ___ \ ___) |___) | |___| |_| |
 (_)     | |   |_| |_____|____/ |_|   |_| /_/   \_\____/|____/|_____|____/ 
        /_/                                                                

TEST PASSED: As user i want to be able to see Resend email button when i register with correct credentials
----------------------------------------------------------------------------


(AfterStories)
Before storyAfterStories

31513 [main] INFO net.thucydides.core.reports.ReportService - Reporting formats: [JSON, XML, HTML]
31515 [main] INFO net.thucydides.core.reports.ReportService - Found reporter: net.thucydides.core.reports.xml.XMLTestOutcomeReporter@461ad730(format = Optional.of(XML))
31515 [main] INFO net.thucydides.core.reports.ReportService - Registering reporter: net.thucydides.core.reports.xml.XMLTestOutcomeReporter@461ad730
31758 [main] INFO net.thucydides.core.reports.ReportService - Found reporter: net.thucydides.core.reports.json.JSONTestOutcomeReporter@70f59913(format = Optional.of(JSON))
31758 [main] INFO net.thucydides.core.reports.ReportService - Registering reporter: net.thucydides.core.reports.json.JSONTestOutcomeReporter@70f59913
31820 [main] INFO net.thucydides.core.reports.ReportService - Found reporter: net.thucydides.core.reports.html.HtmlAcceptanceTestReporter@7f36662c(format = Optional.of(HTML))
31820 [main] INFO net.thucydides.core.reports.ReportService - Registering reporter: net.thucydides.core.reports.html.HtmlAcceptanceTestReporter@7f36662c
31855 [main] INFO net.thucydides.core.reports.ReportService - Generating reports using: net.thucydides.core.reports.xml.XMLTestOutcomeReporter@461ad730
31867 [pool-2-thread-6] INFO net.thucydides.core.reports.ReportService - Processing test outcome Login test story:As user i want to be able to see registration page if i click on "Register now" link
31867 [pool-2-thread-4] INFO net.thucydides.core.reports.ReportService - Processing test outcome Login test story:As user i want to be able to see error message when i login with correct email and without password
31867 [pool-2-thread-6] INFO net.thucydides.core.reports.ReportService - net.thucydides.core.reports.xml.XMLTestOutcomeReporter@461ad730: Generating report for test outcome: Login test story:As user i want to be able to see registration page if i click on "Register now" link
31867 [pool-2-thread-5] INFO net.thucydides.core.reports.ReportService - Processing test outcome Login test story:As user i want to be able to see error message when i login with correct password and without email
31867 [pool-2-thread-5] INFO net.thucydides.core.reports.ReportService - net.thucydides.core.reports.xml.XMLTestOutcomeReporter@461ad730: Generating report for test outcome: Login test story:As user i want to be able to see error message when i login with correct password and without email
31867 [pool-2-thread-2] INFO net.thucydides.core.reports.ReportService - Processing test outcome Login test story:As user i want to be able to see error message when i login without any credentials
31867 [pool-2-thread-2] INFO net.thucydides.core.reports.ReportService - net.thucydides.core.reports.xml.XMLTestOutcomeReporter@461ad730: Generating report for test outcome: Login test story:As user i want to be able to see error message when i login without any credentials
31867 [pool-2-thread-3] INFO net.thucydides.core.reports.ReportService - Processing test outcome Login test story:As user i want to be able to see error message when i login with wrong credentials
31867 [pool-2-thread-3] INFO net.thucydides.core.reports.ReportService - net.thucydides.core.reports.xml.XMLTestOutcomeReporter@461ad730: Generating report for test outcome: Login test story:As user i want to be able to see error message when i login with wrong credentials
31867 [pool-2-thread-1] INFO net.thucydides.core.reports.ReportService - Processing test outcome Login test story:Login as valid user
31868 [pool-2-thread-1] INFO net.thucydides.core.reports.ReportService - net.thucydides.core.reports.xml.XMLTestOutcomeReporter@461ad730: Generating report for test outcome: Login test story:Login as valid user
31868 [pool-2-thread-8] INFO net.thucydides.core.reports.ReportService - Processing test outcome Login test story:As user i want to be able to choose english version of the site
31868 [pool-2-thread-8] INFO net.thucydides.core.reports.ReportService - net.thucydides.core.reports.xml.XMLTestOutcomeReporter@461ad730: Generating report for test outcome: Login test story:As user i want to be able to choose english version of the site
31867 [pool-2-thread-4] INFO net.thucydides.core.reports.ReportService - net.thucydides.core.reports.xml.XMLTestOutcomeReporter@461ad730: Generating report for test outcome: Login test story:As user i want to be able to see error message when i login with correct email and without password
31872 [pool-2-thread-7] INFO net.thucydides.core.reports.ReportService - Processing test outcome Login test story:As user i want to be able to choose russian version of the site
31872 [pool-2-thread-7] INFO net.thucydides.core.reports.ReportService - net.thucydides.core.reports.xml.XMLTestOutcomeReporter@461ad730: Generating report for test outcome: Login test story:As user i want to be able to choose russian version of the site
31875 [pool-2-thread-6] INFO net.thucydides.core.reports.xml.XMLTestOutcomeReporter - Generating XML report for As user i want to be able to see registration page if i click on "Register now" link to file c:\Users\oshchegula\workspace2\icpc\target\site\thucydides\f4c2ba3b6425b5eb210c029ce34358904796d2012f62c89529d2da63daa31909.xml
31877 [pool-2-thread-3] INFO net.thucydides.core.reports.xml.XMLTestOutcomeReporter - Generating XML report for As user i want to be able to see error message when i login with wrong credentials to file c:\Users\oshchegula\workspace2\icpc\target\site\thucydides\e103f3b81d1399b6b1202810aa437605475e53823ad48f158458ebd9cd4e88ba.xml
31877 [pool-2-thread-4] INFO net.thucydides.core.reports.xml.XMLTestOutcomeReporter - Generating XML report for As user i want to be able to see error message when i login with correct email and without password to file c:\Users\oshchegula\workspace2\icpc\target\site\thucydides\b60bcdb2279d522ae5aab6b133a3a514888728cc5fd8c218dca3394494fbdcbe.xml
31878 [pool-2-thread-2] INFO net.thucydides.core.reports.xml.XMLTestOutcomeReporter - Generating XML report for As user i want to be able to see error message when i login without any credentials to file c:\Users\oshchegula\workspace2\icpc\target\site\thucydides\4beffae17f8fb6f2faa38fae281fa7b6e5f7204abf2cf24ae14c14a702ea819c.xml
31878 [pool-2-thread-7] INFO net.thucydides.core.reports.xml.XMLTestOutcomeReporter - Generating XML report for As user i want to be able to choose russian version of the site to file c:\Users\oshchegula\workspace2\icpc\target\site\thucydides\bbc4a130a79451d286a83f93174c4e60249e04b3a2a2a999ca8271d9ae2fbd67.xml
31878 [pool-2-thread-8] INFO net.thucydides.core.reports.xml.XMLTestOutcomeReporter - Generating XML report for As user i want to be able to choose english version of the site to file c:\Users\oshchegula\workspace2\icpc\target\site\thucydides\ba40a67ceb512d063aa96a5bcb0bc1be48d8a120aa6fb5aa40f5ea369fbdb1cb.xml
31878 [pool-2-thread-5] INFO net.thucydides.core.reports.xml.XMLTestOutcomeReporter - Generating XML report for As user i want to be able to see error message when i login with correct password and without email to file c:\Users\oshchegula\workspace2\icpc\target\site\thucydides\75e4bcd5468d2cdd6df87c48537430492e23b9c5282f54d4e83c137d5ae78327.xml
31878 [pool-2-thread-1] INFO net.thucydides.core.reports.xml.XMLTestOutcomeReporter - Generating XML report for Login as valid user to file c:\Users\oshchegula\workspace2\icpc\target\site\thucydides\5071fefbb6617d8c6af738d76004c0f5943a5a53b3c98086fdc0e3609bb6799c.xml
31910 [pool-2-thread-5] INFO net.thucydides.core.reports.xml.XMLTestOutcomeReporter - XML report generated (c:\Users\oshchegula\workspace2\icpc\target\site\thucydides\75e4bcd5468d2cdd6df87c48537430492e23b9c5282f54d4e83c137d5ae78327.xml bytes) 2437
31911 [pool-2-thread-5] INFO net.thucydides.core.reports.ReportService - Report generated for Login test story:As user i want to be able to see error message when i login with correct password and without email
31912 [pool-2-thread-5] INFO net.thucydides.core.reports.ReportService - Processing test outcome Login test story:As user i want to be able to choose ukrainian version of the site
31912 [pool-2-thread-5] INFO net.thucydides.core.reports.ReportService - net.thucydides.core.reports.xml.XMLTestOutcomeReporter@461ad730: Generating report for test outcome: Login test story:As user i want to be able to choose ukrainian version of the site
31912 [pool-2-thread-7] INFO net.thucydides.core.reports.xml.XMLTestOutcomeReporter - XML report generated (c:\Users\oshchegula\workspace2\icpc\target\site\thucydides\bbc4a130a79451d286a83f93174c4e60249e04b3a2a2a999ca8271d9ae2fbd67.xml bytes) 1622
31912 [pool-2-thread-7] INFO net.thucydides.core.reports.ReportService - Report generated for Login test story:As user i want to be able to choose russian version of the site
31913 [pool-2-thread-6] INFO net.thucydides.core.reports.xml.XMLTestOutcomeReporter - XML report generated (c:\Users\oshchegula\workspace2\icpc\target\site\thucydides\f4c2ba3b6425b5eb210c029ce34358904796d2012f62c89529d2da63daa31909.xml bytes) 1408
31913 [pool-2-thread-6] INFO net.thucydides.core.reports.ReportService - Report generated for Login test story:As user i want to be able to see registration page if i click on "Register now" link
31913 [pool-2-thread-4] INFO net.thucydides.core.reports.xml.XMLTestOutcomeReporter - XML report generated (c:\Users\oshchegula\workspace2\icpc\target\site\thucydides\b60bcdb2279d522ae5aab6b133a3a514888728cc5fd8c218dca3394494fbdcbe.xml bytes) 1667
31913 [pool-2-thread-1] INFO net.thucydides.core.reports.xml.XMLTestOutcomeReporter - XML report generated (c:\Users\oshchegula\workspace2\icpc\target\site\thucydides\5071fefbb6617d8c6af738d76004c0f5943a5a53b3c98086fdc0e3609bb6799c.xml bytes) 1698
31913 [pool-2-thread-4] INFO net.thucydides.core.reports.ReportService - Report generated for Login test story:As user i want to be able to see error message when i login with correct email and without password
31913 [pool-2-thread-1] INFO net.thucydides.core.reports.ReportService - Report generated for Login test story:Login as valid user
31915 [pool-2-thread-7] INFO net.thucydides.core.reports.ReportService - Processing test outcome Login test story:As user i want to be able to get to the DA site when i click on the link
31915 [pool-2-thread-7] INFO net.thucydides.core.reports.ReportService - net.thucydides.core.reports.xml.XMLTestOutcomeReporter@461ad730: Generating report for test outcome: Login test story:As user i want to be able to get to the DA site when i click on the link
31915 [pool-2-thread-5] INFO net.thucydides.core.reports.xml.XMLTestOutcomeReporter - Generating XML report for As user i want to be able to choose ukrainian version of the site to file c:\Users\oshchegula\workspace2\icpc\target\site\thucydides\837952de65579dd717fffd271090abcbad3c183a2bee487556d5806d19a2b6ac.xml
31918 [pool-2-thread-7] INFO net.thucydides.core.reports.xml.XMLTestOutcomeReporter - Generating XML report for As user i want to be able to get to the DA site when i click on the link to file c:\Users\oshchegula\workspace2\icpc\target\site\thucydides\5ba040212ad52dcc66edfc7449193bd3dcd4997a0d758d7a2b87b3c4406abc14.xml
31918 [pool-2-thread-8] INFO net.thucydides.core.reports.xml.XMLTestOutcomeReporter - XML report generated (c:\Users\oshchegula\workspace2\icpc\target\site\thucydides\ba40a67ceb512d063aa96a5bcb0bc1be48d8a120aa6fb5aa40f5ea369fbdb1cb.xml bytes) 1484
31918 [pool-2-thread-8] INFO net.thucydides.core.reports.ReportService - Report generated for Login test story:As user i want to be able to choose english version of the site
31918 [pool-2-thread-5] INFO net.thucydides.core.reports.xml.XMLTestOutcomeReporter - XML report generated (c:\Users\oshchegula\workspace2\icpc\target\site\thucydides\837952de65579dd717fffd271090abcbad3c183a2bee487556d5806d19a2b6ac.xml bytes) 1136
31918 [pool-2-thread-5] INFO net.thucydides.core.reports.ReportService - Report generated for Login test story:As user i want to be able to choose ukrainian version of the site
31919 [pool-2-thread-6] INFO net.thucydides.core.reports.ReportService - Processing test outcome Login test story:As user i want to be able to get to the GitHub's project page when i click on the link
31919 [pool-2-thread-6] INFO net.thucydides.core.reports.ReportService - net.thucydides.core.reports.xml.XMLTestOutcomeReporter@461ad730: Generating report for test outcome: Login test story:As user i want to be able to get to the GitHub's project page when i click on the link
31919 [pool-2-thread-1] INFO net.thucydides.core.reports.ReportService - Processing test outcome Login test story:As user i want to see that email address of project is correct
31919 [pool-2-thread-1] INFO net.thucydides.core.reports.ReportService - net.thucydides.core.reports.xml.XMLTestOutcomeReporter@461ad730: Generating report for test outcome: Login test story:As user i want to see that email address of project is correct
31920 [pool-2-thread-1] INFO net.thucydides.core.reports.xml.XMLTestOutcomeReporter - Generating XML report for As user i want to see that email address of project is correct to file c:\Users\oshchegula\workspace2\icpc\target\site\thucydides\c4e5c79681e9032525284758c0a3ee3a33f3e575cc31a8e3b7b8ad5b32ad5991.xml
31922 [pool-2-thread-6] INFO net.thucydides.core.reports.xml.XMLTestOutcomeReporter - Generating XML report for As user i want to be able to get to the GitHub's project page when i click on the link to file c:\Users\oshchegula\workspace2\icpc\target\site\thucydides\b440fd9a5029f195156d3acda544388248be23a2463616f8d2dcc129f8677a27.xml
31922 [pool-2-thread-4] INFO net.thucydides.core.reports.ReportService - Processing test outcome Login test story:As user i want to be able to get to the Twitter's project page when i click on the link
31922 [pool-2-thread-4] INFO net.thucydides.core.reports.ReportService - net.thucydides.core.reports.xml.XMLTestOutcomeReporter@461ad730: Generating report for test outcome: Login test story:As user i want to be able to get to the Twitter's project page when i click on the link
31924 [pool-2-thread-4] INFO net.thucydides.core.reports.xml.XMLTestOutcomeReporter - Generating XML report for As user i want to be able to get to the Twitter's project page when i click on the link to file c:\Users\oshchegula\workspace2\icpc\target\site\thucydides\e1b219fe6c04ce6fc7c8e31b9340ec6ffe8d77d78cfc848acaff27af84cc9cc0.xml
31926 [pool-2-thread-5] INFO net.thucydides.core.reports.ReportService - Processing test outcome Registration test story:As user i want to be able to see 7 warrning message about blank fields when i register without any credentials
31926 [pool-2-thread-5] INFO net.thucydides.core.reports.ReportService - net.thucydides.core.reports.xml.XMLTestOutcomeReporter@461ad730: Generating report for test outcome: Registration test story:As user i want to be able to see 7 warrning message about blank fields when i register without any credentials
31927 [pool-2-thread-7] INFO net.thucydides.core.reports.xml.XMLTestOutcomeReporter - XML report generated (c:\Users\oshchegula\workspace2\icpc\target\site\thucydides\5ba040212ad52dcc66edfc7449193bd3dcd4997a0d758d7a2b87b3c4406abc14.xml bytes) 2224
31928 [pool-2-thread-8] INFO net.thucydides.core.reports.ReportService - Processing test outcome Registration test story:As user i want to be able to see E-mail confirmation message when i register with correct credentials
31928 [pool-2-thread-8] INFO net.thucydides.core.reports.ReportService - net.thucydides.core.reports.xml.XMLTestOutcomeReporter@461ad730: Generating report for test outcome: Registration test story:As user i want to be able to see E-mail confirmation message when i register with correct credentials
31928 [pool-2-thread-2] INFO net.thucydides.core.reports.xml.XMLTestOutcomeReporter - XML report generated (c:\Users\oshchegula\workspace2\icpc\target\site\thucydides\4beffae17f8fb6f2faa38fae281fa7b6e5f7204abf2cf24ae14c14a702ea819c.xml bytes) 1403
31928 [pool-2-thread-1] INFO net.thucydides.core.reports.xml.XMLTestOutcomeReporter - XML report generated (c:\Users\oshchegula\workspace2\icpc\target\site\thucydides\c4e5c79681e9032525284758c0a3ee3a33f3e575cc31a8e3b7b8ad5b32ad5991.xml bytes) 1027
31929 [pool-2-thread-1] INFO net.thucydides.core.reports.ReportService - Report generated for Login test story:As user i want to see that email address of project is correct
31930 [pool-2-thread-6] INFO net.thucydides.core.reports.xml.XMLTestOutcomeReporter - XML report generated (c:\Users\oshchegula\workspace2\icpc\target\site\thucydides\b440fd9a5029f195156d3acda544388248be23a2463616f8d2dcc129f8677a27.xml bytes) 1905
31930 [pool-2-thread-1] INFO net.thucydides.core.reports.ReportService - Processing test outcome Registration test story:As user i want to be able to see Resend email button when i register with correct credentials
31930 [pool-2-thread-1] INFO net.thucydides.core.reports.ReportService - net.thucydides.core.reports.xml.XMLTestOutcomeReporter@461ad730: Generating report for test outcome: Registration test story:As user i want to be able to see Resend email button when i register with correct credentials
31930 [pool-2-thread-6] INFO net.thucydides.core.reports.ReportService - Report generated for Login test story:As user i want to be able to get to the GitHub's project page when i click on the link
31930 [pool-2-thread-7] INFO net.thucydides.core.reports.ReportService - Report generated for Login test story:As user i want to be able to get to the DA site when i click on the link
31931 [pool-2-thread-2] INFO net.thucydides.core.reports.ReportService - Report generated for Login test story:As user i want to be able to see error message when i login without any credentials
31933 [pool-2-thread-4] INFO net.thucydides.core.reports.xml.XMLTestOutcomeReporter - XML report generated (c:\Users\oshchegula\workspace2\icpc\target\site\thucydides\e1b219fe6c04ce6fc7c8e31b9340ec6ffe8d77d78cfc848acaff27af84cc9cc0.xml bytes) 1923
31933 [pool-2-thread-4] INFO net.thucydides.core.reports.ReportService - Report generated for Login test story:As user i want to be able to get to the Twitter's project page when i click on the link
31933 [pool-2-thread-5] INFO net.thucydides.core.reports.xml.XMLTestOutcomeReporter - Generating XML report for As user i want to be able to see 7 warrning message about blank fields when i register without any credentials to file c:\Users\oshchegula\workspace2\icpc\target\site\thucydides\ff6c7198cddef62ee7b114472f0505689fba8688813e4849e70eaed1bd9f43d2.xml
31935 [pool-2-thread-1] INFO net.thucydides.core.reports.xml.XMLTestOutcomeReporter - Generating XML report for As user i want to be able to see Resend email button when i register with correct credentials to file c:\Users\oshchegula\workspace2\icpc\target\site\thucydides\01264d3db62dfd5f7b6c47f2d790402b8cd0524050046a67858002741f0a7d96.xml
31936 [pool-2-thread-8] INFO net.thucydides.core.reports.xml.XMLTestOutcomeReporter - Generating XML report for As user i want to be able to see E-mail confirmation message when i register with correct credentials to file c:\Users\oshchegula\workspace2\icpc\target\site\thucydides\c849ed38be2f3ac51be48c7bc4de30281f32ba1bcb51b909d24bd863a0e2f840.xml
31938 [pool-2-thread-1] INFO net.thucydides.core.reports.xml.XMLTestOutcomeReporter - XML report generated (c:\Users\oshchegula\workspace2\icpc\target\site\thucydides\01264d3db62dfd5f7b6c47f2d790402b8cd0524050046a67858002741f0a7d96.xml bytes) 1453
31938 [pool-2-thread-1] INFO net.thucydides.core.reports.ReportService - Report generated for Registration test story:As user i want to be able to see Resend email button when i register with correct credentials
31939 [pool-2-thread-5] INFO net.thucydides.core.reports.xml.XMLTestOutcomeReporter - XML report generated (c:\Users\oshchegula\workspace2\icpc\target\site\thucydides\ff6c7198cddef62ee7b114472f0505689fba8688813e4849e70eaed1bd9f43d2.xml bytes) 1361
31939 [pool-2-thread-5] INFO net.thucydides.core.reports.ReportService - Report generated for Registration test story:As user i want to be able to see 7 warrning message about blank fields when i register without any credentials
31941 [pool-2-thread-8] INFO net.thucydides.core.reports.xml.XMLTestOutcomeReporter - XML report generated (c:\Users\oshchegula\workspace2\icpc\target\site\thucydides\c849ed38be2f3ac51be48c7bc4de30281f32ba1bcb51b909d24bd863a0e2f840.xml bytes) 1722
31941 [pool-2-thread-8] INFO net.thucydides.core.reports.ReportService - Report generated for Registration test story:As user i want to be able to see E-mail confirmation message when i register with correct credentials
31960 [pool-2-thread-3] INFO net.thucydides.core.reports.xml.XMLTestOutcomeReporter - XML report generated (c:\Users\oshchegula\workspace2\icpc\target\site\thucydides\e103f3b81d1399b6b1202810aa437605475e53823ad48f158458ebd9cd4e88ba.xml bytes) 1658
31961 [pool-2-thread-3] INFO net.thucydides.core.reports.ReportService - Report generated for Login test story:As user i want to be able to see error message when i login with wrong credentials
31968 [main] INFO net.thucydides.core.reports.ReportService - Reports generated in: 113
31968 [main] INFO net.thucydides.core.reports.ReportService - Generating reports using: net.thucydides.core.reports.json.JSONTestOutcomeReporter@70f59913
31971 [pool-3-thread-2] INFO net.thucydides.core.reports.ReportService - Processing test outcome Login test story:As user i want to be able to see error message when i login without any credentials
31972 [pool-3-thread-2] INFO net.thucydides.core.reports.ReportService - net.thucydides.core.reports.json.JSONTestOutcomeReporter@70f59913: Generating report for test outcome: Login test story:As user i want to be able to see error message when i login without any credentials
31972 [pool-3-thread-8] INFO net.thucydides.core.reports.ReportService - Processing test outcome Login test story:As user i want to be able to choose english version of the site
31973 [pool-3-thread-8] INFO net.thucydides.core.reports.ReportService - net.thucydides.core.reports.json.JSONTestOutcomeReporter@70f59913: Generating report for test outcome: Login test story:As user i want to be able to choose english version of the site
31973 [pool-3-thread-3] INFO net.thucydides.core.reports.ReportService - Processing test outcome Login test story:As user i want to be able to see error message when i login with wrong credentials
31973 [pool-3-thread-3] INFO net.thucydides.core.reports.ReportService - net.thucydides.core.reports.json.JSONTestOutcomeReporter@70f59913: Generating report for test outcome: Login test story:As user i want to be able to see error message when i login with wrong credentials
31974 [pool-3-thread-4] INFO net.thucydides.core.reports.ReportService - Processing test outcome Login test story:As user i want to be able to see error message when i login with correct email and without password
31974 [pool-3-thread-4] INFO net.thucydides.core.reports.ReportService - net.thucydides.core.reports.json.JSONTestOutcomeReporter@70f59913: Generating report for test outcome: Login test story:As user i want to be able to see error message when i login with correct email and without password
31974 [pool-3-thread-5] INFO net.thucydides.core.reports.ReportService - Processing test outcome Login test story:As user i want to be able to see error message when i login with correct password and without email
31974 [pool-3-thread-5] INFO net.thucydides.core.reports.ReportService - net.thucydides.core.reports.json.JSONTestOutcomeReporter@70f59913: Generating report for test outcome: Login test story:As user i want to be able to see error message when i login with correct password and without email
31975 [pool-3-thread-6] INFO net.thucydides.core.reports.ReportService - Processing test outcome Login test story:As user i want to be able to see registration page if i click on "Register now" link
31975 [pool-3-thread-6] INFO net.thucydides.core.reports.ReportService - net.thucydides.core.reports.json.JSONTestOutcomeReporter@70f59913: Generating report for test outcome: Login test story:As user i want to be able to see registration page if i click on "Register now" link
31976 [pool-3-thread-7] INFO net.thucydides.core.reports.ReportService - Processing test outcome Login test story:As user i want to be able to choose russian version of the site
31976 [pool-3-thread-7] INFO net.thucydides.core.reports.ReportService - net.thucydides.core.reports.json.JSONTestOutcomeReporter@70f59913: Generating report for test outcome: Login test story:As user i want to be able to choose russian version of the site
31977 [pool-3-thread-1] INFO net.thucydides.core.reports.ReportService - Processing test outcome Login test story:Login as valid user
31977 [pool-3-thread-1] INFO net.thucydides.core.reports.ReportService - net.thucydides.core.reports.json.JSONTestOutcomeReporter@70f59913: Generating report for test outcome: Login test story:Login as valid user
32006 [pool-3-thread-3] INFO net.thucydides.core.reports.ReportService - Report generated for Login test story:As user i want to be able to see error message when i login with wrong credentials
32006 [pool-3-thread-3] INFO net.thucydides.core.reports.ReportService - Processing test outcome Login test story:As user i want to be able to choose ukrainian version of the site
32007 [pool-3-thread-3] INFO net.thucydides.core.reports.ReportService - net.thucydides.core.reports.json.JSONTestOutcomeReporter@70f59913: Generating report for test outcome: Login test story:As user i want to be able to choose ukrainian version of the site
32011 [pool-3-thread-2] INFO net.thucydides.core.reports.ReportService - Report generated for Login test story:As user i want to be able to see error message when i login without any credentials
32011 [pool-3-thread-2] INFO net.thucydides.core.reports.ReportService - Processing test outcome Login test story:As user i want to be able to get to the DA site when i click on the link
32011 [pool-3-thread-2] INFO net.thucydides.core.reports.ReportService - net.thucydides.core.reports.json.JSONTestOutcomeReporter@70f59913: Generating report for test outcome: Login test story:As user i want to be able to get to the DA site when i click on the link
32012 [pool-3-thread-7] INFO net.thucydides.core.reports.ReportService - Report generated for Login test story:As user i want to be able to choose russian version of the site
32012 [pool-3-thread-7] INFO net.thucydides.core.reports.ReportService - Processing test outcome Login test story:As user i want to be able to get to the GitHub's project page when i click on the link
32012 [pool-3-thread-7] INFO net.thucydides.core.reports.ReportService - net.thucydides.core.reports.json.JSONTestOutcomeReporter@70f59913: Generating report for test outcome: Login test story:As user i want to be able to get to the GitHub's project page when i click on the link
32012 [pool-3-thread-5] INFO net.thucydides.core.reports.ReportService - Report generated for Login test story:As user i want to be able to see error message when i login with correct password and without email
32012 [pool-3-thread-5] INFO net.thucydides.core.reports.ReportService - Processing test outcome Login test story:As user i want to be able to get to the Twitter's project page when i click on the link
32012 [pool-3-thread-5] INFO net.thucydides.core.reports.ReportService - net.thucydides.core.reports.json.JSONTestOutcomeReporter@70f59913: Generating report for test outcome: Login test story:As user i want to be able to get to the Twitter's project page when i click on the link
32012 [pool-3-thread-1] INFO net.thucydides.core.reports.ReportService - Report generated for Login test story:Login as valid user
32012 [pool-3-thread-1] INFO net.thucydides.core.reports.ReportService - Processing test outcome Login test story:As user i want to see that email address of project is correct
32013 [pool-3-thread-1] INFO net.thucydides.core.reports.ReportService - net.thucydides.core.reports.json.JSONTestOutcomeReporter@70f59913: Generating report for test outcome: Login test story:As user i want to see that email address of project is correct
32013 [pool-3-thread-6] INFO net.thucydides.core.reports.ReportService - Report generated for Login test story:As user i want to be able to see registration page if i click on "Register now" link
32013 [pool-3-thread-6] INFO net.thucydides.core.reports.ReportService - Processing test outcome Registration test story:As user i want to be able to see E-mail confirmation message when i register with correct credentials
32013 [pool-3-thread-6] INFO net.thucydides.core.reports.ReportService - net.thucydides.core.reports.json.JSONTestOutcomeReporter@70f59913: Generating report for test outcome: Registration test story:As user i want to be able to see E-mail confirmation message when i register with correct credentials
32014 [pool-3-thread-3] INFO net.thucydides.core.reports.ReportService - Report generated for Login test story:As user i want to be able to choose ukrainian version of the site
32014 [pool-3-thread-3] INFO net.thucydides.core.reports.ReportService - Processing test outcome Registration test story:As user i want to be able to see 7 warrning message about blank fields when i register without any credentials
32014 [pool-3-thread-3] INFO net.thucydides.core.reports.ReportService - net.thucydides.core.reports.json.JSONTestOutcomeReporter@70f59913: Generating report for test outcome: Registration test story:As user i want to be able to see 7 warrning message about blank fields when i register without any credentials
32114 [pool-3-thread-8] INFO net.thucydides.core.reports.ReportService - Report generated for Login test story:As user i want to be able to choose english version of the site
32118 [pool-3-thread-8] INFO net.thucydides.core.reports.ReportService - Processing test outcome Registration test story:As user i want to be able to see Resend email button when i register with correct credentials
32118 [pool-3-thread-8] INFO net.thucydides.core.reports.ReportService - net.thucydides.core.reports.json.JSONTestOutcomeReporter@70f59913: Generating report for test outcome: Registration test story:As user i want to be able to see Resend email button when i register with correct credentials
32118 [pool-3-thread-1] INFO net.thucydides.core.reports.ReportService - Report generated for Login test story:As user i want to see that email address of project is correct
32111 [pool-3-thread-4] INFO net.thucydides.core.reports.ReportService - Report generated for Login test story:As user i want to be able to see error message when i login with correct email and without password
32125 [pool-3-thread-3] INFO net.thucydides.core.reports.ReportService - Report generated for Registration test story:As user i want to be able to see 7 warrning message about blank fields when i register without any credentials
32125 [pool-3-thread-8] INFO net.thucydides.core.reports.ReportService - Report generated for Registration test story:As user i want to be able to see Resend email button when i register with correct credentials
32131 [pool-3-thread-7] INFO net.thucydides.core.reports.ReportService - Report generated for Login test story:As user i want to be able to get to the GitHub's project page when i click on the link
32147 [pool-3-thread-6] INFO net.thucydides.core.reports.ReportService - Report generated for Registration test story:As user i want to be able to see E-mail confirmation message when i register with correct credentials
32152 [pool-3-thread-5] INFO net.thucydides.core.reports.ReportService - Report generated for Login test story:As user i want to be able to get to the Twitter's project page when i click on the link
32153 [pool-3-thread-2] INFO net.thucydides.core.reports.ReportService - Report generated for Login test story:As user i want to be able to get to the DA site when i click on the link
32163 [main] INFO net.thucydides.core.reports.ReportService - Reports generated in: 195
32163 [main] INFO net.thucydides.core.reports.ReportService - Generating reports using: net.thucydides.core.reports.html.HtmlAcceptanceTestReporter@7f36662c
32165 [pool-4-thread-1] INFO net.thucydides.core.reports.ReportService - Processing test outcome Login test story:Login as valid user
32165 [pool-4-thread-2] INFO net.thucydides.core.reports.ReportService - Processing test outcome Login test story:As user i want to be able to see error message when i login without any credentials
32165 [pool-4-thread-1] INFO net.thucydides.core.reports.ReportService - net.thucydides.core.reports.html.HtmlAcceptanceTestReporter@7f36662c: Generating report for test outcome: Login test story:Login as valid user
32165 [pool-4-thread-2] INFO net.thucydides.core.reports.ReportService - net.thucydides.core.reports.html.HtmlAcceptanceTestReporter@7f36662c: Generating report for test outcome: Login test story:As user i want to be able to see error message when i login without any credentials
32165 [pool-4-thread-6] INFO net.thucydides.core.reports.ReportService - Processing test outcome Login test story:As user i want to be able to see registration page if i click on "Register now" link
32165 [pool-4-thread-6] INFO net.thucydides.core.reports.ReportService - net.thucydides.core.reports.html.HtmlAcceptanceTestReporter@7f36662c: Generating report for test outcome: Login test story:As user i want to be able to see registration page if i click on "Register now" link
32166 [pool-4-thread-5] INFO net.thucydides.core.reports.ReportService - Processing test outcome Login test story:As user i want to be able to see error message when i login with correct password and without email
32166 [pool-4-thread-5] INFO net.thucydides.core.reports.ReportService - net.thucydides.core.reports.html.HtmlAcceptanceTestReporter@7f36662c: Generating report for test outcome: Login test story:As user i want to be able to see error message when i login with correct password and without email
32166 [pool-4-thread-7] INFO net.thucydides.core.reports.ReportService - Processing test outcome Login test story:As user i want to be able to choose russian version of the site
32166 [pool-4-thread-7] INFO net.thucydides.core.reports.ReportService - net.thucydides.core.reports.html.HtmlAcceptanceTestReporter@7f36662c: Generating report for test outcome: Login test story:As user i want to be able to choose russian version of the site
32166 [pool-4-thread-4] INFO net.thucydides.core.reports.ReportService - Processing test outcome Login test story:As user i want to be able to see error message when i login with correct email and without password
32166 [pool-4-thread-4] INFO net.thucydides.core.reports.ReportService - net.thucydides.core.reports.html.HtmlAcceptanceTestReporter@7f36662c: Generating report for test outcome: Login test story:As user i want to be able to see error message when i login with correct email and without password
32166 [pool-4-thread-3] INFO net.thucydides.core.reports.ReportService - Processing test outcome Login test story:As user i want to be able to see error message when i login with wrong credentials
32166 [pool-4-thread-3] INFO net.thucydides.core.reports.ReportService - net.thucydides.core.reports.html.HtmlAcceptanceTestReporter@7f36662c: Generating report for test outcome: Login test story:As user i want to be able to see error message when i login with wrong credentials
32166 [pool-4-thread-8] INFO net.thucydides.core.reports.ReportService - Processing test outcome Login test story:As user i want to be able to choose english version of the site
32166 [pool-4-thread-8] INFO net.thucydides.core.reports.ReportService - net.thucydides.core.reports.html.HtmlAcceptanceTestReporter@7f36662c: Generating report for test outcome: Login test story:As user i want to be able to choose english version of the site
32167 [pool-4-thread-5] INFO net.thucydides.core.requirements.RequirementsTagProvider - Reading requirements from net.thucydides.core.requirements.FileSystemRequirementsTagProvider@38f13007
32167 [pool-4-thread-5] INFO net.thucydides.core.requirements.RequirementsTagProvider - Reading requirements from net.thucydides.core.requirements.PackageAnnotationBasedTagProvider@7df3a97d
32168 [pool-4-thread-5] INFO net.thucydides.core.requirements.RequirementsTagProvider - Requirements found:[]
32398 [pool-4-thread-5] INFO net.thucydides.core.reports.html.HtmlAcceptanceTestReporter - GENERATING HTML REPORT FOR Login test story:As user i want to be able to see error message when i login with correct password and without email => 75e4bcd5468d2cdd6df87c48537430492e23b9c5282f54d4e83c137d5ae78327.html
32398 [pool-4-thread-3] INFO net.thucydides.core.reports.html.HtmlAcceptanceTestReporter - GENERATING HTML REPORT FOR Login test story:As user i want to be able to see error message when i login with wrong credentials => e103f3b81d1399b6b1202810aa437605475e53823ad48f158458ebd9cd4e88ba.html
32402 [pool-4-thread-2] INFO net.thucydides.core.reports.html.HtmlAcceptanceTestReporter - GENERATING HTML REPORT FOR Login test story:As user i want to be able to see error message when i login without any credentials => 4beffae17f8fb6f2faa38fae281fa7b6e5f7204abf2cf24ae14c14a702ea819c.html
32404 [pool-4-thread-1] INFO net.thucydides.core.reports.html.HtmlAcceptanceTestReporter - GENERATING HTML REPORT FOR Login test story:Login as valid user => 5071fefbb6617d8c6af738d76004c0f5943a5a53b3c98086fdc0e3609bb6799c.html
32404 [pool-4-thread-8] INFO net.thucydides.core.reports.html.HtmlAcceptanceTestReporter - GENERATING HTML REPORT FOR Login test story:As user i want to be able to choose english version of the site => ba40a67ceb512d063aa96a5bcb0bc1be48d8a120aa6fb5aa40f5ea369fbdb1cb.html
32420 [pool-4-thread-7] INFO net.thucydides.core.reports.html.HtmlAcceptanceTestReporter - GENERATING HTML REPORT FOR Login test story:As user i want to be able to choose russian version of the site => bbc4a130a79451d286a83f93174c4e60249e04b3a2a2a999ca8271d9ae2fbd67.html
32431 [pool-4-thread-4] INFO net.thucydides.core.reports.html.HtmlAcceptanceTestReporter - GENERATING HTML REPORT FOR Login test story:As user i want to be able to see error message when i login with correct email and without password => b60bcdb2279d522ae5aab6b133a3a514888728cc5fd8c218dca3394494fbdcbe.html
32439 [pool-4-thread-3] INFO net.thucydides.core.reports.ReportService - Report generated for Login test story:As user i want to be able to see error message when i login with wrong credentials
32440 [pool-4-thread-3] INFO net.thucydides.core.reports.ReportService - Processing test outcome Login test story:As user i want to be able to choose ukrainian version of the site
32440 [pool-4-thread-3] INFO net.thucydides.core.reports.ReportService - net.thucydides.core.reports.html.HtmlAcceptanceTestReporter@7f36662c: Generating report for test outcome: Login test story:As user i want to be able to choose ukrainian version of the site
32447 [pool-4-thread-1] INFO net.thucydides.core.reports.ReportService - Report generated for Login test story:Login as valid user
32448 [pool-4-thread-1] INFO net.thucydides.core.reports.ReportService - Processing test outcome Login test story:As user i want to be able to get to the DA site when i click on the link
32448 [pool-4-thread-1] INFO net.thucydides.core.reports.ReportService - net.thucydides.core.reports.html.HtmlAcceptanceTestReporter@7f36662c: Generating report for test outcome: Login test story:As user i want to be able to get to the DA site when i click on the link
32457 [pool-4-thread-2] INFO net.thucydides.core.reports.ReportService - Report generated for Login test story:As user i want to be able to see error message when i login without any credentials
32457 [pool-4-thread-2] INFO net.thucydides.core.reports.ReportService - Processing test outcome Login test story:As user i want to be able to get to the GitHub's project page when i click on the link
32457 [pool-4-thread-2] INFO net.thucydides.core.reports.ReportService - net.thucydides.core.reports.html.HtmlAcceptanceTestReporter@7f36662c: Generating report for test outcome: Login test story:As user i want to be able to get to the GitHub's project page when i click on the link
32464 [pool-4-thread-8] INFO net.thucydides.core.reports.ReportService - Report generated for Login test story:As user i want to be able to choose english version of the site
32465 [pool-4-thread-3] INFO net.thucydides.core.reports.html.HtmlAcceptanceTestReporter - GENERATING HTML REPORT FOR Login test story:As user i want to be able to choose ukrainian version of the site => 837952de65579dd717fffd271090abcbad3c183a2bee487556d5806d19a2b6ac.html
32471 [pool-4-thread-8] INFO net.thucydides.core.reports.ReportService - Processing test outcome Login test story:As user i want to be able to get to the Twitter's project page when i click on the link
32471 [pool-4-thread-8] INFO net.thucydides.core.reports.ReportService - net.thucydides.core.reports.html.HtmlAcceptanceTestReporter@7f36662c: Generating report for test outcome: Login test story:As user i want to be able to get to the Twitter's project page when i click on the link
32473 [pool-4-thread-3] INFO net.thucydides.core.reports.ReportService - Report generated for Login test story:As user i want to be able to choose ukrainian version of the site
32486 [pool-4-thread-3] INFO net.thucydides.core.reports.ReportService - Processing test outcome Login test story:As user i want to see that email address of project is correct
32486 [pool-4-thread-3] INFO net.thucydides.core.reports.ReportService - net.thucydides.core.reports.html.HtmlAcceptanceTestReporter@7f36662c: Generating report for test outcome: Login test story:As user i want to see that email address of project is correct
32489 [pool-4-thread-3] INFO net.thucydides.core.reports.html.HtmlAcceptanceTestReporter - GENERATING HTML REPORT FOR Login test story:As user i want to see that email address of project is correct => c4e5c79681e9032525284758c0a3ee3a33f3e575cc31a8e3b7b8ad5b32ad5991.html
32501 [pool-4-thread-3] INFO net.thucydides.core.reports.ReportService - Report generated for Login test story:As user i want to see that email address of project is correct
32501 [pool-4-thread-3] INFO net.thucydides.core.reports.ReportService - Processing test outcome Registration test story:As user i want to be able to see E-mail confirmation message when i register with correct credentials
32501 [pool-4-thread-3] INFO net.thucydides.core.reports.ReportService - net.thucydides.core.reports.html.HtmlAcceptanceTestReporter@7f36662c: Generating report for test outcome: Registration test story:As user i want to be able to see E-mail confirmation message when i register with correct credentials
32505 [pool-4-thread-3] INFO net.thucydides.core.reports.html.HtmlAcceptanceTestReporter - GENERATING HTML REPORT FOR Registration test story:As user i want to be able to see E-mail confirmation message when i register with correct credentials => c849ed38be2f3ac51be48c7bc4de30281f32ba1bcb51b909d24bd863a0e2f840.html
32513 [pool-4-thread-8] WARN net.thucydides.core.reports.html.HtmlAcceptanceTestReporter - Failed to write scaled screenshot for net.thucydides.core.model.Screenshot@647e654f: java.io.FileNotFoundException: Source 'target\site\thucydides\scaled_ffa51835dc74f24c92ebbda52186f149_NONE.png' does not exist
32520 [pool-4-thread-1] INFO net.thucydides.core.reports.html.HtmlAcceptanceTestReporter - GENERATING HTML REPORT FOR Login test story:As user i want to be able to get to the DA site when i click on the link => 5ba040212ad52dcc66edfc7449193bd3dcd4997a0d758d7a2b87b3c4406abc14.html
32521 [pool-4-thread-3] INFO net.thucydides.core.reports.ReportService - Report generated for Registration test story:As user i want to be able to see E-mail confirmation message when i register with correct credentials
32521 [pool-4-thread-3] INFO net.thucydides.core.reports.ReportService - Processing test outcome Registration test story:As user i want to be able to see 7 warrning message about blank fields when i register without any credentials
32521 [pool-4-thread-3] INFO net.thucydides.core.reports.ReportService - net.thucydides.core.reports.html.HtmlAcceptanceTestReporter@7f36662c: Generating report for test outcome: Registration test story:As user i want to be able to see 7 warrning message about blank fields when i register without any credentials
32528 [pool-4-thread-3] INFO net.thucydides.core.reports.html.HtmlAcceptanceTestReporter - GENERATING HTML REPORT FOR Registration test story:As user i want to be able to see 7 warrning message about blank fields when i register without any credentials => ff6c7198cddef62ee7b114472f0505689fba8688813e4849e70eaed1bd9f43d2.html
32532 [pool-4-thread-2] INFO net.thucydides.core.reports.html.HtmlAcceptanceTestReporter - GENERATING HTML REPORT FOR Login test story:As user i want to be able to get to the GitHub's project page when i click on the link => b440fd9a5029f195156d3acda544388248be23a2463616f8d2dcc129f8677a27.html
32545 [pool-4-thread-8] INFO net.thucydides.core.reports.html.HtmlAcceptanceTestReporter - GENERATING HTML REPORT FOR Login test story:As user i want to be able to get to the Twitter's project page when i click on the link => e1b219fe6c04ce6fc7c8e31b9340ec6ffe8d77d78cfc848acaff27af84cc9cc0.html
32550 [pool-4-thread-1] INFO net.thucydides.core.reports.ReportService - Report generated for Login test story:As user i want to be able to get to the DA site when i click on the link
32550 [pool-4-thread-1] INFO net.thucydides.core.reports.ReportService - Processing test outcome Registration test story:As user i want to be able to see Resend email button when i register with correct credentials
32550 [pool-4-thread-1] INFO net.thucydides.core.reports.ReportService - net.thucydides.core.reports.html.HtmlAcceptanceTestReporter@7f36662c: Generating report for test outcome: Registration test story:As user i want to be able to see Resend email button when i register with correct credentials
32551 [pool-4-thread-3] INFO net.thucydides.core.reports.ReportService - Report generated for Registration test story:As user i want to be able to see 7 warrning message about blank fields when i register without any credentials
32557 [pool-4-thread-1] INFO net.thucydides.core.reports.html.HtmlAcceptanceTestReporter - GENERATING HTML REPORT FOR Registration test story:As user i want to be able to see Resend email button when i register with correct credentials => 01264d3db62dfd5f7b6c47f2d790402b8cd0524050046a67858002741f0a7d96.html
32566 [pool-4-thread-1] INFO net.thucydides.core.reports.ReportService - Report generated for Registration test story:As user i want to be able to see Resend email button when i register with correct credentials
32566 [pool-4-thread-5] INFO net.thucydides.core.reports.ReportService - Report generated for Login test story:As user i want to be able to see error message when i login with correct password and without email
32569 [pool-4-thread-7] INFO net.thucydides.core.reports.ReportService - Report generated for Login test story:As user i want to be able to choose russian version of the site
32570 [pool-4-thread-4] INFO net.thucydides.core.reports.ReportService - Report generated for Login test story:As user i want to be able to see error message when i login with correct email and without password
32576 [pool-4-thread-2] INFO net.thucydides.core.reports.ReportService - Report generated for Login test story:As user i want to be able to get to the GitHub's project page when i click on the link
32576 [pool-4-thread-8] INFO net.thucydides.core.reports.ReportService - Report generated for Login test story:As user i want to be able to get to the Twitter's project page when i click on the link
33305 [pool-4-thread-6] INFO net.thucydides.core.reports.html.HtmlAcceptanceTestReporter - GENERATING HTML REPORT FOR Login test story:As user i want to be able to see registration page if i click on "Register now" link => f4c2ba3b6425b5eb210c029ce34358904796d2012f62c89529d2da63daa31909.html
33311 [pool-4-thread-6] INFO net.thucydides.core.reports.ReportService - Report generated for Login test story:As user i want to be able to see registration page if i click on "Register now" link
33348 [main] INFO net.thucydides.core.reports.ReportService - Reports generated in: 1185
Generating reports view to 'c:\Users\oshchegula\workspace2\icpc\target\jbehave' using formats '[stats, console, html, xml, thucydidesreporter, junitscenarioreporter]' and view properties '{decorateNonHtml=true}'
Reports view generated with 2 stories (of which 0 pending) containing 16 scenarios (of which 0 pending)
Failures in reports view: 3 scenarios failed
Tests run: 68, Failures: 3, Errors: 0, Skipped: 0, Time elapsed: 33.642 sec <<< FAILURE!
Running com.dataart.jbehave.RegistrationTestSuite
Processing system properties {}
Using controls EmbedderControls[batch=false,skip=false,generateViewAfterStories=true,ignoreFailureInStories=true,ignoreFailureInView=true,verboseFailures=false,verboseFiltering=false,storyTimeoutInSecs=300,failOnStoryTimeout=false,threads=1]

(BeforeStories)
Before storyBeforeStories

Running story com/dataart/stories/consult_dictionary/LoginTestStory.story

(com/dataart/stories/consult_dictionary/LoginTestStory.story)
Before storyLoginTestStory.story
33614 [pool-5-thread-1] INFO net.thucydides.core.Thucydides - Test Suite Started: Login test story
Scenario: Login as valid user
33615 [pool-5-thread-1] INFO net.thucydides.core.Thucydides - 
  _____ _____ ____ _____   ____ _____  _    ____ _____ _____ ____  
 |_   _| ____/ ___|_   _| / ___|_   _|/ \  |  _ \_   _| ____|  _ \ 
   | | |  _| \___ \ | |   \___ \ | | / _ \ | |_) || | |  _| | | | |
   | | | |___ ___) || |    ___) || |/ ___ \|  _ < | | | |___| |_| |
   |_| |_____|____/ |_|   |____/ |_/_/   \_\_| \_\|_| |_____|____/ 
                                                                   

TEST STARTED: Login as valid user
--------------------------------------------------------------------
33623 [pool-5-thread-1] INFO net.thucydides.core.steps.StepInterceptor - STARTING STEP: is_on_the_login_page
Starting ChromeDriver (v2.10.267521) on port 39192
Only local connections are allowed.
36807 [pool-5-thread-1] INFO net.thucydides.core.steps.StepInterceptor - STEP DONE: is_on_the_login_page
Given the user is on the Login page
36811 [pool-5-thread-1] INFO net.thucydides.core.steps.StepInterceptor - STARTING STEP: enter
37043 [pool-5-thread-1] INFO net.thucydides.core.steps.StepInterceptor - STEP DONE: enter
37044 [pool-5-thread-1] INFO net.thucydides.core.steps.StepInterceptor - STARTING STEP: click_login_button
37416 [pool-5-thread-1] INFO net.thucydides.core.steps.StepInterceptor - STEP DONE: click_login_button
When the user enters name: admin@icpc.org.ua and password: e3r4t5 and click the 'login' button
37420 [pool-5-thread-1] INFO net.thucydides.core.steps.StepInterceptor - STARTING STEP: should_see_a_page_title
Additional User - ICPC
37438 [pool-5-thread-1] INFO net.thucydides.core.steps.StepInterceptor - STEP DONE: should_see_a_page_title
Then user should see a page title Additional User - ICPC
37440 [pool-5-thread-1] INFO net.thucydides.core.steps.StepInterceptor - STARTING STEP: click_logout_link
37679 [pool-5-thread-1] INFO net.thucydides.core.steps.StepInterceptor - STEP DONE: click_logout_link
Then user loged out

37683 [pool-5-thread-1] INFO net.thucydides.core.Thucydides - 
        __    _____ _____ ____ _____   ____   _    ____  ____  _____ ____  
  _     \ \  |_   _| ____/ ___|_   _| |  _ \ / \  / ___|/ ___|| ____|  _ \ 
 (_)_____| |   | | |  _| \___ \ | |   | |_) / _ \ \___ \\___ \|  _| | | | |
  _|_____| |   | | | |___ ___) || |   |  __/ ___ \ ___) |___) | |___| |_| |
 (_)     | |   |_| |_____|____/ |_|   |_| /_/   \_\____/|____/|_____|____/ 
        /_/                                                                

TEST PASSED: Login as valid user
----------------------------------------------------------------------------
Scenario: As user i want to be able to see error message when i login without any credentials
37683 [pool-5-thread-1] INFO net.thucydides.core.Thucydides - 
  _____ _____ ____ _____   ____ _____  _    ____ _____ _____ ____  
 |_   _| ____/ ___|_   _| / ___|_   _|/ \  |  _ \_   _| ____|  _ \ 
   | | |  _| \___ \ | |   \___ \ | | / _ \ | |_) || | |  _| | | | |
   | | | |___ ___) || |    ___) || |/ ___ \|  _ < | | | |___| |_| |
   |_| |_____|____/ |_|   |____/ |_/_/   \_\_| \_\|_| |_____|____/ 
                                                                   

TEST STARTED: As user i want to be able to see error message when i login without any credentials
--------------------------------------------------------------------
37689 [pool-5-thread-1] INFO net.thucydides.core.steps.StepInterceptor - STARTING STEP: is_on_the_login_page
37823 [pool-5-thread-1] INFO net.thucydides.core.steps.StepInterceptor - STEP DONE: is_on_the_login_page
Given the user is on the Login page
37825 [pool-5-thread-1] INFO net.thucydides.core.steps.StepInterceptor - STARTING STEP: click_login_button
38031 [pool-5-thread-1] INFO net.thucydides.core.steps.StepInterceptor - STEP DONE: click_login_button
When the user click the login button
38033 [pool-5-thread-1] INFO net.thucydides.core.steps.StepInterceptor - STARTING STEP: should_see_invalid_flash_message
Email or password is invalid
38164 [pool-5-thread-1] INFO net.thucydides.core.steps.StepInterceptor - STEP DONE: should_see_invalid_flash_message
Then user should see invalid flash message Email or password is invalid

38168 [pool-5-thread-1] INFO net.thucydides.core.Thucydides - 
        __    _____ _____ ____ _____   ____   _    ____  ____  _____ ____  
  _     \ \  |_   _| ____/ ___|_   _| |  _ \ / \  / ___|/ ___|| ____|  _ \ 
 (_)_____| |   | | |  _| \___ \ | |   | |_) / _ \ \___ \\___ \|  _| | | | |
  _|_____| |   | | | |___ ___) || |   |  __/ ___ \ ___) |___) | |___| |_| |
 (_)     | |   |_| |_____|____/ |_|   |_| /_/   \_\____/|____/|_____|____/ 
        /_/                                                                

TEST PASSED: As user i want to be able to see error message when i login without any credentials
----------------------------------------------------------------------------
Scenario: As user i want to be able to see error message when i login with wrong credentials
38169 [pool-5-thread-1] INFO net.thucydides.core.Thucydides - 
  _____ _____ ____ _____   ____ _____  _    ____ _____ _____ ____  
 |_   _| ____/ ___|_   _| / ___|_   _|/ \  |  _ \_   _| ____|  _ \ 
   | | |  _| \___ \ | |   \___ \ | | / _ \ | |_) || | |  _| | | | |
   | | | |___ ___) || |    ___) || |/ ___ \|  _ < | | | |___| |_| |
   |_| |_____|____/ |_|   |____/ |_/_/   \_\_| \_\|_| |_____|____/ 
                                                                   

TEST STARTED: As user i want to be able to see error message when i login with wrong credentials
--------------------------------------------------------------------
38174 [pool-5-thread-1] INFO net.thucydides.core.steps.StepInterceptor - STARTING STEP: is_on_the_login_page
38314 [pool-5-thread-1] INFO net.thucydides.core.steps.StepInterceptor - STEP DONE: is_on_the_login_page
Given the user is on the Login page
38316 [pool-5-thread-1] INFO net.thucydides.core.steps.StepInterceptor - STARTING STEP: enter
38470 [pool-5-thread-1] INFO net.thucydides.core.steps.StepInterceptor - STEP DONE: enter
38471 [pool-5-thread-1] INFO net.thucydides.core.steps.StepInterceptor - STARTING STEP: click_login_button
38734 [pool-5-thread-1] INFO net.thucydides.core.steps.StepInterceptor - STEP DONE: click_login_button
When the user enters name: admin@icpc.org.ua and password: e3r4 and click the 'login' button
38737 [pool-5-thread-1] INFO net.thucydides.core.steps.StepInterceptor - STARTING STEP: should_see_invalid_flash_message
Email or password is invalid
38833 [pool-5-thread-1] INFO net.thucydides.core.steps.StepInterceptor - STEP DONE: should_see_invalid_flash_message
Then user should see invalid flash message Email or password is invalid

38838 [pool-5-thread-1] INFO net.thucydides.core.Thucydides - 
        __    _____ _____ ____ _____   ____   _    ____  ____  _____ ____  
  _     \ \  |_   _| ____/ ___|_   _| |  _ \ / \  / ___|/ ___|| ____|  _ \ 
 (_)_____| |   | | |  _| \___ \ | |   | |_) / _ \ \___ \\___ \|  _| | | | |
  _|_____| |   | | | |___ ___) || |   |  __/ ___ \ ___) |___) | |___| |_| |
 (_)     | |   |_| |_____|____/ |_|   |_| /_/   \_\____/|____/|_____|____/ 
        /_/                                                                

TEST PASSED: As user i want to be able to see error message when i login with wrong credentials
----------------------------------------------------------------------------
Scenario: As user i want to be able to see error message when i login with correct email and without password
38839 [pool-5-thread-1] INFO net.thucydides.core.Thucydides - 
  _____ _____ ____ _____   ____ _____  _    ____ _____ _____ ____  
 |_   _| ____/ ___|_   _| / ___|_   _|/ \  |  _ \_   _| ____|  _ \ 
   | | |  _| \___ \ | |   \___ \ | | / _ \ | |_) || | |  _| | | | |
   | | | |___ ___) || |    ___) || |/ ___ \|  _ < | | | |___| |_| |
   |_| |_____|____/ |_|   |____/ |_/_/   \_\_| \_\|_| |_____|____/ 
                                                                   

TEST STARTED: As user i want to be able to see error message when i login with correct email and without password
--------------------------------------------------------------------
38845 [pool-5-thread-1] INFO net.thucydides.core.steps.StepInterceptor - STARTING STEP: is_on_the_login_page
39266 [pool-5-thread-1] INFO net.thucydides.core.steps.StepInterceptor - STEP DONE: is_on_the_login_page
Given the user is on the Login page
39268 [pool-5-thread-1] INFO net.thucydides.core.steps.StepInterceptor - STARTING STEP: enter
39429 [pool-5-thread-1] INFO net.thucydides.core.steps.StepInterceptor - STEP DONE: enter
39430 [pool-5-thread-1] INFO net.thucydides.core.steps.StepInterceptor - STARTING STEP: click_login_button
39664 [pool-5-thread-1] INFO net.thucydides.core.steps.StepInterceptor - STEP DONE: click_login_button
When the user enters name: admin@icpc.org.ua and click the 'login' button
39666 [pool-5-thread-1] INFO net.thucydides.core.steps.StepInterceptor - STARTING STEP: should_see_invalid_flash_message
Email or password is invalid
39761 [pool-5-thread-1] INFO net.thucydides.core.steps.StepInterceptor - STEP DONE: should_see_invalid_flash_message
Then user should see invalid flash message Email or password is invalid

39765 [pool-5-thread-1] INFO net.thucydides.core.Thucydides - 
        __    _____ _____ ____ _____   ____   _    ____  ____  _____ ____  
  _     \ \  |_   _| ____/ ___|_   _| |  _ \ / \  / ___|/ ___|| ____|  _ \ 
 (_)_____| |   | | |  _| \___ \ | |   | |_) / _ \ \___ \\___ \|  _| | | | |
  _|_____| |   | | | |___ ___) || |   |  __/ ___ \ ___) |___) | |___| |_| |
 (_)     | |   |_| |_____|____/ |_|   |_| /_/   \_\____/|____/|_____|____/ 
        /_/                                                                

TEST PASSED: As user i want to be able to see error message when i login with correct email and without password
----------------------------------------------------------------------------
Scenario: As user i want to be able to see error message when i login with correct password and without email
39765 [pool-5-thread-1] INFO net.thucydides.core.Thucydides - 
  _____ _____ ____ _____   ____ _____  _    ____ _____ _____ ____  
 |_   _| ____/ ___|_   _| / ___|_   _|/ \  |  _ \_   _| ____|  _ \ 
   | | |  _| \___ \ | |   \___ \ | | / _ \ | |_) || | |  _| | | | |
   | | | |___ ___) || |    ___) || |/ ___ \|  _ < | | | |___| |_| |
   |_| |_____|____/ |_|   |____/ |_/_/   \_\_| \_\|_| |_____|____/ 
                                                                   

TEST STARTED: As user i want to be able to see error message when i login with correct password and without email
--------------------------------------------------------------------
39771 [pool-5-thread-1] INFO net.thucydides.core.steps.StepInterceptor - STARTING STEP: is_on_the_login_page
39925 [pool-5-thread-1] INFO net.thucydides.core.steps.StepInterceptor - STEP DONE: is_on_the_login_page
Given the user is on the Login page
39928 [pool-5-thread-1] INFO net.thucydides.core.steps.StepInterceptor - STARTING STEP: enter
40092 [pool-5-thread-1] INFO net.thucydides.core.steps.StepInterceptor - STEP DONE: enter
40092 [pool-5-thread-1] INFO net.thucydides.core.steps.StepInterceptor - STARTING STEP: click_login_button
40384 [pool-5-thread-1] INFO net.thucydides.core.steps.StepInterceptor - STEP DONE: click_login_button
When the user enters password: e3r4t5 and click the 'login' button
40387 [pool-5-thread-1] INFO net.thucydides.core.steps.StepInterceptor - STARTING STEP: should_see_invalid_flash_message
Email or password is invalid
40479 [pool-5-thread-1] INFO net.thucydides.core.steps.StepInterceptor - STEP DONE: should_see_invalid_flash_message
Then user should see invalid flash message Email or password is invalid
40481 [pool-5-thread-1] INFO net.thucydides.core.steps.StepInterceptor - STARTING STEP: enter
40644 [pool-5-thread-1] INFO net.thucydides.core.steps.StepInterceptor - STEP DONE: enter
40645 [pool-5-thread-1] INFO net.thucydides.core.steps.StepInterceptor - STARTING STEP: click_login_button
40918 [pool-5-thread-1] INFO net.thucydides.core.steps.StepInterceptor - STEP DONE: click_login_button
When the user enters name: admin@icpc.org.u and click the 'login' button
40920 [pool-5-thread-1] INFO net.thucydides.core.steps.StepInterceptor - STARTING STEP: should_see_invalid_flash_message
Email or password is invalid
41050 [pool-5-thread-1] INFO net.thucydides.core.steps.StepInterceptor - STEP DONE: should_see_invalid_flash_message
Then user should see invalid flash message Email or password is invalid

41055 [pool-5-thread-1] INFO net.thucydides.core.Thucydides - 
        __    _____ _____ ____ _____   ____   _    ____  ____  _____ ____  
  _     \ \  |_   _| ____/ ___|_   _| |  _ \ / \  / ___|/ ___|| ____|  _ \ 
 (_)_____| |   | | |  _| \___ \ | |   | |_) / _ \ \___ \\___ \|  _| | | | |
  _|_____| |   | | | |___ ___) || |   |  __/ ___ \ ___) |___) | |___| |_| |
 (_)     | |   |_| |_____|____/ |_|   |_| /_/   \_\____/|____/|_____|____/ 
        /_/                                                                

TEST PASSED: As user i want to be able to see error message when i login with correct password and without email
----------------------------------------------------------------------------
Scenario: As user i want to be able to see registration page if i click on "Register now" link
41056 [pool-5-thread-1] INFO net.thucydides.core.Thucydides - 
  _____ _____ ____ _____   ____ _____  _    ____ _____ _____ ____  
 |_   _| ____/ ___|_   _| / ___|_   _|/ \  |  _ \_   _| ____|  _ \ 
   | | |  _| \___ \ | |   \___ \ | | / _ \ | |_) || | |  _| | | | |
   | | | |___ ___) || |    ___) || |/ ___ \|  _ < | | | |___| |_| |
   |_| |_____|____/ |_|   |____/ |_/_/   \_\_| \_\|_| |_____|____/ 
                                                                   

TEST STARTED: As user i want to be able to see registration page if i click on "Register now" link
--------------------------------------------------------------------
41061 [pool-5-thread-1] INFO net.thucydides.core.steps.StepInterceptor - STARTING STEP: is_on_the_login_page
41206 [pool-5-thread-1] INFO net.thucydides.core.steps.StepInterceptor - STEP DONE: is_on_the_login_page
Given the user is on the Login page
41209 [pool-5-thread-1] INFO net.thucydides.core.steps.StepInterceptor - STARTING STEP: click_on_the_Register_now_link
41625 [pool-5-thread-1] INFO net.thucydides.core.steps.StepInterceptor - STEP DONE: click_on_the_Register_now_link
When the user click on the Register now link
41629 [pool-5-thread-1] INFO net.thucydides.core.steps.StepInterceptor - STARTING STEP: should_see_a_page_title
Signup Auth - ICPC
41657 [pool-5-thread-1] INFO net.thucydides.core.steps.StepInterceptor - STEP DONE: should_see_a_page_title
Then user should see a page title Signup Auth - ICPC

41662 [pool-5-thread-1] INFO net.thucydides.core.Thucydides - 
        __    _____ _____ ____ _____   ____   _    ____  ____  _____ ____  
  _     \ \  |_   _| ____/ ___|_   _| |  _ \ / \  / ___|/ ___|| ____|  _ \ 
 (_)_____| |   | | |  _| \___ \ | |   | |_) / _ \ \___ \\___ \|  _| | | | |
  _|_____| |   | | | |___ ___) || |   |  __/ ___ \ ___) |___) | |___| |_| |
 (_)     | |   |_| |_____|____/ |_|   |_| /_/   \_\____/|____/|_____|____/ 
        /_/                                                                

TEST PASSED: As user i want to be able to see registration page if i click on "Register now" link
----------------------------------------------------------------------------
Scenario: As user i want to be able to choose russian version of the site
41663 [pool-5-thread-1] INFO net.thucydides.core.Thucydides - 
  _____ _____ ____ _____   ____ _____  _    ____ _____ _____ ____  
 |_   _| ____/ ___|_   _| / ___|_   _|/ \  |  _ \_   _| ____|  _ \ 
   | | |  _| \___ \ | |   \___ \ | | / _ \ | |_) || | |  _| | | | |
   | | | |___ ___) || |    ___) || |/ ___ \|  _ < | | | |___| |_| |
   |_| |_____|____/ |_|   |____/ |_/_/   \_\_| \_\|_| |_____|____/ 
                                                                   

TEST STARTED: As user i want to be able to choose russian version of the site
--------------------------------------------------------------------
41668 [pool-5-thread-1] INFO net.thucydides.core.steps.StepInterceptor - STARTING STEP: is_on_the_login_page
42006 [pool-5-thread-1] INFO net.thucydides.core.steps.StepInterceptor - STEP DONE: is_on_the_login_page
Given the user is on the Login page
42010 [pool-5-thread-1] INFO net.thucydides.core.steps.StepInterceptor - STARTING STEP: click_on_the_swich_language_button_and_choose
42202 [pool-5-thread-1] INFO net.thucydides.core.steps.StepInterceptor - STEP DONE: click_on_the_swich_language_button_and_choose
When the user click on the swich language button and choose ru
42205 [pool-5-thread-1] INFO net.thucydides.core.steps.StepInterceptor - STARTING STEP: user_should_see_the_header
42285 [pool-5-thread-1] INFO net.thucydides.core.steps.StepInterceptor - STEP DONE: user_should_see_the_header
Then user should see the header ????????????? ???????????? ????????? ?? ????????????????

42289 [pool-5-thread-1] INFO net.thucydides.core.Thucydides - 
        __    _____ _____ ____ _____   ____   _    ____  ____  _____ ____  
  _     \ \  |_   _| ____/ ___|_   _| |  _ \ / \  / ___|/ ___|| ____|  _ \ 
 (_)_____| |   | | |  _| \___ \ | |   | |_) / _ \ \___ \\___ \|  _| | | | |
  _|_____| |   | | | |___ ___) || |   |  __/ ___ \ ___) |___) | |___| |_| |
 (_)     | |   |_| |_____|____/ |_|   |_| /_/   \_\____/|____/|_____|____/ 
        /_/                                                                

TEST PASSED: As user i want to be able to choose russian version of the site
----------------------------------------------------------------------------
Scenario: As user i want to be able to choose english version of the site
42289 [pool-5-thread-1] INFO net.thucydides.core.Thucydides - 
  _____ _____ ____ _____   ____ _____  _    ____ _____ _____ ____  
 |_   _| ____/ ___|_   _| / ___|_   _|/ \  |  _ \_   _| ____|  _ \ 
   | | |  _| \___ \ | |   \___ \ | | / _ \ | |_) || | |  _| | | | |
   | | | |___ ___) || |    ___) || |/ ___ \|  _ < | | | |___| |_| |
   |_| |_____|____/ |_|   |____/ |_/_/   \_\_| \_\|_| |_____|____/ 
                                                                   

TEST STARTED: As user i want to be able to choose english version of the site
--------------------------------------------------------------------
42294 [pool-5-thread-1] INFO net.thucydides.core.steps.StepInterceptor - STARTING STEP: is_on_the_login_page
42424 [pool-5-thread-1] INFO net.thucydides.core.steps.StepInterceptor - STEP DONE: is_on_the_login_page
Given the user is on the Login page
42426 [pool-5-thread-1] INFO net.thucydides.core.steps.StepInterceptor - STARTING STEP: click_on_the_swich_language_button_and_choose
42679 [pool-5-thread-1] INFO net.thucydides.core.steps.StepInterceptor - STEP DONE: click_on_the_swich_language_button_and_choose
When the user click on the swich language button and choose en
42682 [pool-5-thread-1] INFO net.thucydides.core.steps.StepInterceptor - STARTING STEP: user_should_see_the_header
42750 [pool-5-thread-1] INFO net.thucydides.core.steps.StepInterceptor - STEP DONE: user_should_see_the_header
Then user should see the header Ukranian Collegiate Programming Contest

42754 [pool-5-thread-1] INFO net.thucydides.core.Thucydides - 
        __    _____ _____ ____ _____   ____   _    ____  ____  _____ ____  
  _     \ \  |_   _| ____/ ___|_   _| |  _ \ / \  / ___|/ ___|| ____|  _ \ 
 (_)_____| |   | | |  _| \___ \ | |   | |_) / _ \ \___ \\___ \|  _| | | | |
  _|_____| |   | | | |___ ___) || |   |  __/ ___ \ ___) |___) | |___| |_| |
 (_)     | |   |_| |_____|____/ |_|   |_| /_/   \_\____/|____/|_____|____/ 
        /_/                                                                

TEST PASSED: As user i want to be able to choose english version of the site
----------------------------------------------------------------------------
Scenario: As user i want to be able to choose ukrainian version of the site
42754 [pool-5-thread-1] INFO net.thucydides.core.Thucydides - 
  _____ _____ ____ _____   ____ _____  _    ____ _____ _____ ____  
 |_   _| ____/ ___|_   _| / ___|_   _|/ \  |  _ \_   _| ____|  _ \ 
   | | |  _| \___ \ | |   \___ \ | | / _ \ | |_) || | |  _| | | | |
   | | | |___ ___) || |    ___) || |/ ___ \|  _ < | | | |___| |_| |
   |_| |_____|____/ |_|   |____/ |_/_/   \_\_| \_\|_| |_____|____/ 
                                                                   

TEST STARTED: As user i want to be able to choose ukrainian version of the site
--------------------------------------------------------------------
42759 [pool-5-thread-1] INFO net.thucydides.core.steps.StepInterceptor - STARTING STEP: is_on_the_login_page
42898 [pool-5-thread-1] INFO net.thucydides.core.steps.StepInterceptor - STEP DONE: is_on_the_login_page
Given the user is on the Login page
42900 [pool-5-thread-1] INFO net.thucydides.core.steps.StepInterceptor - STARTING STEP: click_on_the_swich_language_button_and_choose
43084 [pool-5-thread-1] INFO net.thucydides.core.steps.StepInterceptor - STEP DONE: click_on_the_swich_language_button_and_choose
When the user click on the swich language button and choose uk

43089 [pool-5-thread-1] INFO net.thucydides.core.Thucydides - 
        __    _____ _____ ____ _____   ____   _    ____  ____  _____ ____  
  _     \ \  |_   _| ____/ ___|_   _| |  _ \ / \  / ___|/ ___|| ____|  _ \ 
 (_)_____| |   | | |  _| \___ \ | |   | |_) / _ \ \___ \\___ \|  _| | | | |
  _|_____| |   | | | |___ ___) || |   |  __/ ___ \ ___) |___) | |___| |_| |
 (_)     | |   |_| |_____|____/ |_|   |_| /_/   \_\____/|____/|_____|____/ 
        /_/                                                                

TEST PASSED: As user i want to be able to choose ukrainian version of the site
----------------------------------------------------------------------------
Scenario: As user i want to be able to get to the DA site when i click on the link
43089 [pool-5-thread-1] INFO net.thucydides.core.Thucydides - 
  _____ _____ ____ _____   ____ _____  _    ____ _____ _____ ____  
 |_   _| ____/ ___|_   _| / ___|_   _|/ \  |  _ \_   _| ____|  _ \ 
   | | |  _| \___ \ | |   \___ \ | | / _ \ | |_) || | |  _| | | | |
   | | | |___ ___) || |    ___) || |/ ___ \|  _ < | | | |___| |_| |
   |_| |_____|____/ |_|   |____/ |_/_/   \_\_| \_\|_| |_____|____/ 
                                                                   

TEST STARTED: As user i want to be able to get to the DA site when i click on the link
--------------------------------------------------------------------
43095 [pool-5-thread-1] INFO net.thucydides.core.steps.StepInterceptor - STARTING STEP: is_on_the_login_page
43226 [pool-5-thread-1] INFO net.thucydides.core.steps.StepInterceptor - STEP DONE: is_on_the_login_page
Given the user is on the Login page
43230 [pool-5-thread-1] INFO net.thucydides.core.steps.StepInterceptor - STARTING STEP: user_clicks_on_DA_link
43321 [pool-5-thread-1] INFO net.thucydides.core.steps.StepInterceptor - STEP DONE: user_clicks_on_DA_link
When the user click on the DA link
43324 [pool-5-thread-1] INFO net.thucydides.core.steps.StepInterceptor - STARTING STEP: verify_DA_page

Then user should be sent to DataArt page (FAILED)
(org.junit.ComparisonFailure: expected:<[]> but was:<[DataArt - ?????????? ???????????? ??????????? ?? ?????. ???????? ????????????, ?????? ??? ???????????? ? ??????????, ????????.]>)

org.junit.ComparisonFailure: expected:<[]> but was:<[DataArt - ?????????? ???????????? ??????????? ?? ?????. ???????? ????????????, ?????? ??? ???????????? ? ??????????, ????????.]>
	at org.junit.Assert.assertEquals(Assert.java:123)
	at org.junit.Assert.assertEquals(Assert.java:145)
	at com.dataart.steps.UserLoginSteps.verify_DA_page(UserLoginSteps.java:91)
	at com.dataart.steps.UserLoginSteps$$EnhancerByCGLIB$$c025ddf.CGLIB$verify_DA_page$15(<generated>)
	at com.dataart.steps.UserLoginSteps$$EnhancerByCGLIB$$c025ddf$$FastClassByCGLIB$$ce3c0c82.invoke(<generated>)
	at net.sf.cglib.proxy.MethodProxy.invokeSuper(MethodProxy.java:228)
	at net.thucydides.core.steps.StepInterceptor.executeTestStepMethod(StepInterceptor.java:285)
	at net.thucydides.core.steps.StepInterceptor.runTestStep(StepInterceptor.java:261)
	at net.thucydides.core.steps.StepInterceptor.testStepResult(StepInterceptor.java:125)
	at net.thucydides.core.steps.StepInterceptor.intercept(StepInterceptor.java:51)
	at com.dataart.steps.UserLoginSteps$$EnhancerByCGLIB$$c025ddf.verify_DA_page(<generated>)
	at com.dataart.jbehave.LoginTestSuite.verifyDAPage(LoginTestSuite.java:94)
	(reflection-invoke)
	at org.jbehave.core.steps.StepCreator$ParametrisedStep.perform(StepCreator.java:595)
	at org.jbehave.core.embedder.StoryRunner$FineSoFar.run(StoryRunner.java:535)
...
43695 [pool-5-thread-1] INFO net.thucydides.core.Thucydides - 
           __  _____ _____ ____ _____   _____ _    ___ _     _____ ____  
  _       / / |_   _| ____/ ___|_   _| |  ___/ \  |_ _| |   | ____|  _ \ 
 (_)_____| |    | | |  _| \___ \ | |   | |_ / _ \  | || |   |  _| | | | |
  _|_____| |    | | | |___ ___) || |   |  _/ ___ \ | || |___| |___| |_| |
 (_)     | |    |_| |_____|____/ |_|   |_|/_/   \_\___|_____|_____|____/ 
          \_\                                                            

TEST FAILED: As user i want to be able to get to the DA site when i click on the link
--------------------------------------------------------------------------
43695 [pool-5-thread-1] INFO net.thucydides.core.Thucydides - RELATED ISSUES: 
43695 [pool-5-thread-1] INFO net.thucydides.core.Thucydides - 
  _____ _    ___ _     _   _ ____  _____ 
 |  ___/ \  |_ _| |   | | | |  _ \| ____|
 | |_ / _ \  | || |   | | | | |_) |  _|  
 |  _/ ___ \ | || |___| |_| |  _ <| |___ 
 |_|/_/   \_\___|_____|\___/|_| \_\_____|
                                         

expected:<[]> but was:<[DataArt - ?????????? ???????????? ??????????? ?? ?????. ???????? ????????????, ?????? ??? ???????????? ? ??????????, ????????.]>
Scenario: As user i want to be able to get to the GitHub's project page when i click on the link
43696 [pool-5-thread-1] INFO net.thucydides.core.Thucydides - 
  _____ _____ ____ _____   ____ _____  _    ____ _____ _____ ____  
 |_   _| ____/ ___|_   _| / ___|_   _|/ \  |  _ \_   _| ____|  _ \ 
   | | |  _| \___ \ | |   \___ \ | | / _ \ | |_) || | |  _| | | | |
   | | | |___ ___) || |    ___) || |/ ___ \|  _ < | | | |___| |_| |
   |_| |_____|____/ |_|   |____/ |_/_/   \_\_| \_\|_| |_____|____/ 
                                                                   

TEST STARTED: As user i want to be able to get to the GitHub's project page when i click on the link
--------------------------------------------------------------------
43702 [pool-5-thread-1] INFO net.thucydides.core.steps.StepInterceptor - STARTING STEP: is_on_the_login_page
44057 [pool-5-thread-1] INFO net.thucydides.core.steps.StepInterceptor - STEP DONE: is_on_the_login_page
Given the user is on the Login page
44060 [pool-5-thread-1] INFO net.thucydides.core.steps.StepInterceptor - STARTING STEP: user_clicks_on_GitHub_link
44140 [pool-5-thread-1] INFO net.thucydides.core.steps.StepInterceptor - STEP DONE: user_clicks_on_GitHub_link
When the user click on the GitHub link
44146 [pool-5-thread-1] INFO net.thucydides.core.steps.StepInterceptor - STARTING STEP: verify_GitHub_page

Then user should be sent to GitHub's project page (FAILED)
(org.junit.ComparisonFailure: expected:<[]> but was:<[uaoleg/icpc.org.ua · GitHub]>)

org.junit.ComparisonFailure: expected:<[]> but was:<[uaoleg/icpc.org.ua · GitHub]>
	at org.junit.Assert.assertEquals(Assert.java:123)
	at org.junit.Assert.assertEquals(Assert.java:145)
	at com.dataart.steps.UserLoginSteps.verify_GitHub_page(UserLoginSteps.java:97)
	at com.dataart.steps.UserLoginSteps$$EnhancerByCGLIB$$c025ddf.CGLIB$verify_GitHub_page$4(<generated>)
	at com.dataart.steps.UserLoginSteps$$EnhancerByCGLIB$$c025ddf$$FastClassByCGLIB$$ce3c0c82.invoke(<generated>)
	at net.sf.cglib.proxy.MethodProxy.invokeSuper(MethodProxy.java:228)
	at net.thucydides.core.steps.StepInterceptor.executeTestStepMethod(StepInterceptor.java:285)
	at net.thucydides.core.steps.StepInterceptor.runTestStep(StepInterceptor.java:261)
	at net.thucydides.core.steps.StepInterceptor.testStepResult(StepInterceptor.java:125)
	at net.thucydides.core.steps.StepInterceptor.intercept(StepInterceptor.java:51)
	at com.dataart.steps.UserLoginSteps$$EnhancerByCGLIB$$c025ddf.verify_GitHub_page(<generated>)
	at com.dataart.jbehave.LoginTestSuite.verifyGithubPage(LoginTestSuite.java:104)
	(reflection-invoke)
	at org.jbehave.core.steps.StepCreator$ParametrisedStep.perform(StepCreator.java:595)
	at org.jbehave.core.embedder.StoryRunner$FineSoFar.run(StoryRunner.java:535)
...
44588 [pool-5-thread-1] INFO net.thucydides.core.Thucydides - 
           __  _____ _____ ____ _____   _____ _    ___ _     _____ ____  
  _       / / |_   _| ____/ ___|_   _| |  ___/ \  |_ _| |   | ____|  _ \ 
 (_)_____| |    | | |  _| \___ \ | |   | |_ / _ \  | || |   |  _| | | | |
  _|_____| |    | | | |___ ___) || |   |  _/ ___ \ | || |___| |___| |_| |
 (_)     | |    |_| |_____|____/ |_|   |_|/_/   \_\___|_____|_____|____/ 
          \_\                                                            

TEST FAILED: As user i want to be able to get to the GitHub's project page when i click on the link
--------------------------------------------------------------------------
44588 [pool-5-thread-1] INFO net.thucydides.core.Thucydides - RELATED ISSUES: 
44588 [pool-5-thread-1] INFO net.thucydides.core.Thucydides - 
  _____ _    ___ _     _   _ ____  _____ 
 |  ___/ \  |_ _| |   | | | |  _ \| ____|
 | |_ / _ \  | || |   | | | | |_) |  _|  
 |  _/ ___ \ | || |___| |_| |  _ <| |___ 
 |_|/_/   \_\___|_____|\___/|_| \_\_____|
                                         

expected:<[]> but was:<[uaoleg/icpc.org.ua · GitHub]>
Scenario: As user i want to be able to get to the Twitter's project page when i click on the link
44607 [pool-5-thread-1] INFO net.thucydides.core.Thucydides - 
  _____ _____ ____ _____   ____ _____  _    ____ _____ _____ ____  
 |_   _| ____/ ___|_   _| / ___|_   _|/ \  |  _ \_   _| ____|  _ \ 
   | | |  _| \___ \ | |   \___ \ | | / _ \ | |_) || | |  _| | | | |
   | | | |___ ___) || |    ___) || |/ ___ \|  _ < | | | |___| |_| |
   |_| |_____|____/ |_|   |____/ |_/_/   \_\_| \_\|_| |_____|____/ 
                                                                   

TEST STARTED: As user i want to be able to get to the Twitter's project page when i click on the link
--------------------------------------------------------------------
44621 [pool-5-thread-1] INFO net.thucydides.core.steps.StepInterceptor - STARTING STEP: is_on_the_login_page
44850 [pool-5-thread-1] INFO net.thucydides.core.steps.StepInterceptor - STEP DONE: is_on_the_login_page
Given the user is on the Login page
44854 [pool-5-thread-1] INFO net.thucydides.core.steps.StepInterceptor - STARTING STEP: user_clicks_on_Twitter_link
44936 [pool-5-thread-1] INFO net.thucydides.core.steps.StepInterceptor - STEP DONE: user_clicks_on_Twitter_link
When the user click on the Twitter link
44940 [pool-5-thread-1] INFO net.thucydides.core.steps.StepInterceptor - STARTING STEP: verify_Twitter_page

Then user should be sent to Twitter's project page (FAILED)
(org.junit.ComparisonFailure: expected:<[]> but was:<[icpc.org.ua (IcpcOrgUa) on Twitter]>)

org.junit.ComparisonFailure: expected:<[]> but was:<[icpc.org.ua (IcpcOrgUa) on Twitter]>
	at org.junit.Assert.assertEquals(Assert.java:123)
	at org.junit.Assert.assertEquals(Assert.java:145)
	at com.dataart.steps.UserLoginSteps.verify_Twitter_page(UserLoginSteps.java:104)
	at com.dataart.steps.UserLoginSteps$$EnhancerByCGLIB$$c025ddf.CGLIB$verify_Twitter_page$7(<generated>)
	at com.dataart.steps.UserLoginSteps$$EnhancerByCGLIB$$c025ddf$$FastClassByCGLIB$$ce3c0c82.invoke(<generated>)
	at net.sf.cglib.proxy.MethodProxy.invokeSuper(MethodProxy.java:228)
	at net.thucydides.core.steps.StepInterceptor.executeTestStepMethod(StepInterceptor.java:285)
	at net.thucydides.core.steps.StepInterceptor.runTestStep(StepInterceptor.java:261)
	at net.thucydides.core.steps.StepInterceptor.testStepResult(StepInterceptor.java:125)
	at net.thucydides.core.steps.StepInterceptor.intercept(StepInterceptor.java:51)
	at com.dataart.steps.UserLoginSteps$$EnhancerByCGLIB$$c025ddf.verify_Twitter_page(<generated>)
	at com.dataart.jbehave.LoginTestSuite.verifyTwitterPage(LoginTestSuite.java:114)
	(reflection-invoke)
	at org.jbehave.core.steps.StepCreator$ParametrisedStep.perform(StepCreator.java:595)
	at org.jbehave.core.embedder.StoryRunner$FineSoFar.run(StoryRunner.java:535)
...
45243 [pool-5-thread-1] INFO net.thucydides.core.Thucydides - 
           __  _____ _____ ____ _____   _____ _    ___ _     _____ ____  
  _       / / |_   _| ____/ ___|_   _| |  ___/ \  |_ _| |   | ____|  _ \ 
 (_)_____| |    | | |  _| \___ \ | |   | |_ / _ \  | || |   |  _| | | | |
  _|_____| |    | | | |___ ___) || |   |  _/ ___ \ | || |___| |___| |_| |
 (_)     | |    |_| |_____|____/ |_|   |_|/_/   \_\___|_____|_____|____/ 
          \_\                                                            

TEST FAILED: As user i want to be able to get to the Twitter's project page when i click on the link
--------------------------------------------------------------------------
45243 [pool-5-thread-1] INFO net.thucydides.core.Thucydides - RELATED ISSUES: 
45243 [pool-5-thread-1] INFO net.thucydides.core.Thucydides - 
  _____ _    ___ _     _   _ ____  _____ 
 |  ___/ \  |_ _| |   | | | |  _ \| ____|
 | |_ / _ \  | || |   | | | | |_) |  _|  
 |  _/ ___ \ | || |___| |_| |  _ <| |___ 
 |_|/_/   \_\___|_____|\___/|_| \_\_____|
                                         

expected:<[]> but was:<[icpc.org.ua (IcpcOrgUa) on Twitter]>
Scenario: As user i want to see that email address of project is correct
45244 [pool-5-thread-1] INFO net.thucydides.core.Thucydides - 
  _____ _____ ____ _____   ____ _____  _    ____ _____ _____ ____  
 |_   _| ____/ ___|_   _| / ___|_   _|/ \  |  _ \_   _| ____|  _ \ 
   | | |  _| \___ \ | |   \___ \ | | / _ \ | |_) || | |  _| | | | |
   | | | |___ ___) || |    ___) || |/ ___ \|  _ < | | | |___| |_| |
   |_| |_____|____/ |_|   |____/ |_/_/   \_\_| \_\|_| |_____|____/ 
                                                                   

TEST STARTED: As user i want to see that email address of project is correct
--------------------------------------------------------------------
45249 [pool-5-thread-1] INFO net.thucydides.core.steps.StepInterceptor - STARTING STEP: is_on_the_login_page
45384 [pool-5-thread-1] INFO net.thucydides.core.steps.StepInterceptor - STEP DONE: is_on_the_login_page
Given the user is on the Login page
45386 [pool-5-thread-1] INFO net.thucydides.core.steps.StepInterceptor - STARTING STEP: verify_project_email
45429 [pool-5-thread-1] INFO net.thucydides.core.steps.StepInterceptor - STEP DONE: verify_project_email
Then user should see correct project's email

45433 [pool-5-thread-1] INFO net.thucydides.core.Thucydides - 
        __    _____ _____ ____ _____   ____   _    ____  ____  _____ ____  
  _     \ \  |_   _| ____/ ___|_   _| |  _ \ / \  / ___|/ ___|| ____|  _ \ 
 (_)_____| |   | | |  _| \___ \ | |   | |_) / _ \ \___ \\___ \|  _| | | | |
  _|_____| |   | | | |___ ___) || |   |  __/ ___ \ ___) |___) | |___| |_| |
 (_)     | |   |_| |_____|____/ |_|   |_| /_/   \_\____/|____/|_____|____/ 
        /_/                                                                

TEST PASSED: As user i want to see that email address of project is correct
----------------------------------------------------------------------------

Failed to run story com/dataart/stories/consult_dictionary/LoginTestStory.story
org.junit.ComparisonFailure: expected:<[]> but was:<[DataArt - ?????????? ???????????? ??????????? ?? ?????. ???????? ????????????, ?????? ??? ???????????? ? ??????????, ????????.]>
	at org.junit.Assert.assertEquals(Assert.java:123)
	at org.junit.Assert.assertEquals(Assert.java:145)
	at com.dataart.steps.UserLoginSteps.verify_DA_page(UserLoginSteps.java:91)
	at com.dataart.steps.UserLoginSteps$$EnhancerByCGLIB$$c025ddf.CGLIB$verify_DA_page$15(<generated>)
	at com.dataart.steps.UserLoginSteps$$EnhancerByCGLIB$$c025ddf$$FastClassByCGLIB$$ce3c0c82.invoke(<generated>)
	at net.sf.cglib.proxy.MethodProxy.invokeSuper(MethodProxy.java:228)
	at net.thucydides.core.steps.StepInterceptor.executeTestStepMethod(StepInterceptor.java:285)
	at net.thucydides.core.steps.StepInterceptor.runTestStep(StepInterceptor.java:261)
	at net.thucydides.core.steps.StepInterceptor.testStepResult(StepInterceptor.java:125)
	at net.thucydides.core.steps.StepInterceptor.intercept(StepInterceptor.java:51)
	at com.dataart.steps.UserLoginSteps$$EnhancerByCGLIB$$c025ddf.verify_DA_page(<generated>)
	at com.dataart.jbehave.LoginTestSuite.verifyDAPage(LoginTestSuite.java:94)
	at sun.reflect.NativeMethodAccessorImpl.invoke0(Native Method)
	at sun.reflect.NativeMethodAccessorImpl.invoke(NativeMethodAccessorImpl.java:62)
	at sun.reflect.DelegatingMethodAccessorImpl.invoke(DelegatingMethodAccessorImpl.java:43)
	at java.lang.reflect.Method.invoke(Method.java:483)
	at org.jbehave.core.steps.StepCreator$ParametrisedStep.perform(StepCreator.java:595)
	at org.jbehave.core.embedder.StoryRunner$FineSoFar.run(StoryRunner.java:535)
	at org.jbehave.core.embedder.StoryRunner.runStepsWhileKeepingState(StoryRunner.java:515)
	at org.jbehave.core.embedder.StoryRunner.runScenarioSteps(StoryRunner.java:479)
	at org.jbehave.core.embedder.StoryRunner.runStepsWithLifecycle(StoryRunner.java:445)
	at org.jbehave.core.embedder.StoryRunner.runCancellable(StoryRunner.java:305)
	at org.jbehave.core.embedder.StoryRunner.run(StoryRunner.java:220)
	at org.jbehave.core.embedder.StoryRunner.run(StoryRunner.java:181)
	at org.jbehave.core.embedder.StoryManager$EnqueuedStory.call(StoryManager.java:235)
	at org.jbehave.core.embedder.StoryManager$EnqueuedStory.call(StoryManager.java:207)
	at java.util.concurrent.FutureTask.run(FutureTask.java:266)
	at java.util.concurrent.ThreadPoolExecutor.runWorker(ThreadPoolExecutor.java:1142)
	at java.util.concurrent.ThreadPoolExecutor$Worker.run(ThreadPoolExecutor.java:617)
	at java.lang.Thread.run(Thread.java:745)
Running story RegistrationTestStory.story

(RegistrationTestStory.story)
Before storyRegistrationTestStory.story
46831 [pool-5-thread-1] INFO net.thucydides.core.Thucydides - Test Suite Started: Registration test story
Scenario: As user i want to be able to see E-mail confirmation message when i register with correct credentials
46832 [pool-5-thread-1] INFO net.thucydides.core.Thucydides - 
  _____ _____ ____ _____   ____ _____  _    ____ _____ _____ ____  
 |_   _| ____/ ___|_   _| / ___|_   _|/ \  |  _ \_   _| ____|  _ \ 
   | | |  _| \___ \ | |   \___ \ | | / _ \ | |_) || | |  _| | | | |
   | | | |___ ___) || |    ___) || |/ ___ \|  _ < | | | |___| |_| |
   |_| |_____|____/ |_|   |____/ |_/_/   \_\_| \_\|_| |_____|____/ 
                                                                   

TEST STARTED: As user i want to be able to see E-mail confirmation message when i register with correct credentials
--------------------------------------------------------------------
46840 [pool-5-thread-1] INFO net.thucydides.core.steps.StepInterceptor - STARTING STEP: is_on_the_registration_page
Starting ChromeDriver (v2.10.267521) on port 25302
Only local connections are allowed.
49931 [pool-5-thread-1] INFO net.thucydides.core.steps.StepInterceptor - STEP DONE: is_on_the_registration_page
Given the user is on the Registration page
49933 [pool-5-thread-1] INFO net.thucydides.core.steps.StepInterceptor - STARTING STEP: enter_all_correct_credentials
52887 [pool-5-thread-1] INFO net.thucydides.core.steps.StepInterceptor - STEP DONE: enter_all_correct_credentials
When enter all correct credentials
52890 [pool-5-thread-1] INFO net.thucydides.core.steps.StepInterceptor - STARTING STEP: click_Sign_up
53074 [pool-5-thread-1] INFO net.thucydides.core.steps.StepInterceptor - STEP DONE: click_Sign_up
And user click Sign up
53078 [pool-5-thread-1] INFO net.thucydides.core.steps.StepInterceptor - STARTING STEP: user_should_see_the_E_mail_confirmation_message
54241 [pool-5-thread-1] INFO net.thucydides.core.steps.StepInterceptor - STEP DONE: user_should_see_the_E_mail_confirmation_message
Then user should see the E-mail confirmation message You have signed up successfully. We have sent an email confirmation link to your email.

54351 [pool-5-thread-1] INFO net.thucydides.core.Thucydides - 
        __    _____ _____ ____ _____   ____   _    ____  ____  _____ ____  
  _     \ \  |_   _| ____/ ___|_   _| |  _ \ / \  / ___|/ ___|| ____|  _ \ 
 (_)_____| |   | | |  _| \___ \ | |   | |_) / _ \ \___ \\___ \|  _| | | | |
  _|_____| |   | | | |___ ___) || |   |  __/ ___ \ ___) |___) | |___| |_| |
 (_)     | |   |_| |_____|____/ |_|   |_| /_/   \_\____/|____/|_____|____/ 
        /_/                                                                

TEST PASSED: As user i want to be able to see E-mail confirmation message when i register with correct credentials
----------------------------------------------------------------------------
Scenario: As user i want to be able to see 7 warrning message about blank fields when i register without any credentials
54351 [pool-5-thread-1] INFO net.thucydides.core.Thucydides - 
  _____ _____ ____ _____   ____ _____  _    ____ _____ _____ ____  
 |_   _| ____/ ___|_   _| / ___|_   _|/ \  |  _ \_   _| ____|  _ \ 
   | | |  _| \___ \ | |   \___ \ | | / _ \ | |_) || | |  _| | | | |
   | | | |___ ___) || |    ___) || |/ ___ \|  _ < | | | |___| |_| |
   |_| |_____|____/ |_|   |____/ |_/_/   \_\_| \_\|_| |_____|____/ 
                                                                   

TEST STARTED: As user i want to be able to see 7 warrning message about blank fields when i register without any credentials
--------------------------------------------------------------------
54357 [pool-5-thread-1] INFO net.thucydides.core.steps.StepInterceptor - STARTING STEP: is_on_the_registration_page
54630 [pool-5-thread-1] INFO net.thucydides.core.steps.StepInterceptor - STEP DONE: is_on_the_registration_page
Given the user is on the Registration page
54632 [pool-5-thread-1] INFO net.thucydides.core.steps.StepInterceptor - STARTING STEP: click_Sign_up
54840 [pool-5-thread-1] INFO net.thucydides.core.steps.StepInterceptor - STEP DONE: click_Sign_up
When user click Sign up
54844 [pool-5-thread-1] INFO net.thucydides.core.steps.StepInterceptor - STARTING STEP: user_should_see_the_warrning_messages_about_blank_fields
0
Then user should see 7 warrning messages about blank fields (FAILED)
(java.lang.AssertionError: expected:<0> but was:<7>)

java.lang.AssertionError: expected:<0> but was:<7>
	at org.junit.Assert.fail(Assert.java:91)
	at org.junit.Assert.failNotEquals(Assert.java:645)
	at org.junit.Assert.assertEquals(Assert.java:126)
	at org.junit.Assert.assertEquals(Assert.java:470)
	at org.junit.Assert.assertEquals(Assert.java:454)
	at com.dataart.steps.UserRegistrationSteps.user_should_see_the_warrning_messages_about_blank_fields(UserRegistrationSteps.java:40)
	at com.dataart.steps.UserRegistrationSteps$$EnhancerByCGLIB$$14218e37.CGLIB$user_should_see_the_warrning_messages_about_blank_fields$0(<generated>)
	at com.dataart.steps.UserRegistrationSteps$$EnhancerByCGLIB$$14218e37$$FastClassByCGLIB$$2c21989f.invoke(<generated>)
	at net.sf.cglib.proxy.MethodProxy.invokeSuper(MethodProxy.java:228)
	at net.thucydides.core.steps.StepInterceptor.executeTestStepMethod(StepInterceptor.java:285)
	at net.thucydides.core.steps.StepInterceptor.runTestStep(StepInterceptor.java:261)
	at net.thucydides.core.steps.StepInterceptor.testStepResult(StepInterceptor.java:125)
	at net.thucydides.core.steps.StepInterceptor.intercept(StepInterceptor.java:51)
	at com.dataart.steps.UserRegistrationSteps$$EnhancerByCGLIB$$14218e37.user_should_see_the_warrning_messages_about_blank_fields(<generated>)
	at com.dataart.jbehave.RegistrationTestSuite.userShouldSeeTheWarrningMessagesAboutBlankFields(RegistrationTestSuite.java:42)
	(reflection-invoke)
	at org.jbehave.core.steps.StepCreator$ParametrisedStep.perform(StepCreator.java:595)
	at org.jbehave.core.embedder.StoryRunner$FineSoFar.run(StoryRunner.java:535)
...
55198 [pool-5-thread-1] INFO net.thucydides.core.Thucydides - 
           __  _____ _____ ____ _____   _____ _    ___ _     _____ ____  
  _       / / |_   _| ____/ ___|_   _| |  ___/ \  |_ _| |   | ____|  _ \ 
 (_)_____| |    | | |  _| \___ \ | |   | |_ / _ \  | || |   |  _| | | | |
  _|_____| |    | | | |___ ___) || |   |  _/ ___ \ | || |___| |___| |_| |
 (_)     | |    |_| |_____|____/ |_|   |_|/_/   \_\___|_____|_____|____/ 
          \_\                                                            

TEST FAILED: As user i want to be able to see 7 warrning message about blank fields when i register without any credentials
--------------------------------------------------------------------------
55198 [pool-5-thread-1] INFO net.thucydides.core.Thucydides - RELATED ISSUES: 
55198 [pool-5-thread-1] INFO net.thucydides.core.Thucydides - 
  _____ _    ___ _     _   _ ____  _____ 
 |  ___/ \  |_ _| |   | | | |  _ \| ____|
 | |_ / _ \  | || |   | | | | |_) |  _|  
 |  _/ ___ \ | || |___| |_| |  _ <| |___ 
 |_|/_/   \_\___|_____|\___/|_| \_\_____|
                                         

expected:<0> but was:<7>
Scenario: As user i want to be able to see Resend email button when i register with correct credentials
55199 [pool-5-thread-1] INFO net.thucydides.core.Thucydides - 
  _____ _____ ____ _____   ____ _____  _    ____ _____ _____ ____  
 |_   _| ____/ ___|_   _| / ___|_   _|/ \  |  _ \_   _| ____|  _ \ 
   | | |  _| \___ \ | |   \___ \ | | / _ \ | |_) || | |  _| | | | |
   | | | |___ ___) || |    ___) || |/ ___ \|  _ < | | | |___| |_| |
   |_| |_____|____/ |_|   |____/ |_/_/   \_\_| \_\|_| |_____|____/ 
                                                                   

TEST STARTED: As user i want to be able to see Resend email button when i register with correct credentials
--------------------------------------------------------------------
55205 [pool-5-thread-1] INFO net.thucydides.core.steps.StepInterceptor - STARTING STEP: is_on_the_registration_page
55464 [pool-5-thread-1] INFO net.thucydides.core.steps.StepInterceptor - STEP DONE: is_on_the_registration_page
Given the user is on the Registration page
55467 [pool-5-thread-1] INFO net.thucydides.core.steps.StepInterceptor - STARTING STEP: enter_all_correct_credentials
58234 [pool-5-thread-1] INFO net.thucydides.core.steps.StepInterceptor - STEP DONE: enter_all_correct_credentials
When enter all correct credentials
58236 [pool-5-thread-1] INFO net.thucydides.core.steps.StepInterceptor - STARTING STEP: click_Sign_up
58403 [pool-5-thread-1] INFO net.thucydides.core.steps.StepInterceptor - STEP DONE: click_Sign_up
And user click Sign up
58406 [pool-5-thread-1] INFO net.thucydides.core.steps.StepInterceptor - STARTING STEP: user_should_see_the_Resend_email_button
59474 [pool-5-thread-1] INFO net.thucydides.core.steps.StepInterceptor - STEP DONE: user_should_see_the_Resend_email_button
Then user should see the Resend email button

59478 [pool-5-thread-1] INFO net.thucydides.core.Thucydides - 
        __    _____ _____ ____ _____   ____   _    ____  ____  _____ ____  
  _     \ \  |_   _| ____/ ___|_   _| |  _ \ / \  / ___|/ ___|| ____|  _ \ 
 (_)_____| |   | | |  _| \___ \ | |   | |_) / _ \ \___ \\___ \|  _| | | | |
  _|_____| |   | | | |___ ___) || |   |  __/ ___ \ ___) |___) | |___| |_| |
 (_)     | |   |_| |_____|____/ |_|   |_| /_/   \_\____/|____/|_____|____/ 
        /_/                                                                

TEST PASSED: As user i want to be able to see Resend email button when i register with correct credentials
----------------------------------------------------------------------------

Failed to run story RegistrationTestStory.story
java.lang.AssertionError: expected:<0> but was:<7>
	at org.junit.Assert.fail(Assert.java:91)
	at org.junit.Assert.failNotEquals(Assert.java:645)
	at org.junit.Assert.assertEquals(Assert.java:126)
	at org.junit.Assert.assertEquals(Assert.java:470)
	at org.junit.Assert.assertEquals(Assert.java:454)
	at com.dataart.steps.UserRegistrationSteps.user_should_see_the_warrning_messages_about_blank_fields(UserRegistrationSteps.java:40)
	at com.dataart.steps.UserRegistrationSteps$$EnhancerByCGLIB$$14218e37.CGLIB$user_should_see_the_warrning_messages_about_blank_fields$0(<generated>)
	at com.dataart.steps.UserRegistrationSteps$$EnhancerByCGLIB$$14218e37$$FastClassByCGLIB$$2c21989f.invoke(<generated>)
	at net.sf.cglib.proxy.MethodProxy.invokeSuper(MethodProxy.java:228)
	at net.thucydides.core.steps.StepInterceptor.executeTestStepMethod(StepInterceptor.java:285)
	at net.thucydides.core.steps.StepInterceptor.runTestStep(StepInterceptor.java:261)
	at net.thucydides.core.steps.StepInterceptor.testStepResult(StepInterceptor.java:125)
	at net.thucydides.core.steps.StepInterceptor.intercept(StepInterceptor.java:51)
	at com.dataart.steps.UserRegistrationSteps$$EnhancerByCGLIB$$14218e37.user_should_see_the_warrning_messages_about_blank_fields(<generated>)
	at com.dataart.jbehave.RegistrationTestSuite.userShouldSeeTheWarrningMessagesAboutBlankFields(RegistrationTestSuite.java:42)
	at sun.reflect.NativeMethodAccessorImpl.invoke0(Native Method)
	at sun.reflect.NativeMethodAccessorImpl.invoke(NativeMethodAccessorImpl.java:62)
	at sun.reflect.DelegatingMethodAccessorImpl.invoke(DelegatingMethodAccessorImpl.java:43)
	at java.lang.reflect.Method.invoke(Method.java:483)
	at org.jbehave.core.steps.StepCreator$ParametrisedStep.perform(StepCreator.java:595)
	at org.jbehave.core.embedder.StoryRunner$FineSoFar.run(StoryRunner.java:535)
	at org.jbehave.core.embedder.StoryRunner.runStepsWhileKeepingState(StoryRunner.java:515)
	at org.jbehave.core.embedder.StoryRunner.runScenarioSteps(StoryRunner.java:479)
	at org.jbehave.core.embedder.StoryRunner.runStepsWithLifecycle(StoryRunner.java:445)
	at org.jbehave.core.embedder.StoryRunner.runCancellable(StoryRunner.java:305)
	at org.jbehave.core.embedder.StoryRunner.run(StoryRunner.java:220)
	at org.jbehave.core.embedder.StoryRunner.run(StoryRunner.java:181)
	at org.jbehave.core.embedder.StoryManager$EnqueuedStory.call(StoryManager.java:235)
	at org.jbehave.core.embedder.StoryManager$EnqueuedStory.call(StoryManager.java:207)
	at java.util.concurrent.FutureTask.run(FutureTask.java:266)
	at java.util.concurrent.ThreadPoolExecutor.runWorker(ThreadPoolExecutor.java:1142)
	at java.util.concurrent.ThreadPoolExecutor$Worker.run(ThreadPoolExecutor.java:617)
	at java.lang.Thread.run(Thread.java:745)

(AfterStories)
Before storyAfterStories

60860 [main] INFO net.thucydides.core.reports.ReportService - Reporting formats: [JSON, XML, HTML]
60861 [main] INFO net.thucydides.core.reports.ReportService - Found reporter: net.thucydides.core.reports.xml.XMLTestOutcomeReporter@5c42d2b7(format = Optional.of(XML))
60861 [main] INFO net.thucydides.core.reports.ReportService - Registering reporter: net.thucydides.core.reports.xml.XMLTestOutcomeReporter@5c42d2b7
60861 [main] INFO net.thucydides.core.reports.ReportService - Found reporter: net.thucydides.core.reports.json.JSONTestOutcomeReporter@625abb97(format = Optional.of(JSON))
60861 [main] INFO net.thucydides.core.reports.ReportService - Registering reporter: net.thucydides.core.reports.json.JSONTestOutcomeReporter@625abb97
60861 [main] INFO net.thucydides.core.reports.ReportService - Found reporter: net.thucydides.core.reports.html.HtmlAcceptanceTestReporter@5b1f29fa(format = Optional.of(HTML))
60861 [main] INFO net.thucydides.core.reports.ReportService - Registering reporter: net.thucydides.core.reports.html.HtmlAcceptanceTestReporter@5b1f29fa
60862 [main] INFO net.thucydides.core.reports.ReportService - Generating reports using: net.thucydides.core.reports.xml.XMLTestOutcomeReporter@5c42d2b7
60864 [pool-6-thread-1] INFO net.thucydides.core.reports.ReportService - Processing test outcome Login test story:Login as valid user
60864 [pool-6-thread-1] INFO net.thucydides.core.reports.ReportService - net.thucydides.core.reports.xml.XMLTestOutcomeReporter@5c42d2b7: Generating report for test outcome: Login test story:Login as valid user
60864 [pool-6-thread-2] INFO net.thucydides.core.reports.ReportService - Processing test outcome Login test story:As user i want to be able to see error message when i login without any credentials
60864 [pool-6-thread-2] INFO net.thucydides.core.reports.ReportService - net.thucydides.core.reports.xml.XMLTestOutcomeReporter@5c42d2b7: Generating report for test outcome: Login test story:As user i want to be able to see error message when i login without any credentials
60866 [pool-6-thread-1] INFO net.thucydides.core.reports.xml.XMLTestOutcomeReporter - Generating XML report for Login as valid user to file c:\Users\oshchegula\workspace2\icpc\target\site\thucydides\5071fefbb6617d8c6af738d76004c0f5943a5a53b3c98086fdc0e3609bb6799c.xml
60866 [pool-6-thread-2] INFO net.thucydides.core.reports.xml.XMLTestOutcomeReporter - Generating XML report for As user i want to be able to see error message when i login without any credentials to file c:\Users\oshchegula\workspace2\icpc\target\site\thucydides\4beffae17f8fb6f2faa38fae281fa7b6e5f7204abf2cf24ae14c14a702ea819c.xml
60869 [pool-6-thread-4] INFO net.thucydides.core.reports.ReportService - Processing test outcome Login test story:As user i want to be able to see error message when i login with correct email and without password
60869 [pool-6-thread-3] INFO net.thucydides.core.reports.ReportService - Processing test outcome Login test story:As user i want to be able to see error message when i login with wrong credentials
60869 [pool-6-thread-4] INFO net.thucydides.core.reports.ReportService - net.thucydides.core.reports.xml.XMLTestOutcomeReporter@5c42d2b7: Generating report for test outcome: Login test story:As user i want to be able to see error message when i login with correct email and without password
60869 [pool-6-thread-3] INFO net.thucydides.core.reports.ReportService - net.thucydides.core.reports.xml.XMLTestOutcomeReporter@5c42d2b7: Generating report for test outcome: Login test story:As user i want to be able to see error message when i login with wrong credentials
60870 [pool-6-thread-4] INFO net.thucydides.core.reports.xml.XMLTestOutcomeReporter - Generating XML report for As user i want to be able to see error message when i login with correct email and without password to file c:\Users\oshchegula\workspace2\icpc\target\site\thucydides\b60bcdb2279d522ae5aab6b133a3a514888728cc5fd8c218dca3394494fbdcbe.xml
60870 [pool-6-thread-3] INFO net.thucydides.core.reports.xml.XMLTestOutcomeReporter - Generating XML report for As user i want to be able to see error message when i login with wrong credentials to file c:\Users\oshchegula\workspace2\icpc\target\site\thucydides\e103f3b81d1399b6b1202810aa437605475e53823ad48f158458ebd9cd4e88ba.xml
60873 [pool-6-thread-2] INFO net.thucydides.core.reports.xml.XMLTestOutcomeReporter - XML report generated (c:\Users\oshchegula\workspace2\icpc\target\site\thucydides\4beffae17f8fb6f2faa38fae281fa7b6e5f7204abf2cf24ae14c14a702ea819c.xml bytes) 1403
60873 [pool-6-thread-2] INFO net.thucydides.core.reports.ReportService - Report generated for Login test story:As user i want to be able to see error message when i login without any credentials
60874 [pool-6-thread-2] INFO net.thucydides.core.reports.ReportService - Processing test outcome Login test story:As user i want to be able to choose ukrainian version of the site
60874 [pool-6-thread-2] INFO net.thucydides.core.reports.ReportService - net.thucydides.core.reports.xml.XMLTestOutcomeReporter@5c42d2b7: Generating report for test outcome: Login test story:As user i want to be able to choose ukrainian version of the site
60875 [pool-6-thread-2] INFO net.thucydides.core.reports.xml.XMLTestOutcomeReporter - Generating XML report for As user i want to be able to choose ukrainian version of the site to file c:\Users\oshchegula\workspace2\icpc\target\site\thucydides\837952de65579dd717fffd271090abcbad3c183a2bee487556d5806d19a2b6ac.xml
60875 [pool-6-thread-8] INFO net.thucydides.core.reports.ReportService - Processing test outcome Login test story:As user i want to be able to choose english version of the site
60876 [pool-6-thread-8] INFO net.thucydides.core.reports.ReportService - net.thucydides.core.reports.xml.XMLTestOutcomeReporter@5c42d2b7: Generating report for test outcome: Login test story:As user i want to be able to choose english version of the site
60876 [pool-6-thread-7] INFO net.thucydides.core.reports.ReportService - Processing test outcome Login test story:As user i want to be able to choose russian version of the site
60876 [pool-6-thread-7] INFO net.thucydides.core.reports.ReportService - net.thucydides.core.reports.xml.XMLTestOutcomeReporter@5c42d2b7: Generating report for test outcome: Login test story:As user i want to be able to choose russian version of the site
60877 [pool-6-thread-8] INFO net.thucydides.core.reports.xml.XMLTestOutcomeReporter - Generating XML report for As user i want to be able to choose english version of the site to file c:\Users\oshchegula\workspace2\icpc\target\site\thucydides\ba40a67ceb512d063aa96a5bcb0bc1be48d8a120aa6fb5aa40f5ea369fbdb1cb.xml
60877 [pool-6-thread-7] INFO net.thucydides.core.reports.xml.XMLTestOutcomeReporter - Generating XML report for As user i want to be able to choose russian version of the site to file c:\Users\oshchegula\workspace2\icpc\target\site\thucydides\bbc4a130a79451d286a83f93174c4e60249e04b3a2a2a999ca8271d9ae2fbd67.xml
60879 [pool-6-thread-5] INFO net.thucydides.core.reports.ReportService - Processing test outcome Login test story:As user i want to be able to see error message when i login with correct password and without email
60879 [pool-6-thread-5] INFO net.thucydides.core.reports.ReportService - net.thucydides.core.reports.xml.XMLTestOutcomeReporter@5c42d2b7: Generating report for test outcome: Login test story:As user i want to be able to see error message when i login with correct password and without email
60880 [pool-6-thread-8] INFO net.thucydides.core.reports.xml.XMLTestOutcomeReporter - XML report generated (c:\Users\oshchegula\workspace2\icpc\target\site\thucydides\ba40a67ceb512d063aa96a5bcb0bc1be48d8a120aa6fb5aa40f5ea369fbdb1cb.xml bytes) 1484
60880 [pool-6-thread-8] INFO net.thucydides.core.reports.ReportService - Report generated for Login test story:As user i want to be able to choose english version of the site
60880 [pool-6-thread-8] INFO net.thucydides.core.reports.ReportService - Processing test outcome Login test story:As user i want to be able to get to the DA site when i click on the link
60880 [pool-6-thread-8] INFO net.thucydides.core.reports.ReportService - net.thucydides.core.reports.xml.XMLTestOutcomeReporter@5c42d2b7: Generating report for test outcome: Login test story:As user i want to be able to get to the DA site when i click on the link
60881 [pool-6-thread-8] INFO net.thucydides.core.reports.xml.XMLTestOutcomeReporter - Generating XML report for As user i want to be able to get to the DA site when i click on the link to file c:\Users\oshchegula\workspace2\icpc\target\site\thucydides\5ba040212ad52dcc66edfc7449193bd3dcd4997a0d758d7a2b87b3c4406abc14.xml
60884 [pool-6-thread-8] INFO net.thucydides.core.reports.xml.XMLTestOutcomeReporter - XML report generated (c:\Users\oshchegula\workspace2\icpc\target\site\thucydides\5ba040212ad52dcc66edfc7449193bd3dcd4997a0d758d7a2b87b3c4406abc14.xml bytes) 2223
60885 [pool-6-thread-8] INFO net.thucydides.core.reports.ReportService - Report generated for Login test story:As user i want to be able to get to the DA site when i click on the link
60885 [pool-6-thread-8] INFO net.thucydides.core.reports.ReportService - Processing test outcome Login test story:As user i want to be able to get to the GitHub's project page when i click on the link
60885 [pool-6-thread-8] INFO net.thucydides.core.reports.ReportService - net.thucydides.core.reports.xml.XMLTestOutcomeReporter@5c42d2b7: Generating report for test outcome: Login test story:As user i want to be able to get to the GitHub's project page when i click on the link
60886 [pool-6-thread-8] INFO net.thucydides.core.reports.xml.XMLTestOutcomeReporter - Generating XML report for As user i want to be able to get to the GitHub's project page when i click on the link to file c:\Users\oshchegula\workspace2\icpc\target\site\thucydides\b440fd9a5029f195156d3acda544388248be23a2463616f8d2dcc129f8677a27.xml
60887 [pool-6-thread-5] INFO net.thucydides.core.reports.xml.XMLTestOutcomeReporter - Generating XML report for As user i want to be able to see error message when i login with correct password and without email to file c:\Users\oshchegula\workspace2\icpc\target\site\thucydides\75e4bcd5468d2cdd6df87c48537430492e23b9c5282f54d4e83c137d5ae78327.xml
60889 [pool-6-thread-8] INFO net.thucydides.core.reports.xml.XMLTestOutcomeReporter - XML report generated (c:\Users\oshchegula\workspace2\icpc\target\site\thucydides\b440fd9a5029f195156d3acda544388248be23a2463616f8d2dcc129f8677a27.xml bytes) 1904
60889 [pool-6-thread-8] INFO net.thucydides.core.reports.ReportService - Report generated for Login test story:As user i want to be able to get to the GitHub's project page when i click on the link
60889 [pool-6-thread-8] INFO net.thucydides.core.reports.ReportService - Processing test outcome Login test story:As user i want to be able to get to the Twitter's project page when i click on the link
60889 [pool-6-thread-8] INFO net.thucydides.core.reports.ReportService - net.thucydides.core.reports.xml.XMLTestOutcomeReporter@5c42d2b7: Generating report for test outcome: Login test story:As user i want to be able to get to the Twitter's project page when i click on the link
60891 [pool-6-thread-8] INFO net.thucydides.core.reports.xml.XMLTestOutcomeReporter - Generating XML report for As user i want to be able to get to the Twitter's project page when i click on the link to file c:\Users\oshchegula\workspace2\icpc\target\site\thucydides\e1b219fe6c04ce6fc7c8e31b9340ec6ffe8d77d78cfc848acaff27af84cc9cc0.xml
60892 [pool-6-thread-1] INFO net.thucydides.core.reports.xml.XMLTestOutcomeReporter - XML report generated (c:\Users\oshchegula\workspace2\icpc\target\site\thucydides\5071fefbb6617d8c6af738d76004c0f5943a5a53b3c98086fdc0e3609bb6799c.xml bytes) 1698
60892 [pool-6-thread-1] INFO net.thucydides.core.reports.ReportService - Report generated for Login test story:Login as valid user
60892 [pool-6-thread-1] INFO net.thucydides.core.reports.ReportService - Processing test outcome Login test story:As user i want to see that email address of project is correct
60892 [pool-6-thread-1] INFO net.thucydides.core.reports.ReportService - net.thucydides.core.reports.xml.XMLTestOutcomeReporter@5c42d2b7: Generating report for test outcome: Login test story:As user i want to see that email address of project is correct
60893 [pool-6-thread-1] INFO net.thucydides.core.reports.xml.XMLTestOutcomeReporter - Generating XML report for As user i want to see that email address of project is correct to file c:\Users\oshchegula\workspace2\icpc\target\site\thucydides\c4e5c79681e9032525284758c0a3ee3a33f3e575cc31a8e3b7b8ad5b32ad5991.xml
60894 [pool-6-thread-8] INFO net.thucydides.core.reports.xml.XMLTestOutcomeReporter - XML report generated (c:\Users\oshchegula\workspace2\icpc\target\site\thucydides\e1b219fe6c04ce6fc7c8e31b9340ec6ffe8d77d78cfc848acaff27af84cc9cc0.xml bytes) 1923
60894 [pool-6-thread-8] INFO net.thucydides.core.reports.ReportService - Report generated for Login test story:As user i want to be able to get to the Twitter's project page when i click on the link
60894 [pool-6-thread-8] INFO net.thucydides.core.reports.ReportService - Processing test outcome Registration test story:As user i want to be able to see E-mail confirmation message when i register with correct credentials
60894 [pool-6-thread-8] INFO net.thucydides.core.reports.ReportService - net.thucydides.core.reports.xml.XMLTestOutcomeReporter@5c42d2b7: Generating report for test outcome: Registration test story:As user i want to be able to see E-mail confirmation message when i register with correct credentials
60895 [pool-6-thread-8] INFO net.thucydides.core.reports.xml.XMLTestOutcomeReporter - Generating XML report for As user i want to be able to see E-mail confirmation message when i register with correct credentials to file c:\Users\oshchegula\workspace2\icpc\target\site\thucydides\c849ed38be2f3ac51be48c7bc4de30281f32ba1bcb51b909d24bd863a0e2f840.xml
60896 [pool-6-thread-1] INFO net.thucydides.core.reports.xml.XMLTestOutcomeReporter - XML report generated (c:\Users\oshchegula\workspace2\icpc\target\site\thucydides\c4e5c79681e9032525284758c0a3ee3a33f3e575cc31a8e3b7b8ad5b32ad5991.xml bytes) 1027
60896 [pool-6-thread-1] INFO net.thucydides.core.reports.ReportService - Report generated for Login test story:As user i want to see that email address of project is correct
60896 [pool-6-thread-1] INFO net.thucydides.core.reports.ReportService - Processing test outcome Registration test story:As user i want to be able to see 7 warrning message about blank fields when i register without any credentials
60896 [pool-6-thread-1] INFO net.thucydides.core.reports.ReportService - net.thucydides.core.reports.xml.XMLTestOutcomeReporter@5c42d2b7: Generating report for test outcome: Registration test story:As user i want to be able to see 7 warrning message about blank fields when i register without any credentials
60898 [pool-6-thread-1] INFO net.thucydides.core.reports.xml.XMLTestOutcomeReporter - Generating XML report for As user i want to be able to see 7 warrning message about blank fields when i register without any credentials to file c:\Users\oshchegula\workspace2\icpc\target\site\thucydides\ff6c7198cddef62ee7b114472f0505689fba8688813e4849e70eaed1bd9f43d2.xml
60900 [pool-6-thread-8] INFO net.thucydides.core.reports.xml.XMLTestOutcomeReporter - XML report generated (c:\Users\oshchegula\workspace2\icpc\target\site\thucydides\c849ed38be2f3ac51be48c7bc4de30281f32ba1bcb51b909d24bd863a0e2f840.xml bytes) 1722
60900 [pool-6-thread-8] INFO net.thucydides.core.reports.ReportService - Report generated for Registration test story:As user i want to be able to see E-mail confirmation message when i register with correct credentials
60900 [pool-6-thread-8] INFO net.thucydides.core.reports.ReportService - Processing test outcome Registration test story:As user i want to be able to see Resend email button when i register with correct credentials
60900 [pool-6-thread-8] INFO net.thucydides.core.reports.ReportService - net.thucydides.core.reports.xml.XMLTestOutcomeReporter@5c42d2b7: Generating report for test outcome: Registration test story:As user i want to be able to see Resend email button when i register with correct credentials
60900 [pool-6-thread-1] INFO net.thucydides.core.reports.xml.XMLTestOutcomeReporter - XML report generated (c:\Users\oshchegula\workspace2\icpc\target\site\thucydides\ff6c7198cddef62ee7b114472f0505689fba8688813e4849e70eaed1bd9f43d2.xml bytes) 1992
60900 [pool-6-thread-1] INFO net.thucydides.core.reports.ReportService - Report generated for Registration test story:As user i want to be able to see 7 warrning message about blank fields when i register without any credentials
60901 [pool-6-thread-8] INFO net.thucydides.core.reports.xml.XMLTestOutcomeReporter - Generating XML report for As user i want to be able to see Resend email button when i register with correct credentials to file c:\Users\oshchegula\workspace2\icpc\target\site\thucydides\01264d3db62dfd5f7b6c47f2d790402b8cd0524050046a67858002741f0a7d96.xml
60903 [pool-6-thread-8] INFO net.thucydides.core.reports.xml.XMLTestOutcomeReporter - XML report generated (c:\Users\oshchegula\workspace2\icpc\target\site\thucydides\01264d3db62dfd5f7b6c47f2d790402b8cd0524050046a67858002741f0a7d96.xml bytes) 1453
60904 [pool-6-thread-8] INFO net.thucydides.core.reports.ReportService - Report generated for Registration test story:As user i want to be able to see Resend email button when i register with correct credentials
60905 [pool-6-thread-7] INFO net.thucydides.core.reports.xml.XMLTestOutcomeReporter - XML report generated (c:\Users\oshchegula\workspace2\icpc\target\site\thucydides\bbc4a130a79451d286a83f93174c4e60249e04b3a2a2a999ca8271d9ae2fbd67.xml bytes) 1622
60905 [pool-6-thread-2] INFO net.thucydides.core.reports.xml.XMLTestOutcomeReporter - XML report generated (c:\Users\oshchegula\workspace2\icpc\target\site\thucydides\837952de65579dd717fffd271090abcbad3c183a2bee487556d5806d19a2b6ac.xml bytes) 1136
60906 [pool-6-thread-7] INFO net.thucydides.core.reports.ReportService - Report generated for Login test story:As user i want to be able to choose russian version of the site
60906 [pool-6-thread-2] INFO net.thucydides.core.reports.ReportService - Report generated for Login test story:As user i want to be able to choose ukrainian version of the site
60906 [pool-6-thread-6] INFO net.thucydides.core.reports.ReportService - Processing test outcome Login test story:As user i want to be able to see registration page if i click on "Register now" link
60906 [pool-6-thread-6] INFO net.thucydides.core.reports.ReportService - net.thucydides.core.reports.xml.XMLTestOutcomeReporter@5c42d2b7: Generating report for test outcome: Login test story:As user i want to be able to see registration page if i click on "Register now" link
60908 [pool-6-thread-6] INFO net.thucydides.core.reports.xml.XMLTestOutcomeReporter - Generating XML report for As user i want to be able to see registration page if i click on "Register now" link to file c:\Users\oshchegula\workspace2\icpc\target\site\thucydides\f4c2ba3b6425b5eb210c029ce34358904796d2012f62c89529d2da63daa31909.xml
60909 [pool-6-thread-3] INFO net.thucydides.core.reports.xml.XMLTestOutcomeReporter - XML report generated (c:\Users\oshchegula\workspace2\icpc\target\site\thucydides\e103f3b81d1399b6b1202810aa437605475e53823ad48f158458ebd9cd4e88ba.xml bytes) 1657
60909 [pool-6-thread-3] INFO net.thucydides.core.reports.ReportService - Report generated for Login test story:As user i want to be able to see error message when i login with wrong credentials
60910 [pool-6-thread-4] INFO net.thucydides.core.reports.xml.XMLTestOutcomeReporter - XML report generated (c:\Users\oshchegula\workspace2\icpc\target\site\thucydides\b60bcdb2279d522ae5aab6b133a3a514888728cc5fd8c218dca3394494fbdcbe.xml bytes) 1666
60910 [pool-6-thread-4] INFO net.thucydides.core.reports.ReportService - Report generated for Login test story:As user i want to be able to see error message when i login with correct email and without password
60913 [pool-6-thread-5] INFO net.thucydides.core.reports.xml.XMLTestOutcomeReporter - XML report generated (c:\Users\oshchegula\workspace2\icpc\target\site\thucydides\75e4bcd5468d2cdd6df87c48537430492e23b9c5282f54d4e83c137d5ae78327.xml bytes) 2436
60913 [pool-6-thread-5] INFO net.thucydides.core.reports.ReportService - Report generated for Login test story:As user i want to be able to see error message when i login with correct password and without email
60913 [pool-6-thread-6] INFO net.thucydides.core.reports.xml.XMLTestOutcomeReporter - XML report generated (c:\Users\oshchegula\workspace2\icpc\target\site\thucydides\f4c2ba3b6425b5eb210c029ce34358904796d2012f62c89529d2da63daa31909.xml bytes) 1407
60913 [pool-6-thread-6] INFO net.thucydides.core.reports.ReportService - Report generated for Login test story:As user i want to be able to see registration page if i click on "Register now" link
60963 [main] INFO net.thucydides.core.reports.ReportService - Reports generated in: 101
60963 [main] INFO net.thucydides.core.reports.ReportService - Generating reports using: net.thucydides.core.reports.json.JSONTestOutcomeReporter@625abb97
60963 [pool-7-thread-1] INFO net.thucydides.core.reports.ReportService - Processing test outcome Login test story:Login as valid user
60963 [pool-7-thread-1] INFO net.thucydides.core.reports.ReportService - net.thucydides.core.reports.json.JSONTestOutcomeReporter@625abb97: Generating report for test outcome: Login test story:Login as valid user
60964 [pool-7-thread-2] INFO net.thucydides.core.reports.ReportService - Processing test outcome Login test story:As user i want to be able to see error message when i login without any credentials
60964 [pool-7-thread-3] INFO net.thucydides.core.reports.ReportService - Processing test outcome Login test story:As user i want to be able to see error message when i login with wrong credentials
60964 [pool-7-thread-2] INFO net.thucydides.core.reports.ReportService - net.thucydides.core.reports.json.JSONTestOutcomeReporter@625abb97: Generating report for test outcome: Login test story:As user i want to be able to see error message when i login without any credentials
60964 [pool-7-thread-3] INFO net.thucydides.core.reports.ReportService - net.thucydides.core.reports.json.JSONTestOutcomeReporter@625abb97: Generating report for test outcome: Login test story:As user i want to be able to see error message when i login with wrong credentials
60965 [pool-7-thread-6] INFO net.thucydides.core.reports.ReportService - Processing test outcome Login test story:As user i want to be able to see registration page if i click on "Register now" link
60965 [pool-7-thread-6] INFO net.thucydides.core.reports.ReportService - net.thucydides.core.reports.json.JSONTestOutcomeReporter@625abb97: Generating report for test outcome: Login test story:As user i want to be able to see registration page if i click on "Register now" link
60965 [pool-7-thread-5] INFO net.thucydides.core.reports.ReportService - Processing test outcome Login test story:As user i want to be able to see error message when i login with correct password and without email
60965 [pool-7-thread-5] INFO net.thucydides.core.reports.ReportService - net.thucydides.core.reports.json.JSONTestOutcomeReporter@625abb97: Generating report for test outcome: Login test story:As user i want to be able to see error message when i login with correct password and without email
60966 [pool-7-thread-7] INFO net.thucydides.core.reports.ReportService - Processing test outcome Login test story:As user i want to be able to choose russian version of the site
60966 [pool-7-thread-7] INFO net.thucydides.core.reports.ReportService - net.thucydides.core.reports.json.JSONTestOutcomeReporter@625abb97: Generating report for test outcome: Login test story:As user i want to be able to choose russian version of the site
60966 [pool-7-thread-8] INFO net.thucydides.core.reports.ReportService - Processing test outcome Login test story:As user i want to be able to choose english version of the site
60966 [pool-7-thread-8] INFO net.thucydides.core.reports.ReportService - net.thucydides.core.reports.json.JSONTestOutcomeReporter@625abb97: Generating report for test outcome: Login test story:As user i want to be able to choose english version of the site
60966 [pool-7-thread-4] INFO net.thucydides.core.reports.ReportService - Processing test outcome Login test story:As user i want to be able to see error message when i login with correct email and without password
60967 [pool-7-thread-4] INFO net.thucydides.core.reports.ReportService - net.thucydides.core.reports.json.JSONTestOutcomeReporter@625abb97: Generating report for test outcome: Login test story:As user i want to be able to see error message when i login with correct email and without password
60968 [pool-7-thread-7] INFO net.thucydides.core.reports.ReportService - Report generated for Login test story:As user i want to be able to choose russian version of the site
60968 [pool-7-thread-7] INFO net.thucydides.core.reports.ReportService - Processing test outcome Login test story:As user i want to be able to choose ukrainian version of the site
60968 [pool-7-thread-7] INFO net.thucydides.core.reports.ReportService - net.thucydides.core.reports.json.JSONTestOutcomeReporter@625abb97: Generating report for test outcome: Login test story:As user i want to be able to choose ukrainian version of the site
60968 [pool-7-thread-8] INFO net.thucydides.core.reports.ReportService - Report generated for Login test story:As user i want to be able to choose english version of the site
60968 [pool-7-thread-8] INFO net.thucydides.core.reports.ReportService - Processing test outcome Login test story:As user i want to be able to get to the DA site when i click on the link
60968 [pool-7-thread-8] INFO net.thucydides.core.reports.ReportService - net.thucydides.core.reports.json.JSONTestOutcomeReporter@625abb97: Generating report for test outcome: Login test story:As user i want to be able to get to the DA site when i click on the link
60971 [pool-7-thread-7] INFO net.thucydides.core.reports.ReportService - Report generated for Login test story:As user i want to be able to choose ukrainian version of the site
60971 [pool-7-thread-7] INFO net.thucydides.core.reports.ReportService - Processing test outcome Login test story:As user i want to be able to get to the GitHub's project page when i click on the link
60971 [pool-7-thread-7] INFO net.thucydides.core.reports.ReportService - net.thucydides.core.reports.json.JSONTestOutcomeReporter@625abb97: Generating report for test outcome: Login test story:As user i want to be able to get to the GitHub's project page when i click on the link
60972 [pool-7-thread-8] INFO net.thucydides.core.reports.ReportService - Report generated for Login test story:As user i want to be able to get to the DA site when i click on the link
60972 [pool-7-thread-8] INFO net.thucydides.core.reports.ReportService - Processing test outcome Login test story:As user i want to be able to get to the Twitter's project page when i click on the link
60972 [pool-7-thread-8] INFO net.thucydides.core.reports.ReportService - net.thucydides.core.reports.json.JSONTestOutcomeReporter@625abb97: Generating report for test outcome: Login test story:As user i want to be able to get to the Twitter's project page when i click on the link
60973 [pool-7-thread-7] INFO net.thucydides.core.reports.ReportService - Report generated for Login test story:As user i want to be able to get to the GitHub's project page when i click on the link
60973 [pool-7-thread-7] INFO net.thucydides.core.reports.ReportService - Processing test outcome Login test story:As user i want to see that email address of project is correct
60973 [pool-7-thread-7] INFO net.thucydides.core.reports.ReportService - net.thucydides.core.reports.json.JSONTestOutcomeReporter@625abb97: Generating report for test outcome: Login test story:As user i want to see that email address of project is correct
60975 [pool-7-thread-8] INFO net.thucydides.core.reports.ReportService - Report generated for Login test story:As user i want to be able to get to the Twitter's project page when i click on the link
60975 [pool-7-thread-8] INFO net.thucydides.core.reports.ReportService - Processing test outcome Registration test story:As user i want to be able to see E-mail confirmation message when i register with correct credentials
60975 [pool-7-thread-8] INFO net.thucydides.core.reports.ReportService - net.thucydides.core.reports.json.JSONTestOutcomeReporter@625abb97: Generating report for test outcome: Registration test story:As user i want to be able to see E-mail confirmation message when i register with correct credentials
60976 [pool-7-thread-7] INFO net.thucydides.core.reports.ReportService - Report generated for Login test story:As user i want to see that email address of project is correct
60976 [pool-7-thread-7] INFO net.thucydides.core.reports.ReportService - Processing test outcome Registration test story:As user i want to be able to see 7 warrning message about blank fields when i register without any credentials
60976 [pool-7-thread-7] INFO net.thucydides.core.reports.ReportService - net.thucydides.core.reports.json.JSONTestOutcomeReporter@625abb97: Generating report for test outcome: Registration test story:As user i want to be able to see 7 warrning message about blank fields when i register without any credentials
60978 [pool-7-thread-8] INFO net.thucydides.core.reports.ReportService - Report generated for Registration test story:As user i want to be able to see E-mail confirmation message when i register with correct credentials
60978 [pool-7-thread-8] INFO net.thucydides.core.reports.ReportService - Processing test outcome Registration test story:As user i want to be able to see Resend email button when i register with correct credentials
60978 [pool-7-thread-8] INFO net.thucydides.core.reports.ReportService - net.thucydides.core.reports.json.JSONTestOutcomeReporter@625abb97: Generating report for test outcome: Registration test story:As user i want to be able to see Resend email button when i register with correct credentials
60978 [pool-7-thread-7] INFO net.thucydides.core.reports.ReportService - Report generated for Registration test story:As user i want to be able to see 7 warrning message about blank fields when i register without any credentials
60980 [pool-7-thread-5] INFO net.thucydides.core.reports.ReportService - Report generated for Login test story:As user i want to be able to see error message when i login with correct password and without email
60980 [pool-7-thread-8] INFO net.thucydides.core.reports.ReportService - Report generated for Registration test story:As user i want to be able to see Resend email button when i register with correct credentials
60980 [pool-7-thread-3] INFO net.thucydides.core.reports.ReportService - Report generated for Login test story:As user i want to be able to see error message when i login with wrong credentials
60981 [pool-7-thread-2] INFO net.thucydides.core.reports.ReportService - Report generated for Login test story:As user i want to be able to see error message when i login without any credentials
60982 [pool-7-thread-4] INFO net.thucydides.core.reports.ReportService - Report generated for Login test story:As user i want to be able to see error message when i login with correct email and without password
60983 [pool-7-thread-1] INFO net.thucydides.core.reports.ReportService - Report generated for Login test story:Login as valid user
60983 [pool-7-thread-6] INFO net.thucydides.core.reports.ReportService - Report generated for Login test story:As user i want to be able to see registration page if i click on "Register now" link
61013 [main] INFO net.thucydides.core.reports.ReportService - Reports generated in: 50
61013 [main] INFO net.thucydides.core.reports.ReportService - Generating reports using: net.thucydides.core.reports.html.HtmlAcceptanceTestReporter@5b1f29fa
61013 [pool-8-thread-1] INFO net.thucydides.core.reports.ReportService - Processing test outcome Login test story:Login as valid user
61013 [pool-8-thread-2] INFO net.thucydides.core.reports.ReportService - Processing test outcome Login test story:As user i want to be able to see error message when i login without any credentials
61013 [pool-8-thread-1] INFO net.thucydides.core.reports.ReportService - net.thucydides.core.reports.html.HtmlAcceptanceTestReporter@5b1f29fa: Generating report for test outcome: Login test story:Login as valid user
61013 [pool-8-thread-2] INFO net.thucydides.core.reports.ReportService - net.thucydides.core.reports.html.HtmlAcceptanceTestReporter@5b1f29fa: Generating report for test outcome: Login test story:As user i want to be able to see error message when i login without any credentials
61018 [pool-8-thread-1] INFO net.thucydides.core.reports.html.HtmlAcceptanceTestReporter - GENERATING HTML REPORT FOR Login test story:Login as valid user => 5071fefbb6617d8c6af738d76004c0f5943a5a53b3c98086fdc0e3609bb6799c.html
61023 [pool-8-thread-4] INFO net.thucydides.core.reports.ReportService - Processing test outcome Login test story:As user i want to be able to see error message when i login with correct email and without password
61023 [pool-8-thread-4] INFO net.thucydides.core.reports.ReportService - net.thucydides.core.reports.html.HtmlAcceptanceTestReporter@5b1f29fa: Generating report for test outcome: Login test story:As user i want to be able to see error message when i login with correct email and without password
61023 [pool-8-thread-6] INFO net.thucydides.core.reports.ReportService - Processing test outcome Login test story:As user i want to be able to see registration page if i click on "Register now" link
61023 [pool-8-thread-6] INFO net.thucydides.core.reports.ReportService - net.thucydides.core.reports.html.HtmlAcceptanceTestReporter@5b1f29fa: Generating report for test outcome: Login test story:As user i want to be able to see registration page if i click on "Register now" link
61027 [pool-8-thread-6] INFO net.thucydides.core.reports.html.HtmlAcceptanceTestReporter - GENERATING HTML REPORT FOR Login test story:As user i want to be able to see registration page if i click on "Register now" link => f4c2ba3b6425b5eb210c029ce34358904796d2012f62c89529d2da63daa31909.html
61027 [pool-8-thread-7] INFO net.thucydides.core.reports.ReportService - Processing test outcome Login test story:As user i want to be able to choose russian version of the site
61027 [pool-8-thread-7] INFO net.thucydides.core.reports.ReportService - net.thucydides.core.reports.html.HtmlAcceptanceTestReporter@5b1f29fa: Generating report for test outcome: Login test story:As user i want to be able to choose russian version of the site
61027 [pool-8-thread-8] INFO net.thucydides.core.reports.ReportService - Processing test outcome Login test story:As user i want to be able to choose english version of the site
61027 [pool-8-thread-8] INFO net.thucydides.core.reports.ReportService - net.thucydides.core.reports.html.HtmlAcceptanceTestReporter@5b1f29fa: Generating report for test outcome: Login test story:As user i want to be able to choose english version of the site
61029 [pool-8-thread-8] INFO net.thucydides.core.reports.html.HtmlAcceptanceTestReporter - GENERATING HTML REPORT FOR Login test story:As user i want to be able to choose english version of the site => ba40a67ceb512d063aa96a5bcb0bc1be48d8a120aa6fb5aa40f5ea369fbdb1cb.html
61030 [pool-8-thread-7] INFO net.thucydides.core.reports.html.HtmlAcceptanceTestReporter - GENERATING HTML REPORT FOR Login test story:As user i want to be able to choose russian version of the site => bbc4a130a79451d286a83f93174c4e60249e04b3a2a2a999ca8271d9ae2fbd67.html
61032 [pool-8-thread-5] INFO net.thucydides.core.reports.ReportService - Processing test outcome Login test story:As user i want to be able to see error message when i login with correct password and without email
61032 [pool-8-thread-5] INFO net.thucydides.core.reports.ReportService - net.thucydides.core.reports.html.HtmlAcceptanceTestReporter@5b1f29fa: Generating report for test outcome: Login test story:As user i want to be able to see error message when i login with correct password and without email
61037 [pool-8-thread-5] INFO net.thucydides.core.reports.html.HtmlAcceptanceTestReporter - GENERATING HTML REPORT FOR Login test story:As user i want to be able to see error message when i login with correct password and without email => 75e4bcd5468d2cdd6df87c48537430492e23b9c5282f54d4e83c137d5ae78327.html
61037 [pool-8-thread-4] INFO net.thucydides.core.reports.html.HtmlAcceptanceTestReporter - GENERATING HTML REPORT FOR Login test story:As user i want to be able to see error message when i login with correct email and without password => b60bcdb2279d522ae5aab6b133a3a514888728cc5fd8c218dca3394494fbdcbe.html
61048 [pool-8-thread-4] INFO net.thucydides.core.reports.ReportService - Report generated for Login test story:As user i want to be able to see error message when i login with correct email and without password
61048 [pool-8-thread-4] INFO net.thucydides.core.reports.ReportService - Processing test outcome Login test story:As user i want to be able to choose ukrainian version of the site
61048 [pool-8-thread-4] INFO net.thucydides.core.reports.ReportService - net.thucydides.core.reports.html.HtmlAcceptanceTestReporter@5b1f29fa: Generating report for test outcome: Login test story:As user i want to be able to choose ukrainian version of the site
61050 [pool-8-thread-4] INFO net.thucydides.core.reports.html.HtmlAcceptanceTestReporter - GENERATING HTML REPORT FOR Login test story:As user i want to be able to choose ukrainian version of the site => 837952de65579dd717fffd271090abcbad3c183a2bee487556d5806d19a2b6ac.html
61057 [pool-8-thread-4] INFO net.thucydides.core.reports.ReportService - Report generated for Login test story:As user i want to be able to choose ukrainian version of the site
61057 [pool-8-thread-4] INFO net.thucydides.core.reports.ReportService - Processing test outcome Login test story:As user i want to be able to get to the DA site when i click on the link
61057 [pool-8-thread-4] INFO net.thucydides.core.reports.ReportService - net.thucydides.core.reports.html.HtmlAcceptanceTestReporter@5b1f29fa: Generating report for test outcome: Login test story:As user i want to be able to get to the DA site when i click on the link
61071 [pool-8-thread-4] INFO net.thucydides.core.reports.html.HtmlAcceptanceTestReporter - GENERATING HTML REPORT FOR Login test story:As user i want to be able to get to the DA site when i click on the link => 5ba040212ad52dcc66edfc7449193bd3dcd4997a0d758d7a2b87b3c4406abc14.html
61078 [pool-8-thread-4] INFO net.thucydides.core.reports.ReportService - Report generated for Login test story:As user i want to be able to get to the DA site when i click on the link
61078 [pool-8-thread-4] INFO net.thucydides.core.reports.ReportService - Processing test outcome Login test story:As user i want to be able to get to the GitHub's project page when i click on the link
61078 [pool-8-thread-4] INFO net.thucydides.core.reports.ReportService - net.thucydides.core.reports.html.HtmlAcceptanceTestReporter@5b1f29fa: Generating report for test outcome: Login test story:As user i want to be able to get to the GitHub's project page when i click on the link
61095 [pool-8-thread-6] INFO net.thucydides.core.reports.ReportService - Report generated for Login test story:As user i want to be able to see registration page if i click on "Register now" link
61095 [pool-8-thread-6] INFO net.thucydides.core.reports.ReportService - Processing test outcome Login test story:As user i want to be able to get to the Twitter's project page when i click on the link
61095 [pool-8-thread-8] INFO net.thucydides.core.reports.ReportService - Report generated for Login test story:As user i want to be able to choose english version of the site
61095 [pool-8-thread-6] INFO net.thucydides.core.reports.ReportService - net.thucydides.core.reports.html.HtmlAcceptanceTestReporter@5b1f29fa: Generating report for test outcome: Login test story:As user i want to be able to get to the Twitter's project page when i click on the link
61095 [pool-8-thread-8] INFO net.thucydides.core.reports.ReportService - Processing test outcome Login test story:As user i want to see that email address of project is correct
61095 [pool-8-thread-8] INFO net.thucydides.core.reports.ReportService - net.thucydides.core.reports.html.HtmlAcceptanceTestReporter@5b1f29fa: Generating report for test outcome: Login test story:As user i want to see that email address of project is correct
61095 [pool-8-thread-7] INFO net.thucydides.core.reports.ReportService - Report generated for Login test story:As user i want to be able to choose russian version of the site
61096 [pool-8-thread-7] INFO net.thucydides.core.reports.ReportService - Processing test outcome Registration test story:As user i want to be able to see E-mail confirmation message when i register with correct credentials
61096 [pool-8-thread-7] INFO net.thucydides.core.reports.ReportService - net.thucydides.core.reports.html.HtmlAcceptanceTestReporter@5b1f29fa: Generating report for test outcome: Registration test story:As user i want to be able to see E-mail confirmation message when i register with correct credentials
61100 [pool-8-thread-7] INFO net.thucydides.core.reports.html.HtmlAcceptanceTestReporter - GENERATING HTML REPORT FOR Registration test story:As user i want to be able to see E-mail confirmation message when i register with correct credentials => c849ed38be2f3ac51be48c7bc4de30281f32ba1bcb51b909d24bd863a0e2f840.html
61095 [pool-8-thread-5] INFO net.thucydides.core.reports.ReportService - Report generated for Login test story:As user i want to be able to see error message when i login with correct password and without email
61102 [pool-8-thread-5] INFO net.thucydides.core.reports.ReportService - Processing test outcome Registration test story:As user i want to be able to see 7 warrning message about blank fields when i register without any credentials
61102 [pool-8-thread-5] INFO net.thucydides.core.reports.ReportService - net.thucydides.core.reports.html.HtmlAcceptanceTestReporter@5b1f29fa: Generating report for test outcome: Registration test story:As user i want to be able to see 7 warrning message about blank fields when i register without any credentials
61096 [pool-8-thread-3] INFO net.thucydides.core.reports.ReportService - Processing test outcome Login test story:As user i want to be able to see error message when i login with wrong credentials
61105 [pool-8-thread-3] INFO net.thucydides.core.reports.ReportService - net.thucydides.core.reports.html.HtmlAcceptanceTestReporter@5b1f29fa: Generating report for test outcome: Login test story:As user i want to be able to see error message when i login with wrong credentials
61105 [pool-8-thread-8] INFO net.thucydides.core.reports.html.HtmlAcceptanceTestReporter - GENERATING HTML REPORT FOR Login test story:As user i want to see that email address of project is correct => c4e5c79681e9032525284758c0a3ee3a33f3e575cc31a8e3b7b8ad5b32ad5991.html
61107 [pool-8-thread-3] INFO net.thucydides.core.reports.html.HtmlAcceptanceTestReporter - GENERATING HTML REPORT FOR Login test story:As user i want to be able to see error message when i login with wrong credentials => e103f3b81d1399b6b1202810aa437605475e53823ad48f158458ebd9cd4e88ba.html
61096 [pool-8-thread-1] INFO net.thucydides.core.reports.ReportService - Report generated for Login test story:Login as valid user
61108 [pool-8-thread-1] INFO net.thucydides.core.reports.ReportService - Processing test outcome Registration test story:As user i want to be able to see Resend email button when i register with correct credentials
61108 [pool-8-thread-1] INFO net.thucydides.core.reports.ReportService - net.thucydides.core.reports.html.HtmlAcceptanceTestReporter@5b1f29fa: Generating report for test outcome: Registration test story:As user i want to be able to see Resend email button when i register with correct credentials
61110 [pool-8-thread-1] INFO net.thucydides.core.reports.html.HtmlAcceptanceTestReporter - GENERATING HTML REPORT FOR Registration test story:As user i want to be able to see Resend email button when i register with correct credentials => 01264d3db62dfd5f7b6c47f2d790402b8cd0524050046a67858002741f0a7d96.html
61116 [pool-8-thread-1] INFO net.thucydides.core.reports.ReportService - Report generated for Registration test story:As user i want to be able to see Resend email button when i register with correct credentials
61141 [pool-8-thread-6] INFO net.thucydides.core.reports.html.HtmlAcceptanceTestReporter - GENERATING HTML REPORT FOR Login test story:As user i want to be able to get to the Twitter's project page when i click on the link => e1b219fe6c04ce6fc7c8e31b9340ec6ffe8d77d78cfc848acaff27af84cc9cc0.html
61148 [pool-8-thread-6] INFO net.thucydides.core.reports.ReportService - Report generated for Login test story:As user i want to be able to get to the Twitter's project page when i click on the link
61155 [pool-8-thread-4] INFO net.thucydides.core.reports.html.HtmlAcceptanceTestReporter - GENERATING HTML REPORT FOR Login test story:As user i want to be able to get to the GitHub's project page when i click on the link => b440fd9a5029f195156d3acda544388248be23a2463616f8d2dcc129f8677a27.html
61173 [pool-8-thread-5] INFO net.thucydides.core.reports.html.HtmlAcceptanceTestReporter - GENERATING HTML REPORT FOR Registration test story:As user i want to be able to see 7 warrning message about blank fields when i register without any credentials => ff6c7198cddef62ee7b114472f0505689fba8688813e4849e70eaed1bd9f43d2.html
61180 [pool-8-thread-5] INFO net.thucydides.core.reports.ReportService - Report generated for Registration test story:As user i want to be able to see 7 warrning message about blank fields when i register without any credentials
61221 [pool-8-thread-2] INFO net.thucydides.core.reports.html.HtmlAcceptanceTestReporter - GENERATING HTML REPORT FOR Login test story:As user i want to be able to see error message when i login without any credentials => 4beffae17f8fb6f2faa38fae281fa7b6e5f7204abf2cf24ae14c14a702ea819c.html
61225 [pool-8-thread-8] INFO net.thucydides.core.reports.ReportService - Report generated for Login test story:As user i want to see that email address of project is correct
61227 [pool-8-thread-3] INFO net.thucydides.core.reports.ReportService - Report generated for Login test story:As user i want to be able to see error message when i login with wrong credentials
61228 [pool-8-thread-7] INFO net.thucydides.core.reports.ReportService - Report generated for Registration test story:As user i want to be able to see E-mail confirmation message when i register with correct credentials
61235 [pool-8-thread-4] INFO net.thucydides.core.reports.ReportService - Report generated for Login test story:As user i want to be able to get to the GitHub's project page when i click on the link
61237 [pool-8-thread-2] INFO net.thucydides.core.reports.ReportService - Report generated for Login test story:As user i want to be able to see error message when i login without any credentials
61280 [main] INFO net.thucydides.core.reports.ReportService - Reports generated in: 267
Generating reports view to 'c:\Users\oshchegula\workspace2\icpc\target\jbehave' using formats '[stats, console, html, xml, thucydidesreporter, junitscenarioreporter]' and view properties '{decorateNonHtml=true}'
Reports view generated with 2 stories (of which 0 pending) containing 16 scenarios (of which 0 pending)
Failures in reports view: 4 scenarios failed
Tests run: 67, Failures: 4, Errors: 0, Skipped: 0, Time elapsed: 27.816 sec <<< FAILURE!

Results :

Failed tests:   Then user should be sent to DataArt page(com.dataart.jbehave.LoginTestSuite): expected:<[]> but was:<[DataArt - ?????????? ???????????? ??????????? ?? ?????. ???????? ????????????, ?????? ??? ???????????? ? ??????????, ????????.]>
  Then user should be sent to GitHub\'s project page(com.dataart.jbehave.LoginTestSuite): expected:<[]> but was:<[uaoleg/icpc.org.ua · GitHub]>
  Then user should be sent to Twitter\'s project page(com.dataart.jbehave.LoginTestSuite): expected:<[]> but was:<[icpc.org.ua (IcpcOrgUa) on Twitter]>
  Then user should be sent to DataArt page(com.dataart.jbehave.LoginTestSuite): expected:<[]> but was:<[DataArt - ?????????? ???????????? ??????????? ?? ?????. ???????? ????????????, ?????? ??? ???????????? ? ??????????, ????????.]>
  Then user should be sent to GitHub\'s project page(com.dataart.jbehave.LoginTestSuite): expected:<[]> but was:<[uaoleg/icpc.org.ua · GitHub]>
  Then user should be sent to Twitter\'s project page(com.dataart.jbehave.LoginTestSuite): expected:<[]> but was:<[icpc.org.ua (IcpcOrgUa) on Twitter]>
  Then user should see 7 warrning messages about blank fields(com.dataart.jbehave.RegistrationTestSuite): expected:<0> but was:<7>

Tests run: 135, Failures: 7, Errors: 0, Skipped: 0

[WARNING] File encoding has not been set, using platform encoding Cp1252, i.e. build is platform dependent!
[INFO]                                                                         
[INFO] ------------------------------------------------------------------------
[INFO] Building Sample Thucydides project 0.0.1-SNAPSHOT
[INFO] ------------------------------------------------------------------------
[INFO] 
[INFO] --- maven-thucydides-plugin:0.9.262:aggregate (default-cli) @ icpc ---
[INFO] LOADING LOCAL THUCYDIDES PROPERTIES FROM c:\Users\oshchegula\workspace2\icpc\thucydides.properties 
[INFO] thucydides.take.screenshots=FOR_FAILURES
[INFO] LOADING LOCAL THUCYDIDES PROPERTIES FROM c:\Users\oshchegula\workspace2\icpc\thucydides.properties 
[INFO] Reading requirements from net.thucydides.core.requirements.FileSystemRequirementsTagProvider@10f405ff
[INFO] Reading requirements from net.thucydides.core.requirements.PackageAnnotationBasedTagProvider@7f27f59b
[INFO] Requirements found:[]
[INFO] Generating release reports for: []
[INFO] ------------------------------------------------------------------------
[INFO] BUILD SUCCESS
[INFO] ------------------------------------------------------------------------
[INFO] Total time: 1:07.808s
[INFO] Finished at: Wed Aug 13 16:32:18 EEST 2014
[INFO] Final Memory: 21M/135M
[INFO] ------------------------------------------------------------------------
